11.07.2017 15:57:49; WARNING; 0; Client started
11.07.2017 15:57:49; WARNING; 0; GpsGate client started
11.07.2017 15:57:49; WARNING; 0; GpsGate Data Should Received
11.07.2017 15:57:54; DEBUG; 0; $FRCMD,351608080786291,_SendMessage,,2247.86789,N,7550.84015,E,0,0,189,110717,102306.000,1,Button1=1*30
11.07.2017 15:57:54; DEBUG; 0; $FRCMD,351608080786291,_SendMessage,,2247.89604,N,7550.84198,E,0,21.5982721382289,183,110717,102140.000,1,Button1=1*71
11.07.2017 15:58:38; WARNING; 0; Client started
11.07.2017 15:58:38; WARNING; 0; GpsGate client started
11.07.2017 15:58:38; WARNING; 0; GpsGate Data Should Received
11.07.2017 15:58:43; DEBUG; 0; $FRCMD,351608080786291,_SendMessage,,2247.95143,N,7550.84473,E,0,15.1187904967603,182,110717,102130.000,1,Button1=1*1F
11.07.2017 15:58:43; DEBUG; 0; $FRCMD,351608080786291,_SendMessage,,2247.98565,N,7550.84885,E,0,7.55939524838013,178,110717,102120.000,1,Button1=1*2A
11.07.2017 16:31:53; WARNING; 0; Client started
11.07.2017 16:31:53; WARNING; 0; GpsGate client started
11.07.2017 16:31:53; WARNING; 0; GpsGate Data Should Received
11.07.2017 16:31:58; DEBUG; 0; $FRCMD,351608080786291,_SendMessage,,2244.79103,N,7554.19052,E,0,18.8984881209503,186,110717,110147.000,1,Button1=1*19
11.07.2017 16:31:58; DEBUG; 0; $FRCMD,351608080786291,_SendMessage,,2244.84356,N,7554.19830,E,0,18.3585313174946,190,110717,110137.000,1,Button1=1*53
11.07.2017 16:32:17; WARNING; 0; Client started
11.07.2017 16:32:17; WARNING; 0; GpsGate client started
11.07.2017 16:32:17; WARNING; 0; GpsGate Data Should Received
11.07.2017 16:32:22; DEBUG; 0; $FRCMD,351608080786291,_SendMessage,,2244.71195,N,7554.17770,E,0,8.63930885529158,179,110717,110217.000,1,Button1=1*19
11.07.2017 16:32:22; DEBUG; 0; $FRCMD,351608080786291,_SendMessage,,2244.74491,N,7554.18411,E,0,13.4989200863931,185,110717,110157.000,1,Button1=1*53
11.07.2017 16:46:20; WARNING; 0; Client started
11.07.2017 16:46:20; WARNING; 0; GpsGate client started
11.07.2017 16:46:20; WARNING; 0; GpsGate Data Should Received
11.07.2017 16:46:25; DEBUG; 0; $FRCMD,351608080786291,_SendMessage,,2242.41158,N,7554.34845,E,0,15.658747300216,171,110717,111603.000,1,Button1=1*20
11.07.2017 16:46:25; DEBUG; 0; $FRCMD,351608080786291,_SendMessage,,2242.68555,N,7554.35623,E,0,6.47948164146868,169,110717,111513.000,1,Button1=1*60
