10.11.2017 12:20:32; WARNING; 0; Client started
10.11.2017 12:20:32; WARNING; 0; GpsGate client started
10.11.2017 12:20:32; WARNING; 0; GpsGate Data Should Received
10.11.2017 12:20:36; INFO; 0; $FRCMD,358735070555932,_SendMessage,,2245.23506,N,7549.91913,E,0,9.1792656587473,324,101117,064840.000,1,Button1=1,Button2=0,*2B
10.11.2017 12:23:53; INFO; 0; 1 point sent of 1.Times for query/session/delete:198398.4344/-196666.228/196666.228
10.11.2017 12:23:56; INFO; 0; $FRCMD,358735070736789,_SendMessage,,2244.75395,N,7548.88458,E,0,0,141,101117,065356.407,1,Button1=1,Button2=1,*19
10.11.2017 12:24:57; INFO; 0; 1 point sent of 1.Times for query/session/delete:61329.5672/-60726.0383/60726.0383
10.11.2017 12:24:57; INFO; 0; $FRCMD,358735070745343,_SendMessage,,2242.93205,N,7550.44235,E,0,4.31965442764579,169,101117,065429.000,1,Button1=1,Button2=0,*76
10.11.2017 12:28:00; INFO; 0; 1 point sent of 1.Times for query/session/delete:183464.6927/-182876.1385/182876.1385
10.11.2017 12:28:01; INFO; 0; $FRCMD,358735070862635,_SendMessage,,2243.24024,N,7550.46112,E,0,10.7991360691145,87,101117,065636.000,1,Button1=1,Button2=0,*52
10.11.2017 12:30:36; INFO; 0; 1 point sent of 1.Times for query/session/delete:156057.112/-155468.0628/155468.0628
10.11.2017 12:30:37; INFO; 0; $FRCMD,358735070517833,_SendMessage,,2242.15214,N,7551.72363,E,0,8.09935205183585,337,101117,065951.000,1,Button1=1,Button2=0,*63
10.11.2017 12:30:41; INFO; 0; 1 point sent of 1.Times for query/session/delete:4207.4402/-3306.7759/3306.7759
10.11.2017 12:30:42; INFO; 0; $FRCMD,358735070559256,_SendMessage,,2244.78977,N,7551.97815,E,0,10.7991360691145,280,101117,065950.000,1,Button1=1,Button2=0,*57
10.11.2017 12:30:43; INFO; 0; 1 point sent of 1.Times for query/session/delete:1039.6952/-517.1294/517.1294
10.11.2017 12:30:44; INFO; 0; $FRCMD,358735070732036,_SendMessage,,2243.67649,N,7551.77719,E,0,9.71922246220302,194,101117,070043.000,1,Button1=1,Button2=0,*5A
10.11.2017 12:30:44; INFO; 0; 1 point sent of 1.Times for query/session/delete:1063.0613/-520.8789/520.8789
10.11.2017 12:30:45; INFO; 0; $FRCMD,358735070734628,_SendMessage,,2243.42358,N,7551.55609,E,0,3.77969762419006,88,101117,070024.000,1,Button1=1,Button2=0,*23
10.11.2017 12:30:46; INFO; 0; 1 point sent of 1.Times for query/session/delete:1207.1082/-609.7491/609.7491
10.11.2017 12:30:46; INFO; 0; $FRCMD,358735070530646,_SendMessage,,2242.63062,N,7550.51743,E,0,22.6781857451404,188,101117,065944.000,1,Button1=1,Button2=0,*6D
10.11.2017 12:30:47; INFO; 0; 1 point sent of 1.Times for query/session/delete:1043.6014/-516.987/516.987
10.11.2017 12:30:47; INFO; 0; $FRCMD,358735070551261,_SendMessage,,2238.36403,N,7553.29880,E,0,0,8,101117,070047.856,1,Button1=1,Button2=1,*26
10.11.2017 12:30:48; INFO; 0; 1 point sent of 1.Times for query/session/delete:1204.6144/-609.7566/609.7566
10.11.2017 12:30:49; INFO; 0; $FRCMD,358735070531214,_SendMessage,,2245.31712,N,7552.69958,E,0,9.1792656587473,334,101117,070039.000,1,Button1=1,Button2=0,*75
10.11.2017 12:30:50; INFO; 0; 1 point sent of 1.Times for query/session/delete:1215.2307/-614.1197/614.1197
10.11.2017 12:30:50; INFO; 0; $FRCMD,358735070546139,_SendMessage,,2242.48001,N,7551.17249,E,0,0,64,101117,070050.844,1,Button1=0,Button2=1,*62
10.11.2017 12:30:51; INFO; 0; 1 point sent of 1.Times for query/session/delete:1038.936/-515.5041/515.5041
10.11.2017 12:30:52; INFO; 0; $FRCMD,358735070745749,_SendMessage,,2241.01974,N,7550.13565,E,0,4.85961123110151,283,101117,070047.000,1,Button1=1,Button2=0,*41
10.11.2017 12:30:52; INFO; 0; 1 point sent of 1.Times for query/session/delete:1209.7674/-616.8713/616.8713
10.11.2017 12:30:53; INFO; 0; $FRCMD,358735070162572,_SendMessage,,2240.76534,N,7552.60620,E,0,8.09935205183585,341,101117,070041.000,1,Button1=1,Button2=0,*50
10.11.2017 12:30:53; INFO; 0; 1 point sent of 1.Times for query/session/delete:1039.2278/-517.2595/517.2595
10.11.2017 12:30:54; INFO; 0; $FRCMD,358735070734727,_SendMessage,,2244.29756,N,7552.98569,E,0,6.47948164146868,302,101117,070048.000,1,Button1=1,Button2=0,*54
10.11.2017 12:30:55; INFO; 0; 1 point sent of 1.Times for query/session/delete:1042.4568/-520.6469/520.6469
10.11.2017 12:30:56; INFO; 0; $FRCMD,358735070734735,_SendMessage,,2244.23141,N,7552.71286,E,0,6.47948164146868,217,101117,070054.000,1,Button1=1,Button2=0,*55
10.11.2017 12:30:56; INFO; 0; 1 point sent of 1.Times for query/session/delete:1204.8836/-609.5954/609.5954
10.11.2017 12:30:57; INFO; 0; $FRCMD,351608080786291,_SendMessage,,2247.88815,N,7550.84152,E,0,16.7386609071274,181,101117,065946.000,1,Button1=1,Button2=0,*54
10.11.2017 12:30:57; INFO; 0; 1 point sent of 1.Times for query/session/delete:1040.1451/-518.7004/518.7004
10.11.2017 12:30:58; INFO; 0; $FRCMD,358735070564280,_SendMessage,,2244.51466,N,7552.96738,E,0,16.7386609071274,218,101117,070054.000,1,Button1=1,Button2=0,*57
10.11.2017 12:30:59; INFO; 0; 1 point sent of 1.Times for query/session/delete:1208.6325/-613.8787/613.8787
10.11.2017 12:31:00; INFO; 0; $FRCMD,358735070745590,_SendMessage,,2244.82445,N,7552.28851,E,0,16.7386609071274,111,101117,070059.000,1,Button1=1,Button2=0,*5A
10.11.2017 12:31:00; INFO; 0; 1 point sent of 1.Times for query/session/delete:1222.3384/-613.7608/613.7608
10.11.2017 12:31:01; INFO; 0; $FRCMD,358735070563217,_SendMessage,,2241.66222,N,7549.71954,E,0,7.55939524838013,48,101117,065954.000,1,Button1=1,Button2=0,*26
10.11.2017 12:31:02; INFO; 0; 1 point sent of 1.Times for query/session/delete:1200.8009/-612.3944/612.3944
10.11.2017 12:31:03; INFO; 0; $FRCMD,358735070745301,_SendMessage,,2241.98116,N,7552.68036,E,0,18.3585313174946,177,101117,070000.000,1,Button1=1,Button2=0,*6C
10.11.2017 12:31:04; INFO; 0; 1 point sent of 1.Times for query/session/delete:1224.0664/-612.805/612.805
10.11.2017 12:31:04; INFO; 0; $FRCMD,358735070732630,_SendMessage,,2242.89063,N,7550.43045,E,0,3.77969762419006,2,101117,070004.000,1,Button1=1,Button2=0,*2A
10.11.2017 12:31:05; INFO; 0; 1 point sent of 1.Times for query/session/delete:1056.2575/-520.867/520.867
10.11.2017 12:31:06; INFO; 0; $FRCMD,358735070736714,_SendMessage,,2244.42677,N,7550.25421,E,0,0,282,101117,070106.118,1,Button1=1,Button2=1,*25
10.11.2017 12:31:06; INFO; 0; 1 point sent of 1.Times for query/session/delete:1201.0023/-608.1078/608.1078
10.11.2017 12:31:07; INFO; 0; $FRCMD,358735070204895,_SendMessage,,2245.69832,N,7552.46613,E,0,14.0388768898488,315,101117,070058.000,1,Button1=1,Button2=0,*74
10.11.2017 12:31:07; INFO; 0; 1 point sent of 1.Times for query/session/delete:1065.558/-530.249/530.249
10.11.2017 12:31:08; INFO; 0; $FRCMD,351608080782688,_SendMessage,,2242.03495,N,7551.78955,E,0,10.2591792656587,331,101117,070104.000,1,Button1=1,Button2=0,*51
10.11.2017 12:31:09; INFO; 0; 1 point sent of 1.Times for query/session/delete:1208.4163/-615.344/615.344
10.11.2017 12:31:09; INFO; 0; $FRCMD,358735070734230,_SendMessage,,2241.33366,N,7553.08502,E,0,0,278,101117,070109.660,1,Button1=1,Button2=1,*5E
10.11.2017 12:31:10; INFO; 0; 1 point sent of 1.Times for query/session/delete:1048.2286/-523.3746/523.3746
10.11.2017 12:31:11; INFO; 0; $FRCMD,358735070034508,_SendMessage,,2241.51344,N,7553.92410,E,0,10.7991360691145,228,101117,070100.000,1,Button1=1,Button2=0,*0A
10.11.2017 12:31:11; INFO; 0; 1 point sent of 1.Times for query/session/delete:1045.8061/-524.352/524.352
10.11.2017 12:31:12; INFO; 0; $FRCMD,358735070551220,_SendMessage,,2243.20236,N,7554.35394,E,0,3.77969762419006,112,101117,070104.000,1,Button1=1,Button2=0,*2A
10.11.2017 12:31:13; INFO; 0; 1 point sent of 1.Times for query/session/delete:1204.181/-609.8682/609.8682
10.11.2017 12:31:13; INFO; 0; $FRCMD,358735070745376,_SendMessage,,2240.42774,N,7552.79755,E,0,4.31965442764579,332,101117,070015.000,1,Button1=1,Button2=0,*2C
10.11.2017 12:31:14; INFO; 0; 1 point sent of 1.Times for query/session/delete:1044.1162/-519.452/519.452
10.11.2017 12:31:14; INFO; 0; $FRCMD,358735070024814,_SendMessage,,2244.03149,N,7554.11682,E,0,22.6781857451404,175,101117,070107.000,1,Button1=1,Button2=0,*25
10.11.2017 12:31:15; INFO; 0; 1 point sent of 1.Times for query/session/delete:1207.4339/-612.8691/612.8691
10.11.2017 12:31:16; INFO; 0; $FRCMD,358735070033054,_SendMessage,,2244.74411,N,7554.17633,E,0,7.55939524838013,8,101117,070113.000,1,Button1=1,Button2=0,*57
10.11.2017 12:31:16; INFO; 0; 1 point sent of 1.Times for query/session/delete:1046.1216/-518.4047/518.4047
10.11.2017 12:31:17; INFO; 0; $FRCMD,358735070564272,_SendMessage,,2242.44534,N,7552.72202,E,0,9.1792656587473,1,101117,070115.000,1,Button1=1,Button2=0,*56
10.11.2017 12:31:18; INFO; 0; 1 point sent of 1.Times for query/session/delete:1044.7751/-520.4207/520.4207
10.11.2017 12:31:18; INFO; 0; $FRCMD,358735070745640,_SendMessage,,2244.41040,N,7552.81448,E,0,14.5788336933045,130,101117,065950.000,1,Button1=1,Button2=0,*64
10.11.2017 12:31:19; INFO; 0; 1 point sent of 1.Times for query/session/delete:1205.0286/-613.9555/613.9555
10.11.2017 12:31:20; INFO; 0; $FRCMD,358735070861223,_SendMessage,,2242.32563,N,7550.62271,E,0,5.93952483801296,275,101117,070113.000,1,Button1=1,Button2=0,*5C
10.11.2017 12:31:20; INFO; 0; 1 point sent of 1.Times for query/session/delete:1036.4304/-518.9401/518.9401
10.11.2017 12:31:21; INFO; 0; $FRCMD,358735070734784,_SendMessage,,2243.66070,N,7555.92087,E,0,0,248,101117,070121.214,1,Button1=0,Button2=1,*2F
10.11.2017 12:31:21; INFO; 0; 1 point sent of 1.Times for query/session/delete:1208.2415/-610.7506/610.7506
10.11.2017 12:31:22; INFO; 0; $FRCMD,358735070161608,_SendMessage,,2242.77905,N,7551.35696,E,0,8.63930885529158,11,101117,070120.000,1,Button1=1,Button2=0,*00
10.11.2017 12:31:22; INFO; 0; 1 point sent of 1.Times for query/session/delete:1042.9664/-520.5406/520.5406
10.11.2017 12:31:23; INFO; 0; $FRCMD,358735070205629,_SendMessage,,2243.24070,N,7552.47208,E,0,8.63930885529158,251,101117,070020.000,1,Button1=1,Button2=0,*64
10.11.2017 12:31:24; INFO; 0; 1 point sent of 1.Times for query/session/delete:1210.4531/-614.3617/614.3617
10.11.2017 12:31:24; INFO; 0; $FRCMD,358735070551345,_SendMessage,,2244.51557,N,7552.64145,E,0,16.7386609071274,122,101117,070122.000,1,Button1=1,Button2=0,*5A
10.11.2017 12:31:25; INFO; 0; 1 point sent of 1.Times for query/session/delete:1045.1604/-522.1496/522.1496
10.11.2017 12:31:26; INFO; 0; $FRCMD,358735070736771,_SendMessage,,2242.76714,N,7552.72705,E,0,7.01943844492441,278,101117,070053.000,1,Button1=1,Button2=0,*2A
10.11.2017 12:31:26; INFO; 0; 1 point sent of 1.Times for query/session/delete:1210.3654/-610.4555/610.4555
10.11.2017 12:31:27; INFO; 0; $FRCMD,358735070205173,_SendMessage,,2243.41648,N,7553.11020,E,0,10.7991360691145,65,101117,070109.000,1,Button1=1,Button2=0,*2E
10.11.2017 12:31:27; INFO; 0; 1 point sent of 1.Times for query/session/delete:1048.5163/-519.3828/519.3828
10.11.2017 12:31:28; INFO; 0; $FRCMD,358735070530885,_SendMessage,,2245.34229,N,7553.82294,E,0,12.4190064794816,185,101117,070125.000,1,Button1=1,Button2=0,*10
10.11.2017 12:31:29; INFO; 0; 1 point sent of 1.Times for query/session/delete:1060.5818/-521.8172/521.8172
10.11.2017 12:31:30; INFO; 0; $FRCMD,358735070862502,_SendMessage,,2244.24824,N,7554.07928,E,0,0,5,101117,070130.070,1,Button1=0,Button2=1,*52
10.11.2017 12:31:30; INFO; 0; 1 point sent of 1.Times for query/session/delete:1201.0727/-610.0936/610.0936
10.11.2017 12:31:31; INFO; 0; $FRCMD,358735070792691,_SendMessage,,2243.49808,N,7549.42474,E,0,20.5183585313175,105,101117,065900.000,1,Button1=1,Button2=0,*71
10.11.2017 12:31:31; INFO; 0; 1 point sent of 1.Times for query/session/delete:1043.1875/-521.8904/521.8904
10.11.2017 12:31:32; INFO; 0; $FRCMD,358735070791149,_SendMessage,,2240.31685,N,7552.85294,E,0,18.3585313174946,161,101117,070117.000,1,Button1=1,Button2=0,*52
10.11.2017 12:31:33; INFO; 0; 1 point sent of 1.Times for query/session/delete:1051.1882/-519.4923/519.4923
10.11.2017 12:31:34; INFO; 0; $FRCMD,358735070567960,_SendMessage,,2242.77195,N,7552.75452,E,0,7.55939524838013,115,101117,070128.000,1,Button1=1,Button2=0,*59
10.11.2017 12:31:34; INFO; 0; 1 point sent of 1.Times for query/session/delete:1230.84/-617.7812/617.7812
10.11.2017 12:31:35; INFO; 0; $FRCMD,358735070574644,_SendMessage,,2243.73325,N,7548.47992,E,0,8.63930885529158,255,101117,070113.000,1,Button1=1,Button2=0,*5C
10.11.2017 12:31:35; INFO; 0; 1 point sent of 1.Times for query/session/delete:1088.1351/-535.1709/535.1709
10.11.2017 12:31:36; INFO; 0; $FRCMD,358735070205470,_SendMessage,,2242.10842,N,7550.32425,E,0,21.0583153347732,230,101117,070040.000,1,Button1=1,Button2=0,*23
10.11.2017 12:31:37; INFO; 0; 1 point sent of 1.Times for query/session/delete:1051.6345/-523.8554/523.8554
10.11.2017 12:31:38; INFO; 0; $FRCMD,358735070745616,_SendMessage,,2243.86944,N,7550.46890,E,0,7.01943844492441,359,101117,070134.000,1,Button1=1,Button2=0,*5C
10.11.2017 12:31:38; INFO; 0; 1 point sent of 1.Times for query/session/delete:1217.6383/-614.3339/614.3339
10.11.2017 12:31:39; INFO; 0; $FRCMD,358735070736623,_SendMessage,,2243.25294,N,7551.51764,E,0,10.7991360691145,197,101117,070134.000,1,Button1=1,Button2=0,*2E
10.11.2017 12:31:40; INFO; 0; 1 point sent of 1.Times for query/session/delete:1209.4092/-612.8977/612.8977
10.11.2017 12:31:41; INFO; 0; $FRCMD,358735070164230,_SendMessage,,2243.10909,N,7551.38168,E,0,12.4190064794816,237,101117,065858.000,1,Button1=1,Button2=0,*23
10.11.2017 12:31:41; INFO; 0; 1 point sent of 1.Times for query/session/delete:1049.7699/-526.7872/526.7872
10.11.2017 12:31:42; INFO; 0; $FRCMD,358735070031470,_SendMessage,,2241.67835,N,7552.00424,E,0,12.4190064794816,150,101117,070133.000,1,Button1=1,Button2=0,*54
10.11.2017 12:31:42; INFO; 0; 1 point sent of 1.Times for query/session/delete:1214.592/-615.7308/615.7308
10.11.2017 12:31:43; INFO; 0; $FRCMD,358735070745517,_SendMessage,,2241.75594,N,7552.41760,E,0,18.3585313174946,60,101117,070134.000,1,Button1=1,Button2=0,*5C
10.11.2017 12:31:44; INFO; 0; 1 point sent of 1.Times for query/session/delete:1217.6539/-621.1705/621.1705
10.11.2017 12:31:45; INFO; 0; $FRCMD,358735070205157,_SendMessage,,2241.27666,N,7549.52545,E,0,12.4190064794816,7,101117,070034.000,1,Button1=1,Button2=0,*1B
10.11.2017 12:31:45; INFO; 0; 1 point sent of 1.Times for query/session/delete:1040.1277/-517.3708/517.3708
10.11.2017 12:31:46; INFO; 0; $FRCMD,358735070532360,_SendMessage,,2245.26070,N,7552.86621,E,0,22.6781857451404,103,101117,070144.000,1,Button1=1,Button2=0,*29
10.11.2017 12:31:46; INFO; 0; 1 point sent of 1.Times for query/session/delete:1201.7826/-609.4014/609.4014
10.11.2017 12:31:47; INFO; 0; $FRCMD,358735070851190,_SendMessage,,2240.99560,N,7552.47574,E,0,17.8185745140389,152,101117,070147.000,1,Button1=1,Button2=0,*5B
10.11.2017 12:31:48; INFO; 0; 1 point sent of 1.Times for query/session/delete:1037.5955/-519.5917/519.5917
10.11.2017 12:31:48; INFO; 0; $FRCMD,358735070730386,_SendMessage,,2245.40237,N,7552.62955,E,0,19.438444924406,323,101117,070145.000,1,Button1=1,Button2=0,*2F
10.11.2017 12:31:49; INFO; 0; 1 point sent of 1.Times for query/session/delete:1206.8304/-614.6183/614.6183
10.11.2017 12:31:49; INFO; 0; $FRCMD,358735070736698,_SendMessage,,2243.25443,N,7550.51285,E,0,14.5788336933045,207,101117,070142.000,1,Button1=1,Button2=0,*16
10.11.2017 12:31:50; INFO; 0; 1 point sent of 1.Times for query/session/delete:1046.206/-520.4737/520.4737
10.11.2017 12:31:51; INFO; 0; $FRCMD,358735070211460,_SendMessage,,2243.37402,N,7553.68927,E,0,10.2591792656587,355,101117,070144.000,1,Button1=1,Button2=0,*5A
10.11.2017 12:31:51; INFO; 0; 1 point sent of 1.Times for query/session/delete:1198.737/-612.311/612.311
10.11.2017 12:31:52; INFO; 0; $FRCMD,358735070867493,_SendMessage,,2243.61870,N,7551.76254,E,0,16.1987041036717,15,101117,070131.000,1,Button1=1,Button2=0,*24
10.11.2017 12:31:53; INFO; 0; 1 point sent of 1.Times for query/session/delete:1220.141/-624.5608/624.5608
10.11.2017 12:31:53; INFO; 0; $FRCMD,358735070745384,_SendMessage,,2244.18095,N,7552.64099,E,0,6.47948164146868,38,101117,070124.000,1,Button1=1,Button2=0,*60
10.11.2017 12:31:54; INFO; 0; 1 point sent of 1.Times for query/session/delete:1041.751/-520.4641/520.4641
10.11.2017 12:31:56; INFO; 0; $FRCMD,358735070558993,_SendMessage,,2242.00645,N,7551.30844,E,0,16.7386609071274,352,101117,065959.000,1,Button1=1,Button2=0,*6B
10.11.2017 12:31:56; INFO; 0; 1 point sent of 1.Times for query/session/delete:1206.8387/-615.3868/615.3868
10.11.2017 12:31:58; INFO; 0; $FRCMD,358735070860761,_SendMessage,,2247.86720,N,7550.82458,E,0,0,0,101117,070158.335,1,Button1=0,Button2=1,*2F
10.11.2017 12:31:58; INFO; 0; 1 point sent of 1.Times for query/session/delete:1052.8857/-519.7019/519.7019
10.11.2017 12:31:59; INFO; 0; $FRCMD,358735070861660,_SendMessage,,2241.60053,N,7552.02942,E,0,0,338,101117,070159.976,1,Button1=1,Button2=0,*0D
10.11.2017 12:32:00; INFO; 0; 1 point sent of 1.Times for query/session/delete:1050.002/-518.8762/518.8762
10.11.2017 12:32:01; INFO; 0; $FRCMD,358735070044440,_SendMessage,,2240.99125,N,7551.34369,E,0,6.47948164146868,134,101117,070145.000,1,Button1=1,Button2=0,*09
10.11.2017 12:32:01; INFO; 0; 1 point sent of 1.Times for query/session/delete:1209.5142/-615.5205/615.5205
10.11.2017 12:32:02; INFO; 0; $FRCMD,358735070170815,_SendMessage,,2242.92770,N,7550.80902,E,0,5.39956803455723,89,101117,070202.000,1,Button1=0,Button2=0,*5A
10.11.2017 12:32:02; INFO; 0; 1 point sent of 1.Times for query/session/delete:1049.8443/-519.7404/519.7404
10.11.2017 12:32:04; INFO; 0; $FRCMD,358735070789234,_SendMessage,,2243.62110,N,7552.46155,E,0,19.9784017278618,3,101117,070157.000,1,Button1=1,Button2=0,*17
10.11.2017 12:32:05; INFO; 0; 1 point sent of 1.Times for query/session/delete:1207.8909/-613.9995/613.9995
10.11.2017 12:32:05; INFO; 0; $FRCMD,358735070867428,_SendMessage,,2242.95208,N,7551.05621,E,0,10.7991360691145,261,101117,070201.000,1,Button1=1,Button2=0,*52
10.11.2017 12:32:06; INFO; 0; 1 point sent of 1.Times for query/session/delete:1043.1491/-517.9607/517.9607
10.11.2017 12:32:06; INFO; 0; $FRCMD,358735070878987,_SendMessage,,2241.01322,N,7549.33365,E,0,0,268,101117,070206.931,1,Button1=0,Button2=0,*50
10.11.2017 12:32:07; INFO; 0; 1 point sent of 1.Times for query/session/delete:1204.0747/-608.8362/608.8362
10.11.2017 12:32:08; INFO; 0; $FRCMD,358735070879787,_SendMessage,,2247.42477,N,7554.44595,E,0,16.1987041036717,195,101117,070201.000,1,Button1=1,Button2=0,*7C
10.11.2017 12:32:08; INFO; 0; 1 point sent of 1.Times for query/session/delete:1039.2125/-518.0641/518.0641
10.11.2017 12:32:09; INFO; 0; $FRCMD,358735070551279,_SendMessage,,2246.25610,N,7554.59885,E,0,0,343,101117,070209.334,1,Button1=0,Button2=1,*22
10.11.2017 12:32:09; INFO; 0; 1 point sent of 1.Times for query/session/delete:1202.5716/-611.7524/611.7524
10.11.2017 12:32:10; INFO; 0; $FRCMD,358735070555932,_SendMessage,,2244.99851,N,7550.07889,E,0,4.31965442764579,140,101117,070200.000,1,Button1=1,Button2=0,*7C
10.11.2017 12:32:11; INFO; 0; 1 point sent of 1.Times for query/session/delete:1079.0865/-524.3875/524.3875
10.11.2017 12:32:12; INFO; 0; $FRCMD,358735070736789,_SendMessage,,2244.41841,N,7549.38080,E,0,16.1987041036717,125,101117,070140.000,1,Button1=1,Button2=0,*27
10.11.2017 12:32:12; INFO; 0; 1 point sent of 1.Times for query/session/delete:1042.3141/-518.6835/518.6835
10.11.2017 12:32:13; INFO; 0; $FRCMD,358735070745343,_SendMessage,,2242.32517,N,7550.65750,E,0,4.85961123110151,93,101117,070157.000,1,Button1=1,Button2=0,*5B
10.11.2017 12:32:14; INFO; 0; 1 point sent of 1.Times for query/session/delete:1213.565/-617.9576/617.9576
10.11.2017 12:32:14; INFO; 0; $FRCMD,358735070862635,_SendMessage,,2242.90871,N,7550.45013,E,0,3.77969762419006,209,101117,070206.000,1,Button1=1,Button2=0,*10
10.11.2017 12:32:15; INFO; 0; 1 point sent of 1.Times for query/session/delete:1040.5027/-518.9977/518.9977
10.11.2017 12:32:15; INFO; 0; $FRCMD,358735070517833,_SendMessage,,2242.46101,N,7551.48331,E,0,12.4190064794816,268,101117,070211.000,1,Button1=1,Button2=0,*57
10.11.2017 12:32:16; INFO; 0; 1 point sent of 1.Times for query/session/delete:1207.8845/-614.0614/614.0614
10.11.2017 12:32:17; INFO; 0; $FRCMD,358735070551246,_SendMessage,,2242.83890,N,7551.30936,E,0,17.2786177105832,295,101117,065956.000,1,Button1=1,Button2=0,*5C
10.11.2017 12:32:17; INFO; 0; 1 point sent of 1.Times for query/session/delete:1041.0437/-518.9017/518.9017
10.11.2017 12:32:18; INFO; 0; $FRCMD,358735070559256,_SendMessage,,2244.79355,N,7551.73141,E,0,7.01943844492441,188,101117,070210.000,1,Button1=1,Button2=0,*2F
10.11.2017 12:32:19; INFO; 0; 1 point sent of 1.Times for query/session/delete:1044.9426/-518.2127/518.2127
10.11.2017 12:32:19; INFO; 0; $FRCMD,358735070730352,_SendMessage,,2244.89208,N,7552.14706,E,0,3.77969762419006,10,101117,070217.000,1,Button1=1,Button2=0,*27
10.11.2017 12:32:20; INFO; 0; 1 point sent of 1.Times for query/session/delete:1213.4964/-615.6662/615.6662
10.11.2017 12:32:21; INFO; 0; $FRCMD,358735070732036,_SendMessage,,2243.44097,N,7551.73187,E,0,4.31965442764579,203,101117,070213.000,1,Button1=1,Button2=0,*6A
10.11.2017 12:32:21; INFO; 0; 1 point sent of 1.Times for query/session/delete:1044.2702/-514.4377/514.4377
10.11.2017 12:32:22; INFO; 0; $FRCMD,358735070734628,_SendMessage,,2243.46294,N,7551.73325,E,0,4.31965442764579,5,101117,070214.000,1,Button1=1,Button2=0,*2C
10.11.2017 12:32:22; INFO; 0; 1 point sent of 1.Times for query/session/delete:1206.5215/-608.732/608.732
10.11.2017 12:32:23; INFO; 0; $FRCMD,358735070530646,_SendMessage,,2242.63062,N,7550.51743,E,0,22.6781857451404,188,101117,065944.000,1,Button1=1,Button2=0,*2F
10.11.2017 12:32:24; INFO; 0; 1 point sent of 1.Times for query/session/delete:1044.6535/-515.9616/515.9616
10.11.2017 12:32:24; INFO; 0; $FRCMD,358735070551261,_SendMessage,,2238.36403,N,7553.29880,E,0,0,8,101117,070224.647,1,Button1=1,Button2=1,*20
10.11.2017 12:32:25; INFO; 0; 1 point sent of 1.Times for query/session/delete:1202.608/-610.3681/610.3681
10.11.2017 12:32:26; INFO; 0; $FRCMD,358735070531214,_SendMessage,,2245.52929,N,7552.56317,E,0,8.09935205183585,352,101117,070209.000,1,Button1=1,Button2=0,*7A
10.11.2017 12:32:27; INFO; 0; 1 point sent of 1.Times for query/session/delete:1211.3977/-610.7817/610.7817
10.11.2017 12:32:27; INFO; 0; $FRCMD,358735070546139,_SendMessage,,2242.48001,N,7551.17249,E,0,0,64,101117,070227.638,1,Button1=0,Button2=1,*29
10.11.2017 12:32:28; INFO; 0; 1 point sent of 1.Times for query/session/delete:1038.0954/-517.9551/517.9551
10.11.2017 12:32:28; INFO; 0; $FRCMD,358735070745749,_SendMessage,,2241.02924,N,7549.75296,E,0,5.39956803455723,341,101117,070217.000,1,Button1=1,Button2=0,*49
10.11.2017 12:32:29; INFO; 0; 1 point sent of 1.Times for query/session/delete:1211.149/-616.225/616.225
10.11.2017 12:32:30; INFO; 0; $FRCMD,358735070162572,_SendMessage,,2241.11038,N,7552.39288,E,0,9.1792656587473,284,101117,070227.000,1,Button1=1,Button2=0,*5B
10.11.2017 12:32:30; INFO; 0; 1 point sent of 1.Times for query/session/delete:1070.6478/-521.6699/521.6699
10.11.2017 12:32:31; INFO; 0; $FRCMD,358735070734727,_SendMessage,,2244.36726,N,7552.88177,E,0,12.9589632829374,295,101117,070118.000,1,Button1=1,Button2=0,*1F
10.11.2017 12:32:32; INFO; 0; 1 point sent of 1.Times for query/session/delete:1040.7557/-518.1449/518.1449
10.11.2017 12:32:32; INFO; 0; $FRCMD,358735070734735,_SendMessage,,2244.10450,N,7552.57050,E,0,12.4190064794816,215,101117,070229.000,1,Button1=1,Button2=0,*27
10.11.2017 12:32:33; INFO; 0; 1 point sent of 1.Times for query/session/delete:1197.7712/-608.8478/608.8478
10.11.2017 12:32:33; INFO; 0; $FRCMD,351608080786291,_SendMessage,,2247.88815,N,7550.84152,E,0,16.7386609071274,181,101117,065946.000,1,Button1=1,Button2=0,*5D
10.11.2017 12:32:34; INFO; 0; 1 point sent of 1.Times for query/session/delete:1054.753/-527.3165/527.3165
10.11.2017 12:32:35; INFO; 0; $FRCMD,358735070564280,_SendMessage,,2244.39552,N,7552.86942,E,0,0,211,101117,070235.150,1,Button1=1,Button2=0,*27
10.11.2017 12:32:35; INFO; 0; 1 point sent of 1.Times for query/session/delete:1207.4458/-613.6863/613.6863
10.11.2017 12:32:36; INFO; 0; $FRCMD,358735070745590,_SendMessage,,2244.70211,N,7552.30225,E,0,7.01943844492441,221,101117,070209.000,1,Button1=1,Button2=0,*74
10.11.2017 12:32:37; INFO; 0; 1 point sent of 1.Times for query/session/delete:1206.7304/-615.9172/615.9172
10.11.2017 12:32:38; INFO; 0; $FRCMD,358735070539480,_SendMessage,,2242.26875,N,7550.58701,E,0,21.0583153347732,24,101117,070126.000,1,Button1=1,Button2=0,*57
10.11.2017 12:32:38; INFO; 0; 1 point sent of 1.Times for query/session/delete:1060.6235/-522.9363/522.9363
10.11.2017 12:32:39; INFO; 0; $FRCMD,358735070563217,_SendMessage,,2241.66222,N,7549.71954,E,0,7.55939524838013,48,101117,065954.000,1,Button1=1,Button2=0,*66
10.11.2017 12:32:39; INFO; 0; 1 point sent of 1.Times for query/session/delete:1206.2129/-610.5751/610.5751
10.11.2017 12:32:41; INFO; 0; $FRCMD,358735070745301,_SendMessage,,2241.76201,N,7552.78061,E,0,5.93952483801296,151,101117,070240.000,1,Button1=1,Button2=0,*68
10.11.2017 12:32:41; INFO; 0; 1 point sent of 1.Times for query/session/delete:1210.9832/-616.0221/616.0221
10.11.2017 12:32:42; INFO; 0; $FRCMD,358735070732630,_SendMessage,,2243.04878,N,7550.44785,E,0,9.71922246220302,349,101117,070234.000,1,Button1=1,Button2=0,*55
10.11.2017 12:32:42; INFO; 0; 1 point sent of 1.Times for query/session/delete:1050.6724/-522.495/522.495
10.11.2017 12:32:43; INFO; 0; $FRCMD,358735070736714,_SendMessage,,2244.33350,N,7550.13290,E,0,15.658747300216,234,101117,070239.000,1,Button1=1,Button2=0,*5A
10.11.2017 12:32:44; INFO; 0; 1 point sent of 1.Times for query/session/delete:1209.2463/-611.5561/611.5561
10.11.2017 12:32:44; INFO; 0; $FRCMD,358735070204895,_SendMessage,,2245.91301,N,7552.15027,E,0,20.5183585313175,310,101117,070238.000,1,Button1=1,Button2=0,*10
10.11.2017 12:32:45; INFO; 0; 1 point sent of 1.Times for query/session/delete:1059.8206/-520.0645/520.0645
10.11.2017 12:32:45; INFO; 0; $FRCMD,351608080782688,_SendMessage,,2242.18624,N,7551.70349,E,0,15.1187904967603,333,101117,070244.000,1,Button1=1,Button2=0,*5C
10.11.2017 12:32:46; INFO; 0; 1 point sent of 1.Times for query/session/delete:1226.3684/-627.9206/627.9206
10.11.2017 12:32:47; INFO; 0; $FRCMD,358735070734230,_SendMessage,,2241.46503,N,7552.97745,E,0,12.4190064794816,324,101117,070239.000,1,Button1=1,Button2=0,*22
10.11.2017 12:32:47; INFO; 0; 1 point sent of 1.Times for query/session/delete:1055.4483/-517.092/517.092
10.11.2017 12:32:48; INFO; 0; $FRCMD,358735070034508,_SendMessage,,2241.36948,N,7553.52951,E,0,6.47948164146868,277,101117,070240.000,1,Button1=1,Button2=0,*54
10.11.2017 12:32:49; INFO; 0; 1 point sent of 1.Times for query/session/delete:1048.6962/-518.4962/518.4962
10.11.2017 12:32:49; INFO; 0; $FRCMD,358735070551220,_SendMessage,,2243.15842,N,7554.57367,E,0,13.4989200863931,72,101117,070244.000,1,Button1=1,Button2=0,*5E
10.11.2017 12:32:50; INFO; 0; 1 point sent of 1.Times for query/session/delete:1201.1291/-610.5609/610.5609
10.11.2017 12:32:51; INFO; 0; $FRCMD,358735070745376,_SendMessage,,2240.42774,N,7552.79755,E,0,4.31965442764579,332,101117,070015.000,1,Button1=1,Button2=0,*1E
10.11.2017 12:32:51; INFO; 0; 1 point sent of 1.Times for query/session/delete:1124.2618/-588.7101/588.7101
10.11.2017 12:32:52; INFO; 0; $FRCMD,358735070024814,_SendMessage,,2243.93536,N,7554.13010,E,0,4.85961123110151,176,101117,070247.000,1,Button1=1,Button2=0,*20
10.11.2017 12:32:52; INFO; 0; 1 point sent of 1.Times for query/session/delete:1210.8663/-612.1586/612.1586
10.11.2017 12:32:53; INFO; 0; $FRCMD,358735070033054,_SendMessage,,2244.86290,N,7554.19510,E,0,19.438444924406,4,101117,070153.000,1,Button1=1,Button2=0,*5B
10.11.2017 12:32:54; INFO; 0; 1 point sent of 1.Times for query/session/delete:1041.3599/-516.7404/516.7404
10.11.2017 12:32:55; INFO; 0; $FRCMD,358735070564272,_SendMessage,,2242.67410,N,7552.83417,E,0,12.4190064794816,356,101117,070242.000,1,Button1=1,Button2=0,*1D
10.11.2017 12:32:55; INFO; 0; 1 point sent of 1.Times for query/session/delete:1051.4706/-518.3454/518.3454
10.11.2017 12:32:56; INFO; 0; $FRCMD,358735070745640,_SendMessage,,2244.29642,N,7552.78793,E,0,7.01943844492441,219,101117,070250.000,1,Button1=1,Button2=0,*2B
10.11.2017 12:32:56; INFO; 0; 1 point sent of 1.Times for query/session/delete:1213.0164/-612.8752/612.8752
10.11.2017 12:32:57; INFO; 0; $FRCMD,358735070861223,_SendMessage,,2242.32426,N,7550.65887,E,0,10.2591792656587,86,101117,070137.000,1,Button1=1,Button2=0,*27
10.11.2017 12:32:58; INFO; 0; 1 point sent of 1.Times for query/session/delete:1065.5411/-543.0051/543.0051
10.11.2017 12:32:58; INFO; 0; $FRCMD,358735070734784,_SendMessage,,2243.61183,N,7555.68008,E,0,13.4989200863931,264,101117,070233.000,1,Button1=1,Button2=0,*67
10.11.2017 12:32:59; INFO; 0; 1 point sent of 1.Times for query/session/delete:1215.7567/-615.5433/615.5433
10.11.2017 12:33:00; INFO; 0; $FRCMD,358735070161608,_SendMessage,,2242.94315,N,7551.31393,E,0,8.63930885529158,19,101117,070224.000,1,Button1=1,Button2=0,*50
10.11.2017 12:33:00; INFO; 0; 1 point sent of 1.Times for query/session/delete:1115.6076/-578.5919/578.5919
10.11.2017 12:33:01; INFO; 0; $FRCMD,358735070205629,_SendMessage,,2243.24070,N,7552.47208,E,0,8.63930885529158,251,101117,070020.000,1,Button1=1,Button2=0,*6C
10.11.2017 12:33:02; INFO; 0; 1 point sent of 1.Times for query/session/delete:1529.9411/-928.2524/928.2524
10.11.2017 12:33:02; INFO; 0; $FRCMD,358735070551345,_SendMessage,,2244.40548,N,7552.83829,E,0,0,117,101117,070302.752,1,Button1=1,Button2=0,*2D
10.11.2017 12:33:03; INFO; 0; 1 point sent of 1.Times for query/session/delete:1043.9007/-519.3503/519.3503
10.11.2017 12:33:03; INFO; 0; $FRCMD,358735070736771,_SendMessage,,2242.82665,N,7552.51144,E,0,10.7991360691145,279,101117,070303.000,1,Button1=1,Button2=0,*01
10.11.2017 12:33:04; INFO; 0; 1 point sent of 1.Times for query/session/delete:1203.7168/-612.5238/612.5238
10.11.2017 12:33:05; INFO; 0; $FRCMD,358735070205173,_SendMessage,,2243.40916,N,7553.23883,E,0,9.1792656587473,120,101117,070255.000,1,Button1=1,Button2=0,*57
10.11.2017 12:33:05; INFO; 0; 1 point sent of 1.Times for query/session/delete:1041.3659/-520.8803/520.8803
10.11.2017 12:33:06; INFO; 0; $FRCMD,358735070530885,_SendMessage,,2245.18631,N,7553.77350,E,0,21.5982721382289,194,101117,070305.000,1,Button1=1,Button2=0,*6D
10.11.2017 12:33:07; INFO; 0; 1 point sent of 1.Times for query/session/delete:1080.6138/-528.3837/528.3837
10.11.2017 12:33:07; INFO; 0; $FRCMD,358735070862502,_SendMessage,,2244.24824,N,7554.07928,E,0,0,5,101117,070307.965,1,Button1=0,Button2=1,*22
10.11.2017 12:33:08; INFO; 0; 1 point sent of 1.Times for query/session/delete:1208.8543/-614.9656/614.9656
10.11.2017 12:33:09; INFO; 0; $FRCMD,358735070041586,_SendMessage,,2242.48905,N,7554.34204,E,0,20.5183585313175,359,101117,070213.000,1,Button1=1,Button2=0,*7D
10.11.2017 12:33:10; INFO; 0; 1 point sent of 1.Times for query/session/delete:1203.8351/-615.8079/615.8079
10.11.2017 12:33:10; INFO; 0; $FRCMD,358735070791149,_SendMessage,,2239.97421,N,7552.96326,E,0,21.5982721382289,162,101117,070257.000,1,Button1=1,Button2=0,*2D
10.11.2017 12:33:11; INFO; 0; 1 point sent of 1.Times for query/session/delete:1068.8821/-530.9483/530.9483
10.11.2017 12:33:12; INFO; 0; $FRCMD,358735070567960,_SendMessage,,2242.67181,N,7552.96555,E,0,9.71922246220302,224,101117,070305.000,1,Button1=1,Button2=0,*29
10.11.2017 12:33:12; INFO; 0; 1 point sent of 1.Times for query/session/delete:1201.4268/-610.8973/610.8973
10.11.2017 12:33:13; INFO; 0; $FRCMD,358735070574644,_SendMessage,,2243.93501,N,7548.06198,E,0,24.2980561555076,298,101117,070259.000,1,Button1=1,Button2=0,*59
10.11.2017 12:33:13; INFO; 0; 1 point sent of 1.Times for query/session/delete:1110.3042/-576.5301/576.5301
10.11.2017 12:33:14; INFO; 0; $FRCMD,358735070205470,_SendMessage,,2241.87084,N,7550.01205,E,0,6.47948164146868,235,101117,070310.000,1,Button1=1,Button2=0,*5F
10.11.2017 12:33:15; INFO; 0; 1 point sent of 1.Times for query/session/delete:1105.922/-530.244/530.244
10.11.2017 12:33:16; INFO; 0; $FRCMD,358735070745616,_SendMessage,,2244.06445,N,7550.43137,E,0,8.63930885529158,279,101117,070314.000,1,Button1=1,Button2=0,*2C
10.11.2017 12:33:16; INFO; 0; 1 point sent of 1.Times for query/session/delete:1253.0913/-614.4958/614.4958
10.11.2017 12:33:17; INFO; 0; $FRCMD,358735070736623,_SendMessage,,2243.16551,N,7551.46179,E,0,8.09935205183585,207,101117,070314.000,1,Button1=1,Button2=0,*26
10.11.2017 12:33:18; INFO; 0; 1 point sent of 1.Times for query/session/delete:1206.338/-613.4108/613.4108
10.11.2017 12:33:19; INFO; 0; $FRCMD,358735070031470,_SendMessage,,2241.64448,N,7552.02072,E,0,11.8790496760259,158,101117,070153.000,1,Button1=1,Button2=0,*5F
10.11.2017 12:33:20; INFO; 0; 1 point sent of 1.Times for query/session/delete:1203.8423/-613.0208/613.0208
10.11.2017 12:33:20; INFO; 0; $FRCMD,358735070042816,_SendMessage,,2240.44685,N,7552.79572,E,0,0,153,101117,070320.910,1,Button1=1,Button2=0,*2A
10.11.2017 12:33:21; INFO; 0; 1 point sent of 1.Times for query/session/delete:1041.9131/-518.1431/518.1431
10.11.2017 12:33:22; INFO; 0; $FRCMD,358735070745517,_SendMessage,,2241.88835,N,7552.64603,E,0,12.9589632829374,39,101117,070224.000,1,Button1=1,Button2=0,*02
10.11.2017 12:33:22; INFO; 0; 1 point sent of 1.Times for query/session/delete:1209.4721/-614.4137/614.4137
10.11.2017 12:33:23; INFO; 0; $FRCMD,358735070205157,_SendMessage,,2241.41285,N,7549.55246,E,0,17.2786177105832,18,101117,070314.000,1,Button1=1,Button2=0,*66
10.11.2017 12:33:23; INFO; 0; 1 point sent of 1.Times for query/session/delete:1053.3045/-518.7994/518.7994
10.11.2017 12:33:24; INFO; 0; $FRCMD,358735070532360,_SendMessage,,2245.17063,N,7553.28873,E,0,8.63930885529158,104,101117,070324.000,1,Button1=1,Button2=0,*66
10.11.2017 12:33:25; INFO; 0; 1 point sent of 1.Times for query/session/delete:1200.4037/-609.3147/609.3147
10.11.2017 12:33:25; INFO; 0; $FRCMD,358735070851190,_SendMessage,,2240.67139,N,7552.65976,E,0,16.7386609071274,149,101117,070317.000,1,Button1=1,Button2=0,*5D
10.11.2017 12:33:26; INFO; 0; 1 point sent of 1.Times for query/session/delete:1043.6828/-521.4958/521.4958
10.11.2017 12:33:26; INFO; 0; $FRCMD,358735070730386,_SendMessage,,2245.71262,N,7552.45010,E,0,20.5183585313175,314,101117,070325.000,1,Button1=1,Button2=0,*25
10.11.2017 12:33:27; INFO; 0; 1 point sent of 1.Times for query/session/delete:1214.8688/-613.038/613.038
10.11.2017 12:33:28; INFO; 0; $FRCMD,358735070736698,_SendMessage,,2243.08632,N,7550.46570,E,0,14.0388768898488,194,101117,070322.000,1,Button1=1,Button2=0,*53
10.11.2017 12:33:28; INFO; 0; 1 point sent of 1.Times for query/session/delete:1043.026/-518.6398/518.6398
10.11.2017 12:33:29; INFO; 0; $FRCMD,358735070211460,_SendMessage,,2243.38936,N,7553.59772,E,0,8.09935205183585,271,101117,070224.000,1,Button1=1,Button2=0,*5D
10.11.2017 12:33:29; INFO; 0; 1 point sent of 1.Times for query/session/delete:1211.6934/-614.8372/614.8372
10.11.2017 12:33:30; INFO; 0; $FRCMD,358735070867493,_SendMessage,,2243.69240,N,7552.07245,E,0,12.9589632829374,44,101117,070322.000,1,Button1=1,Button2=0,*2C
10.11.2017 12:33:31; INFO; 0; 1 point sent of 1.Times for query/session/delete:1204.8955/-612.453/612.453
10.11.2017 12:33:32; INFO; 0; $FRCMD,358735070745384,_SendMessage,,2244.36256,N,7552.83142,E,0,8.09935205183585,31,101117,070304.000,1,Button1=1,Button2=0,*1C
10.11.2017 12:33:32; INFO; 0; 1 point sent of 1.Times for query/session/delete:1042.672/-521.0786/521.0786
10.11.2017 12:33:33; INFO; 0; $FRCMD,351608080783595,_SendMessage,,2243.12248,N,7551.34964,E,0,4.85961123110151,227,101117,070314.000,1,Button1=1,Button2=0,*14
10.11.2017 12:33:34; INFO; 0; 1 point sent of 1.Times for query/session/delete:1523.4422/-921.037/921.037
10.11.2017 12:33:36; INFO; 0; $FRCMD,358735070860761,_SendMessage,,2247.86720,N,7550.82458,E,0,0,0,101117,070336.767,1,Button1=0,Button2=1,*56
10.11.2017 12:33:37; INFO; 0; 1 point sent of 1.Times for query/session/delete:1051.4259/-527.8943/527.8943
10.11.2017 12:33:37; INFO; 0; $FRCMD,358735070042642,_SendMessage,,2245.67268,N,7552.50366,E,0,6.47948164146868,136,101117,070331.000,1,Button1=1,Button2=0,*73
10.11.2017 12:33:38; INFO; 0; 1 point sent of 1.Times for query/session/delete:1206.1668/-614.8017/614.8017
10.11.2017 12:33:39; INFO; 0; $FRCMD,358735070861660,_SendMessage,,2241.60053,N,7552.02942,E,0,0,338,101117,070339.192,1,Button1=1,Button2=0,*52
10.11.2017 12:33:39; INFO; 0; 1 point sent of 1.Times for query/session/delete:1051.0193/-523.2449/523.2449
10.11.2017 12:33:40; INFO; 0; $FRCMD,358735070044440,_SendMessage,,2241.09436,N,7551.56433,E,0,17.8185745140389,46,101117,070340.000,1,Button1=1,Button2=0,*7C
10.11.2017 12:33:40; INFO; 0; 1 point sent of 1.Times for query/session/delete:1205.7159/-616.5041/616.5041
10.11.2017 12:33:41; INFO; 0; $FRCMD,358735070170815,_SendMessage,,2242.93823,N,7550.97794,E,0,3.77969762419006,99,101117,070337.000,1,Button1=0,Button2=0,*12
10.11.2017 12:33:42; INFO; 0; 1 point sent of 1.Times for query/session/delete:1050.8336/-523.5157/523.5157
10.11.2017 12:33:43; INFO; 0; $FRCMD,358735070789234,_SendMessage,,2244.05563,N,7552.50870,E,0,5.39956803455723,54,101117,070337.000,1,Button1=1,Button2=0,*69
10.11.2017 12:33:44; INFO; 0; 1 point sent of 1.Times for query/session/delete:1211.2431/-612.4543/612.4543
10.11.2017 12:33:44; INFO; 0; $FRCMD,358735070867428,_SendMessage,,2242.93949,N,7550.88272,E,0,10.7991360691145,263,101117,070341.000,1,Button1=1,Button2=0,*60
10.11.2017 12:33:45; INFO; 0; 1 point sent of 1.Times for query/session/delete:1051.0508/-523.9915/523.9915
10.11.2017 12:33:46; INFO; 0; $FRCMD,358735070878987,_SendMessage,,2241.01322,N,7549.33365,E,0,0,268,101117,070346.146,1,Button1=0,Button2=1,*58
10.11.2017 12:33:46; INFO; 0; 1 point sent of 1.Times for query/session/delete:1204.5518/-611.7617/611.7617
10.11.2017 12:33:47; INFO; 0; $FRCMD,358735070879787,_SendMessage,,2247.03030,N,7554.32831,E,0,9.71922246220302,196,101117,070341.000,1,Button1=1,Button2=0,*78
10.11.2017 12:33:47; INFO; 0; 1 point sent of 1.Times for query/session/delete:1048.4372/-519.5516/519.5516
10.11.2017 12:33:48; INFO; 0; $FRCMD,358735070551279,_SendMessage,,2246.25610,N,7554.59885,E,0,0,343,101117,070348.445,1,Button1=0,Button2=1,*59
10.11.2017 12:33:49; INFO; 0; 1 point sent of 1.Times for query/session/delete:1517.8856/-921.8574/921.8574
10.11.2017 12:33:49; INFO; 0; $FRCMD,358735070555932,_SendMessage,,2244.91749,N,7550.15488,E,0,8.63930885529158,135,101117,070330.000,1,Button1=1,Button2=0,*75
10.11.2017 12:33:50; INFO; 0; 1 point sent of 1.Times for query/session/delete:1042.3615/-516.2146/516.2146
10.11.2017 12:33:51; INFO; 0; $FRCMD,358735070736789,_SendMessage,,2244.26609,N,7549.59778,E,0,8.09935205183585,127,101117,070340.000,1,Button1=1,Button2=0,*51
10.11.2017 12:33:52; INFO; 0; 1 point sent of 1.Times for query/session/delete:1052.9698/-519.0331/519.0331
10.11.2017 12:33:52; INFO; 0; $FRCMD,358735070745343,_SendMessage,,2242.33810,N,7550.87860,E,0,12.9589632829374,70,101117,070352.000,1,Button1=1,Button2=0,*54
10.11.2017 12:33:53; INFO; 0; 1 point sent of 1.Times for query/session/delete:1204.1811/-612.1832/612.1832
10.11.2017 12:33:53; INFO; 0; $FRCMD,358735070862635,_SendMessage,,2242.77779,N,7550.51422,E,0,8.63930885529158,163,101117,070330.000,1,Button1=1,Button2=0,*6F
10.11.2017 12:33:54; INFO; 0; 1 point sent of 1.Times for query/session/delete:1037.3415/-517.2423/517.2423
10.11.2017 12:33:55; INFO; 0; $FRCMD,358735070517833,_SendMessage,,2242.47360,N,7551.32950,E,0,8.63930885529158,305,101117,070341.000,1,Button1=1,Button2=0,*2C
10.11.2017 12:33:55; INFO; 0; 1 point sent of 1.Times for query/session/delete:1210.5309/-615.7526/615.7526
10.11.2017 12:33:57; INFO; 0; $FRCMD,358735070559256,_SendMessage,,2244.74777,N,7551.67465,E,0,4.31965442764579,228,101117,070255.000,1,Button1=1,Button2=0,*2D
10.11.2017 12:33:57; INFO; 0; 1 point sent of 1.Times for query/session/delete:1047.2489/-523.7219/523.7219
10.11.2017 12:33:58; INFO; 0; $FRCMD,358735070730352,_SendMessage,,2245.12955,N,7552.16858,E,0,5.93952483801296,9,101117,070347.000,1,Button1=1,Button2=0,*2C
10.11.2017 12:33:59; INFO; 0; 1 point sent of 1.Times for query/session/delete:1200.0924/-613.1254/613.1254
10.11.2017 12:33:59; INFO; 0; $FRCMD,358735070732036,_SendMessage,,2243.42358,N,7551.57211,E,0,9.71922246220302,242,101117,070323.000,1,Button1=1,Button2=0,*22
10.11.2017 12:34:00; INFO; 0; 1 point sent of 1.Times for query/session/delete:1049.389/-522.6989/522.6989
10.11.2017 12:34:00; INFO; 0; $FRCMD,358735070734628,_SendMessage,,2243.68828,N,7551.77765,E,0,4.85961123110151,15,101117,070354.000,1,Button1=1,Button2=0,*57
10.11.2017 12:34:01; INFO; 0; 1 point sent of 1.Times for query/session/delete:1203.3331/-614.5504/614.5504
10.11.2017 12:34:02; INFO; 0; $FRCMD,358735070551261,_SendMessage,,2238.36403,N,7553.29880,E,0,0,8,101117,070402.553,1,Button1=1,Button2=1,*6F
10.11.2017 12:34:03; INFO; 0; 1 point sent of 1.Times for query/session/delete:1206.4748/-611.7776/611.7776
10.11.2017 12:34:04; INFO; 0; $FRCMD,358735070531214,_SendMessage,,2245.73608,N,7552.42493,E,0,12.9589632829374,312,101117,070404.000,1,Button1=1,Button2=0,*0C
10.11.2017 12:34:04; INFO; 0; 1 point sent of 1.Times for query/session/delete:1213.6968/-614.8488/614.8488
10.11.2017 12:34:05; INFO; 0; $FRCMD,358735070546139,_SendMessage,,2242.48001,N,7551.17249,E,0,0,64,101117,070405.550,1,Button1=0,Button2=1,*23
10.11.2017 12:34:06; INFO; 0; 1 point sent of 1.Times for query/session/delete:1046.8222/-522.5893/522.5893
10.11.2017 12:34:06; INFO; 0; $FRCMD,358735070745749,_SendMessage,,2241.02924,N,7549.75296,E,0,5.39956803455723,341,101117,070217.000,1,Button1=1,Button2=0,*48
10.11.2017 12:34:07; INFO; 0; 1 point sent of 1.Times for query/session/delete:1231.1049/-630.5459/630.5459
10.11.2017 12:34:07; INFO; 0; $FRCMD,358735070162572,_SendMessage,,2241.31889,N,7552.24503,E,0,19.9784017278618,324,101117,070352.000,1,Button1=1,Button2=0,*5A
10.11.2017 12:34:08; INFO; 0; 1 point sent of 1.Times for query/session/delete:1041.9417/-519.2997/519.2997
10.11.2017 12:34:09; INFO; 0; $FRCMD,358735070734727,_SendMessage,,2244.44382,N,7552.75223,E,0,17.8185745140389,302,101117,070408.000,1,Button1=1,Button2=0,*29
10.11.2017 12:34:10; INFO; 0; 1 point sent of 1.Times for query/session/delete:1050.481/-524.2981/524.2981
10.11.2017 12:34:10; INFO; 0; $FRCMD,358735070734735,_SendMessage,,2244.02966,N,7552.50046,E,0,5.93952483801296,216,101117,070309.000,1,Button1=1,Button2=0,*56
10.11.2017 12:34:11; INFO; 0; 1 point sent of 1.Times for query/session/delete:1208.8367/-615.4357/615.4357
10.11.2017 12:34:12; INFO; 0; $FRCMD,358735070564280,_SendMessage,,2244.32674,N,7552.80533,E,0,16.7386609071274,219,101117,070404.000,1,Button1=1,Button2=0,*52
10.11.2017 12:34:13; INFO; 0; 1 point sent of 1.Times for query/session/delete:1221.9567/-614.4402/614.4402
10.11.2017 12:34:14; INFO; 0; $FRCMD,358735070745590,_SendMessage,,2244.56764,N,7552.15027,E,0,10.7991360691145,258,101117,070414.000,1,Button1=1,Button2=0,*55
10.11.2017 12:34:14; INFO; 0; 1 point sent of 1.Times for query/session/delete:1207.2625/-612.2024/612.2024
10.11.2017 12:34:15; INFO; 0; $FRCMD,358735070539480,_SendMessage,,2242.32426,N,7550.68222,E,0,8.63930885529158,86,101117,070413.000,1,Button1=1,Button2=0,*56
10.11.2017 12:34:16; INFO; 0; 1 point sent of 1.Times for query/session/delete:1041.8864/-519.9619/519.9619
10.11.2017 12:34:17; INFO; 0; $FRCMD,358735070730097,_SendMessage,,2242.92599,N,7552.27020,E,0,8.09935205183585,163,101117,070413.000,1,Button1=1,Button2=0,*68
10.11.2017 12:34:17; INFO; 0; 1 point sent of 1.Times for query/session/delete:1046.1504/-520.327/520.327
10.11.2017 12:34:18; INFO; 0; $FRCMD,358735070745301,_SendMessage,,2241.48003,N,7552.97058,E,0,15.658747300216,149,101117,070410.000,1,Button1=1,Button2=0,*5B
10.11.2017 12:34:18; INFO; 0; 1 point sent of 1.Times for query/session/delete:1205.5957/-613.139/613.139
10.11.2017 12:34:19; INFO; 0; $FRCMD,358735070732630,_SendMessage,,2243.21827,N,7550.49408,E,0,6.47948164146868,18,101117,070354.000,1,Button1=1,Button2=0,*17
10.11.2017 12:34:20; INFO; 0; 1 point sent of 1.Times for query/session/delete:1067.2191/-539.8969/539.8969
10.11.2017 12:34:21; INFO; 0; $FRCMD,358735070736714,_SendMessage,,2244.14238,N,7550.19791,E,0,10.7991360691145,127,101117,070419.000,1,Button1=1,Button2=0,*6B
10.11.2017 12:34:21; INFO; 0; 1 point sent of 1.Times for query/session/delete:1517.7191/-612.2627/612.2627
10.11.2017 12:34:22; INFO; 0; $FRCMD,358735070204895,_SendMessage,,2246.33198,N,7551.75980,E,0,22.6781857451404,326,101117,070358.000,1,Button1=1,Button2=0,*20
10.11.2017 12:34:22; INFO; 0; 1 point sent of 1.Times for query/session/delete:1093.7391/-543.3428/543.3428
10.11.2017 12:34:23; INFO; 0; $FRCMD,351608080782688,_SendMessage,,2242.45941,N,7551.53229,E,0,1.07991360691145,222,101117,070400.000,1,Button1=1,Button2=0,*50
10.11.2017 12:34:23; INFO; 0; 1 point sent of 1.Times for query/session/delete:1225.2983/-618.8734/618.8734
10.11.2017 12:34:24; INFO; 0; $FRCMD,358735070734230,_SendMessage,,2241.67503,N,7552.83554,E,0,8.09935205183585,325,101117,070419.000,1,Button1=1,Button2=0,*53
10.11.2017 12:34:25; INFO; 0; 1 point sent of 1.Times for query/session/delete:1045.7405/-521.3521/521.3521
10.11.2017 12:34:26; INFO; 0; $FRCMD,358735070034508,_SendMessage,,2241.39351,N,7553.31436,E,0,9.71922246220302,274,101117,070420.000,1,Button1=1,Button2=0,*50
10.11.2017 12:34:26; INFO; 0; 1 point sent of 1.Times for query/session/delete:1130.7733/-589.5488/589.5488
10.11.2017 12:34:27; INFO; 0; $FRCMD,358735070551220,_SendMessage,,2243.35011,N,7555.03510,E,0,17.8185745140389,67,101117,070424.000,1,Button1=1,Button2=0,*5C
10.11.2017 12:34:28; INFO; 0; 1 point sent of 1.Times for query/session/delete:1202.3885/-611.5428/611.5428
10.11.2017 12:34:29; INFO; 0; $FRCMD,358735070024814,_SendMessage,,2243.69125,N,7554.23401,E,0,19.438444924406,162,101117,070417.000,1,Button1=1,Button2=0,*1F
10.11.2017 12:34:29; INFO; 0; 1 point sent of 1.Times for query/session/delete:1226.082/-629.6155/629.6155
10.11.2017 12:34:30; INFO; 0; $FRCMD,358735070033054,_SendMessage,,2245.22705,N,7554.15665,E,0,18.8984881209503,279,101117,070413.000,1,Button1=1,Button2=0,*10
10.11.2017 12:34:31; INFO; 0; 1 point sent of 1.Times for query/session/delete:1060.9301/-531.6078/531.6078
10.11.2017 12:34:32; INFO; 0; $FRCMD,358735070564272,_SendMessage,,2242.78019,N,7552.69592,E,0,4.85961123110151,276,101117,070422.000,1,Button1=1,Button2=0,*5F
10.11.2017 12:34:32; INFO; 0; 1 point sent of 1.Times for query/session/delete:1042.2853/-519.1408/519.1408
10.11.2017 12:34:33; INFO; 0; $FRCMD,358735070745640,_SendMessage,,2244.13872,N,7552.60757,E,0,11.3390928725702,225,101117,070430.000,1,Button1=1,Button2=0,*2F
10.11.2017 12:34:33; INFO; 0; 1 point sent of 1.Times for query/session/delete:1207.5849/-612.5295/612.5295
10.11.2017 12:34:34; INFO; 0; $FRCMD,358735070861223,_SendMessage,,2242.36397,N,7550.94315,E,0,12.9589632829374,60,101117,070427.000,1,Button1=1,Button2=0,*28
10.11.2017 12:34:35; INFO; 0; 1 point sent of 1.Times for query/session/delete:1114.4157/-583.5271/583.5271
10.11.2017 12:34:35; INFO; 0; $FRCMD,358735070734784,_SendMessage,,2243.48263,N,7555.24338,E,0,10.7991360691145,236,101117,070433.000,1,Button1=1,Button2=0,*64
10.11.2017 12:34:36; INFO; 0; 1 point sent of 1.Times for query/session/delete:1221.2998/-616.874/616.874
10.11.2017 12:34:37; INFO; 0; $FRCMD,358735070161608,_SendMessage,,2242.94315,N,7551.31393,E,0,8.63930885529158,19,101117,070224.000,1,Button1=1,Button2=0,*5A
10.11.2017 12:34:37; INFO; 0; 1 point sent of 1.Times for query/session/delete:1047.2317/-519.0049/519.0049
10.11.2017 12:34:38; INFO; 0; $FRCMD,358735070551345,_SendMessage,,2244.40548,N,7552.83829,E,0,0,117,101117,070438.684,1,Button1=1,Button2=0,*1D
10.11.2017 12:34:39; INFO; 0; 1 point sent of 1.Times for query/session/delete:1041.2712/-520.1081/520.1081
10.11.2017 12:34:39; INFO; 0; $FRCMD,358735070736771,_SendMessage,,2242.82814,N,7552.42859,E,0,4.85961123110151,264,101117,070433.000,1,Button1=1,Button2=0,*06
10.11.2017 12:34:40; INFO; 0; 1 point sent of 1.Times for query/session/delete:1212.728/-616.6121/616.6121
10.11.2017 12:34:41; INFO; 0; $FRCMD,358735070205173,_SendMessage,,2243.41236,N,7553.53088,E,0,16.1987041036717,94,101117,070440.000,1,Button1=1,Button2=0,*59
10.11.2017 12:34:41; INFO; 0; 1 point sent of 1.Times for query/session/delete:1070.6607/-540.2405/540.2405
10.11.2017 12:34:42; INFO; 0; $FRCMD,358735070530885,_SendMessage,,2245.04589,N,7553.72406,E,0,9.71922246220302,280,101117,070427.000,1,Button1=1,Button2=0,*69
10.11.2017 12:34:43; INFO; 0; 1 point sent of 1.Times for query/session/delete:1043.2345/-520.4989/520.4989
10.11.2017 12:34:43; INFO; 0; $FRCMD,358735070862502,_SendMessage,,2244.24824,N,7554.07928,E,0,0,5,101117,070443.900,1,Button1=0,Button2=1,*5E
10.11.2017 12:34:44; INFO; 0; 1 point sent of 1.Times for query/session/delete:1292.5584/-700.3636/700.3636
10.11.2017 12:34:46; INFO; 0; $FRCMD,358735070041586,_SendMessage,,2243.16494,N,7554.36630,E,0,8.63930885529158,357,101117,070433.000,1,Button1=1,Button2=0,*09
10.11.2017 12:34:46; INFO; 0; 1 point sent of 1.Times for query/session/delete:1553.9448/-669.0137/669.0137
10.11.2017 12:34:47; INFO; 0; $FRCMD,358735070791149,_SendMessage,,2239.97421,N,7552.96326,E,0,21.5982721382289,162,101117,070257.000,1,Button1=1,Button2=0,*54
10.11.2017 12:34:47; INFO; 0; 1 point sent of 1.Times for query/session/delete:1107.3242/-568.5683/568.5683
10.11.2017 12:34:48; INFO; 0; $FRCMD,358735070567960,_SendMessage,,2242.42336,N,7552.73300,E,0,7.55939524838013,172,101117,070423.000,1,Button1=1,Button2=0,*5E
10.11.2017 12:34:49; INFO; 0; 1 point sent of 1.Times for query/session/delete:1224.9325/-629.5092/629.5092
10.11.2017 12:34:49; INFO; 0; $FRCMD,358735070574644,_SendMessage,,2244.19170,N,7547.63947,E,0,23.2181425485961,309,101117,070439.000,1,Button1=1,Button2=0,*24
10.11.2017 12:34:50; INFO; 0; 1 point sent of 1.Times for query/session/delete:1080.7717/-539.9955/539.9955
10.11.2017 12:34:51; INFO; 0; $FRCMD,358735070205470,_SendMessage,,2241.68568,N,7549.76486,E,0,9.1792656587473,233,101117,070450.000,1,Button1=1,Button2=0,*51
10.11.2017 12:34:52; INFO; 0; 1 point sent of 1.Times for query/session/delete:1068.4689/-531.7766/531.7766
10.11.2017 12:34:52; INFO; 0; $FRCMD,358735070745616,_SendMessage,,2244.13208,N,7550.20889,E,0,8.63930885529158,290,101117,070451.000,1,Button1=1,Button2=0,*60
10.11.2017 12:34:53; INFO; 0; 1 point sent of 1.Times for query/session/delete:1202.8219/-611.8958/611.8958
10.11.2017 12:34:54; INFO; 0; $FRCMD,358735070736623,_SendMessage,,2243.10085,N,7551.32767,E,0,9.1792656587473,347,101117,070436.000,1,Button1=1,Button2=0,*52
10.11.2017 12:34:55; INFO; 0; 1 point sent of 1.Times for query/session/delete:1215.0419/-616.0698/616.0698
10.11.2017 12:34:55; INFO; 0; $FRCMD,358735070164230,_SendMessage,,2242.80022,N,7551.39862,E,0,5.39956803455723,170,101117,070443.000,1,Button1=1,Button2=0,*6E
10.11.2017 12:34:56; INFO; 0; 1 point sent of 1.Times for query/session/delete:1050.2876/-522.3996/522.3996
10.11.2017 12:34:56; INFO; 0; $FRCMD,358735070031470,_SendMessage,,2241.53931,N,7552.07382,E,0,7.01943844492441,154,101117,070453.000,1,Button1=1,Button2=0,*2A
10.11.2017 12:34:57; INFO; 0; 1 point sent of 1.Times for query/session/delete:1268.6202/-652.9825/652.9825
10.11.2017 12:34:58; INFO; 0; $FRCMD,358735070042816,_SendMessage,,2240.31536,N,7552.85568,E,0,19.9784017278618,161,101117,070424.000,1,Button1=1,Button2=0,*21
10.11.2017 12:34:58; INFO; 0; 1 point sent of 1.Times for query/session/delete:1157.5121/-630.3985/630.3985
10.11.2017 12:34:59; INFO; 0; $FRCMD,358735070745517,_SendMessage,,2241.93310,N,7552.66754,E,0,11.3390928725702,9,101117,070454.000,1,Button1=1,Button2=0,*59
10.11.2017 12:35:00; INFO; 0; 1 point sent of 1.Times for query/session/delete:1282.6686/-613.1304/613.1304
10.11.2017 12:35:00; INFO; 0; $FRCMD,358735070205157,_SendMessage,,2241.57742,N,7549.56848,E,0,9.1792656587473,17,101117,070454.000,1,Button1=1,Button2=0,*58
10.11.2017 12:35:01; INFO; 0; 1 point sent of 1.Times for query/session/delete:1049.1216/-522.2804/522.2804
10.11.2017 12:35:01; INFO; 0; $FRCMD,358735070532360,_SendMessage,,2245.08251,N,7553.69247,E,0,10.7991360691145,92,101117,070444.000,1,Button1=1,Button2=0,*53
10.11.2017 12:35:02; INFO; 0; 1 point sent of 1.Times for query/session/delete:1209.534/-615.0464/615.0464
10.11.2017 12:35:02; INFO; 0; $FRCMD,358735070851190,_SendMessage,,2240.44651,N,7552.78702,E,0,4.85961123110151,139,101117,070427.000,1,Button1=1,Button2=0,*6D
10.11.2017 12:35:03; INFO; 0; 1 point sent of 1.Times for query/session/delete:1040.8345/-518.7057/518.7057
10.11.2017 12:35:04; INFO; 0; $FRCMD,358735070730386,_SendMessage,,2245.85499,N,7552.25327,E,0,8.09935205183585,46,101117,070431.000,1,Button1=1,Button2=0,*2B
10.11.2017 12:35:04; INFO; 0; 1 point sent of 1.Times for query/session/delete:1237.7809/-638.1794/638.1794
10.11.2017 12:35:05; INFO; 0; $FRCMD,358735070736698,_SendMessage,,2242.94556,N,7550.43915,E,0,5.39956803455723,174,101117,070432.000,1,Button1=1,Button2=0,*16
10.11.2017 12:35:05; INFO; 0; 1 point sent of 1.Times for query/session/delete:1043.5786/-521.172/521.172
10.11.2017 12:35:06; INFO; 0; $FRCMD,358735070211460,_SendMessage,,2243.38936,N,7553.59772,E,0,8.09935205183585,271,101117,070224.000,1,Button1=1,Button2=0,*55
10.11.2017 12:35:07; INFO; 0; 1 point sent of 1.Times for query/session/delete:1268.9527/-657.2268/657.2268
10.11.2017 12:35:08; INFO; 0; $FRCMD,358735070867493,_SendMessage,,2243.93066,N,7552.39197,E,0,12.4190064794816,38,101117,070502.000,1,Button1=1,Button2=0,*5D
10.11.2017 12:35:08; INFO; 0; 1 point sent of 1.Times for query/session/delete:1212.9508/-612.502/612.502
10.11.2017 12:35:09; INFO; 0; $FRCMD,358735070745384,_SendMessage,,2244.36256,N,7552.83142,E,0,8.09935205183585,31,101117,070304.000,1,Button1=1,Button2=0,*13
10.11.2017 12:35:10; INFO; 0; 1 point sent of 1.Times for query/session/delete:1066.6685/-523.8372/523.8372
10.11.2017 12:35:10; INFO; 0; $FRCMD,351608080783595,_SendMessage,,2243.01411,N,7551.34048,E,0,10.7991360691145,177,101117,070424.000,1,Button1=1,Button2=0,*64
10.11.2017 12:35:11; INFO; 0; 1 point sent of 1.Times for query/session/delete:1238.5239/-634.3894/634.3894
10.11.2017 12:35:12; INFO; 0; $FRCMD,358735070559157,_SendMessage,,2245.63057,N,7555.32715,E,0,4.31965442764579,177,101117,070507.000,1,Button1=1,Button2=0,*52
10.11.2017 12:35:13; INFO; 0; 1 point sent of 1.Times for query/session/delete:1111.4743/-526.2373/526.2373
10.11.2017 12:35:14; INFO; 0; $FRCMD,358735070860761,_SendMessage,,2247.86720,N,7550.82458,E,0,0,0,101117,070514.673,1,Button1=0,Button2=1,*54
10.11.2017 12:35:15; INFO; 0; 1 point sent of 1.Times for query/session/delete:1044.637/-520.7399/520.7399
10.11.2017 12:35:16; INFO; 0; $FRCMD,358735070861660,_SendMessage,,2241.60053,N,7552.02942,E,0,0,338,101117,070516.310,1,Button1=1,Button2=1,*73
10.11.2017 12:35:16; INFO; 0; 1 point sent of 1.Times for query/session/delete:1117.07/-596.0182/596.0182
10.11.2017 12:35:17; INFO; 0; $FRCMD,358735070044440,_SendMessage,,2241.31947,N,7551.79138,E,0,12.9589632829374,41,101117,070515.000,1,Button1=1,Button2=0,*7D
10.11.2017 12:35:18; INFO; 0; 1 point sent of 1.Times for query/session/delete:1212.0917/-615.0246/615.0246
10.11.2017 12:35:18; INFO; 0; $FRCMD,358735070170815,_SendMessage,,2242.95677,N,7551.15463,E,0,5.39956803455723,92,101117,070512.000,1,Button1=0,Button2=0,*1E
10.11.2017 12:35:19; INFO; 0; 1 point sent of 1.Times for query/session/delete:1059.819/-528.8588/528.8588
10.11.2017 12:35:20; INFO; 0; $FRCMD,358735070048086,_SendMessage,,2247.08752,N,7551.17340,E,0,19.438444924406,144,101117,070519.000,1,Button1=1,Button2=0,*1D
10.11.2017 12:35:20; INFO; 0; 1 point sent of 1.Times for query/session/delete:1227.0673/-614.3852/614.3852
10.11.2017 12:35:21; INFO; 0; $FRCMD,358735070789234,_SendMessage,,2244.19697,N,7552.66113,E,0,6.47948164146868,40,101117,070457.000,1,Button1=1,Button2=0,*15
10.11.2017 12:35:22; INFO; 0; 1 point sent of 1.Times for query/session/delete:1220.1017/-620.8328/620.8328
10.11.2017 12:35:22; INFO; 0; $FRCMD,358735070867428,_SendMessage,,2242.92427,N,7550.67078,E,0,9.1792656587473,264,101117,070521.000,1,Button1=1,Button2=0,*69
10.11.2017 12:35:23; INFO; 0; 1 point sent of 1.Times for query/session/delete:1090.2378/-562.418/562.418
10.11.2017 12:35:24; INFO; 0; $FRCMD,358735070878987,_SendMessage,,2241.01322,N,7549.33365,E,0,0,268,101117,070524.153,1,Button1=0,Button2=1,*6C
10.11.2017 12:35:24; INFO; 0; 1 point sent of 1.Times for query/session/delete:1216.6623/-620.8698/620.8698
10.11.2017 12:35:25; INFO; 0; $FRCMD,358735070879787,_SendMessage,,2246.65012,N,7554.21524,E,0,15.658747300216,195,101117,070521.000,1,Button1=1,Button2=0,*06
10.11.2017 12:35:25; INFO; 0; 1 point sent of 1.Times for query/session/delete:1050.5399/-518.9951/518.9951
10.11.2017 12:35:26; INFO; 0; $FRCMD,358735070551279,_SendMessage,,2246.25610,N,7554.59885,E,0,0,343,101117,070526.561,1,Button1=0,Button2=1,*63
10.11.2017 12:35:27; INFO; 0; 1 point sent of 1.Times for query/session/delete:1212.4251/-609.5305/609.5305
10.11.2017 12:35:27; INFO; 0; $FRCMD,358735070555932,_SendMessage,,2244.77055,N,7550.27344,E,0,9.71922246220302,148,101117,070520.000,1,Button1=1,Button2=0,*75
10.11.2017 12:35:28; INFO; 0; 1 point sent of 1.Times for query/session/delete:1044.6423/-521.0495/521.0495
10.11.2017 12:35:29; INFO; 0; $FRCMD,358735070736789,_SendMessage,,2244.15989,N,7549.74289,E,0,7.01943844492441,126,101117,070520.000,1,Button1=1,Button2=0,*5F
10.11.2017 12:35:29; INFO; 0; 1 point sent of 1.Times for query/session/delete:1045.037/-519.7354/519.7354
10.11.2017 12:35:30; INFO; 0; $FRCMD,358735070745343,_SendMessage,,2242.45552,N,7551.08780,E,0,10.7991360691145,67,101117,070522.000,1,Button1=1,Button2=0,*24
10.11.2017 12:35:31; INFO; 0; 1 point sent of 1.Times for query/session/delete:1205.9348/-615.796/615.796
10.11.2017 12:35:31; INFO; 0; $FRCMD,358735070862635,_SendMessage,,2242.37770,N,7550.53619,E,0,23.7580993520518,153,101117,070530.000,1,Button1=1,Button2=0,*64
10.11.2017 12:35:32; INFO; 0; 1 point sent of 1.Times for query/session/delete:1097.2482/-534.5909/534.5909
10.11.2017 12:35:33; INFO; 0; $FRCMD,358735070517833,_SendMessage,,2242.42702,N,7551.04385,E,0,15.1187904967603,241,101117,070528.000,1,Button1=1,Button2=0,*5D
10.11.2017 12:35:33; INFO; 0; 1 point sent of 1.Times for query/session/delete:1287.0892/-687.9247/687.9247
10.11.2017 12:35:35; INFO; 0; $FRCMD,358735070559256,_SendMessage,,2244.75121,N,7551.66687,E,0,0,189,101117,070535.889,1,Button1=1,Button2=0,*2C
10.11.2017 12:35:36; INFO; 0; 1 point sent of 1.Times for query/session/delete:1043.9407/-522.395/522.395
10.11.2017 12:35:37; INFO; 0; $FRCMD,358735070730352,_SendMessage,,2245.30830,N,7552.19238,E,0,7.55939524838013,2,101117,070527.000,1,Button1=1,Button2=0,*0E
10.11.2017 12:35:37; INFO; 0; 1 point sent of 1.Times for query/session/delete:1202.9875/-610.0441/610.0441
10.11.2017 12:35:38; INFO; 0; $FRCMD,358735070732036,_SendMessage,,2243.22365,N,7551.51169,E,0,8.63930885529158,176,101117,070523.000,1,Button1=1,Button2=0,*20
10.11.2017 12:35:38; INFO; 0; 1 point sent of 1.Times for query/session/delete:1040.8977/-519.1762/519.1762
10.11.2017 12:35:39; INFO; 0; $FRCMD,358735070734628,_SendMessage,,2243.99509,N,7551.93192,E,0,8.09935205183585,57,101117,070534.000,1,Button1=1,Button2=0,*52
10.11.2017 12:35:40; INFO; 0; 1 point sent of 1.Times for query/session/delete:1200.8917/-614.4965/614.4965
10.11.2017 12:35:41; INFO; 0; $FRCMD,358735070551261,_SendMessage,,2238.36403,N,7553.29880,E,0,0,8,101117,070541.106,1,Button1=1,Button2=1,*61
10.11.2017 12:35:41; INFO; 0; 1 point sent of 1.Times for query/session/delete:1204.3926/-608.6777/608.6777
10.11.2017 12:35:42; INFO; 0; $FRCMD,358735070531214,_SendMessage,,2245.83565,N,7552.25876,E,0,5.93952483801296,241,101117,070524.000,1,Button1=1,Button2=0,*79
10.11.2017 12:35:43; INFO; 0; 1 point sent of 1.Times for query/session/delete:1217.2321/-610.9767/610.9767
10.11.2017 12:35:44; INFO; 0; $FRCMD,358735070546139,_SendMessage,,2242.48001,N,7551.17249,E,0,0,64,101117,070544.092,1,Button1=0,Button2=1,*5B
10.11.2017 12:35:44; INFO; 0; 1 point sent of 1.Times for query/session/delete:1042.2366/-519.3844/519.3844
10.11.2017 12:35:45; INFO; 0; $FRCMD,358735070162572,_SendMessage,,2241.52397,N,7552.07703,E,0,0.539956803455724,343,101117,070543.000,1,Button1=1,Button2=0,*31
10.11.2017 12:35:46; INFO; 0; 1 point sent of 1.Times for query/session/delete:1045.431/-518.4634/518.4634
10.11.2017 12:35:47; INFO; 0; $FRCMD,358735070734727,_SendMessage,,2244.61548,N,7552.45834,E,0,14.0388768898488,302,101117,070538.000,1,Button1=1,Button2=0,*6F
10.11.2017 12:35:47; INFO; 0; 1 point sent of 1.Times for query/session/delete:1043.4435/-519.1795/519.1795
10.11.2017 12:35:48; INFO; 0; $FRCMD,358735070734735,_SendMessage,,2243.98663,N,7552.45651,E,0,12.9589632829374,225,101117,070544.000,1,Button1=1,Button2=0,*26
10.11.2017 12:35:49; INFO; 0; 1 point sent of 1.Times for query/session/delete:1208.4825/-615.797/615.797
10.11.2017 12:35:50; INFO; 0; $FRCMD,358735070564280,_SendMessage,,2244.10862,N,7552.56729,E,0,15.658747300216,226,101117,070544.000,1,Button1=1,Button2=0,*50
10.11.2017 12:35:50; INFO; 0; 1 point sent of 1.Times for query/session/delete:1205.6832/-612.209/612.209
10.11.2017 12:35:51; INFO; 0; $FRCMD,358735070567820,_SendMessage,,2244.12235,N,7549.77722,E,0,7.01943844492441,313,101117,070549.000,1,Button1=1,Button2=0,*6D
10.11.2017 12:35:52; INFO; 0; 1 point sent of 1.Times for query/session/delete:1039.7607/-519.6466/519.6466
10.11.2017 12:35:52; INFO; 0; $FRCMD,358735070745590,_SendMessage,,2244.32079,N,7552.04407,E,0,22.6781857451404,191,101117,070543.000,1,Button1=1,Button2=0,*28
10.11.2017 12:35:53; INFO; 0; 1 point sent of 1.Times for query/session/delete:1213.9997/-621.5483/621.5483
10.11.2017 12:35:53; INFO; 0; $FRCMD,358735070539480,_SendMessage,,2242.34165,N,7550.89783,E,0,12.4190064794816,63,101117,070533.000,1,Button1=1,Button2=0,*58
10.11.2017 12:35:54; INFO; 0; 1 point sent of 1.Times for query/session/delete:1036.4198/-515.1412/515.1412
10.11.2017 12:35:55; INFO; 0; $FRCMD,358735070563217,_SendMessage,,2242.12227,N,7550.33569,E,0,15.1187904967603,50,101117,070414.000,1,Button1=1,Button2=0,*63
10.11.2017 12:35:55; INFO; 0; 1 point sent of 1.Times for query/session/delete:1217.2082/-617.648/617.648
10.11.2017 12:35:56; INFO; 0; $FRCMD,358735070730097,_SendMessage,,2242.85835,N,7552.48444,E,0,8.09935205183585,131,101117,070536.000,1,Button1=1,Button2=0,*6D
10.11.2017 12:35:56; INFO; 0; 1 point sent of 1.Times for query/session/delete:1046.9844/-520.581/520.581
10.11.2017 12:35:57; INFO; 0; $FRCMD,358735070745301,_SendMessage,,2241.29635,N,7553.14590,E,0,12.9589632829374,124,101117,070550.000,1,Button1=1,Button2=0,*24
10.11.2017 12:35:58; INFO; 0; 1 point sent of 1.Times for query/session/delete:1209.5502/-613.4595/613.4595
10.11.2017 12:35:58; INFO; 0; $FRCMD,358735070732630,_SendMessage,,2243.36842,N,7550.58289,E,0,4.31965442764579,69,101117,070554.000,1,Button1=1,Button2=0,*50
10.11.2017 12:35:59; INFO; 0; 1 point sent of 1.Times for query/session/delete:1110.5827/-572.1132/572.1132
10.11.2017 12:36:00; INFO; 0; $FRCMD,358735070736714,_SendMessage,,2244.08104,N,7550.35126,E,0,13.4989200863931,94,101117,070550.000,1,Button1=1,Button2=0,*64
10.11.2017 12:36:00; INFO; 0; 1 point sent of 1.Times for query/session/delete:1208.1378/-613.623/613.623
10.11.2017 12:36:01; INFO; 0; $FRCMD,358735070204895,_SendMessage,,2246.33198,N,7551.75980,E,0,22.6781857451404,326,101117,070358.000,1,Button1=1,Button2=0,*60
10.11.2017 12:36:01; INFO; 0; 1 point sent of 1.Times for query/session/delete:1048.6438/-521.7239/521.7239
10.11.2017 12:36:02; INFO; 0; $FRCMD,351608080782688,_SendMessage,,2242.49088,N,7551.29562,E,0,10.2591792656587,300,101117,070559.000,1,Button1=1,Button2=0,*54
10.11.2017 12:36:03; INFO; 0; 1 point sent of 1.Times for query/session/delete:1207.8541/-614.2825/614.2825
10.11.2017 12:36:03; INFO; 0; $FRCMD,358735070734230,_SendMessage,,2241.84715,N,7552.71744,E,0,9.71922246220302,326,101117,070519.000,1,Button1=1,Button2=0,*5F
10.11.2017 12:36:04; INFO; 0; 1 point sent of 1.Times for query/session/delete:1044.3695/-521.0862/521.0862
10.11.2017 12:36:04; INFO; 0; $FRCMD,358735070734636,_SendMessage,,2241.38195,N,7552.19238,E,0,9.71922246220302,143,101117,070556.000,1,Button1=1,Button2=0,*2D
10.11.2017 12:36:05; INFO; 0; 1 point sent of 1.Times for query/session/delete:1202.024/-612.1345/612.1345
10.11.2017 12:36:06; INFO; 0; $FRCMD,358735070745376,_SendMessage,,2240.49435,N,7552.76047,E,0,12.4190064794816,327,101117,070605.000,1,Button1=1,Button2=0,*29
10.11.2017 12:36:07; INFO; 0; 1 point sent of 1.Times for query/session/delete:1047.7194/-521.4216/521.4216
10.11.2017 12:36:12; INFO; 0; $FRCMD,358735070551345,_SendMessage,,2244.24904,N,7553.07266,E,0,10.7991360691145,129,101117,070532.000,1,Button1=1,Button2=0,*52
10.11.2017 12:36:13; INFO; 0; 1 point sent of 1.Times for query/session/delete:1046.356/-522.2062/522.2062
10.11.2017 12:36:23; INFO; 0; $FRCMD,358735070851190,_SendMessage,,2240.16922,N,7552.89322,E,0,19.438444924406,162,101117,070617.000,1,Button1=1,Button2=0,*50
10.11.2017 12:36:24; INFO; 0; 1 point sent of 1.Times for query/session/delete:1043.4067/-518.9494/518.9494
10.11.2017 12:36:29; INFO; 0; $FRCMD,358735070559157,_SendMessage,,2245.57152,N,7555.32166,E,0,12.4190064794816,183,101117,070537.000,1,Button1=1,Button2=0,*6B
10.11.2017 12:36:30; INFO; 0; 1 point sent of 1.Times for query/session/delete:1047.1215/-520.7303/520.7303
10.11.2017 12:36:36; INFO; 0; $FRCMD,358735070551279,_SendMessage,,2246.25610,N,7554.59885,E,0,0,343,101117,070636.944,1,Button1=0,Button2=1,*26
10.11.2017 12:36:37; INFO; 0; 1 point sent of 1.Times for query/session/delete:1524.7142/-618.63/618.63
10.11.2017 12:36:45; INFO; 0; $FRCMD,358735070531214,_SendMessage,,2245.72292,N,7552.23038,E,0,5.93952483801296,187,101117,070644.000,1,Button1=1,Button2=0,*7D
10.11.2017 12:36:46; INFO; 0; 1 point sent of 1.Times for query/session/delete:1204.3827/-614.1227/614.1227
10.11.2017 12:36:51; INFO; 0; $FRCMD,358735070539480,_SendMessage,,2242.43629,N,7551.05118,E,0,6.47948164146868,66,101117,070643.000,1,Button1=1,Button2=0,*2F
10.11.2017 12:36:52; INFO; 0; 1 point sent of 1.Times for query/session/delete:1039.8525/-517.7478/517.7478
10.11.2017 12:36:55; INFO; 0; $FRCMD,358735070204895,_SendMessage,,2246.33198,N,7551.75980,E,0,22.6781857451404,326,101117,070358.000,1,Button1=1,Button2=0,*1B
10.11.2017 12:36:55; INFO; 0; 1 point sent of 1.Times for query/session/delete:1068.4795/-520.2317/520.2317
10.11.2017 12:36:56; INFO; 0; $FRCMD,351608080782688,_SendMessage,,2242.52441,N,7551.26953,E,0,3.77969762419006,31,101117,070629.000,1,Button1=1,Button2=0,*21
10.11.2017 12:36:57; INFO; 0; 1 point sent of 1.Times for query/session/delete:1247.4467/-640.9446/640.9446
10.11.2017 12:36:59; INFO; 0; $FRCMD,358735070745376,_SendMessage,,2240.52685,N,7552.73941,E,0,9.1792656587473,328,101117,070625.000,1,Button1=1,Button2=0,*63
10.11.2017 12:37:00; INFO; 0; 1 point sent of 1.Times for query/session/delete:1037.9187/-518.6518/518.6518
10.11.2017 12:37:05; INFO; 0; $FRCMD,358735070551345,_SendMessage,,2244.09752,N,7553.29834,E,0,17.2786177105832,125,101117,070702.000,1,Button1=1,Button2=0,*6B
10.11.2017 12:37:06; INFO; 0; 1 point sent of 1.Times for query/session/delete:1048.8872/-518.1415/518.1415
10.11.2017 12:37:17; INFO; 0; $FRCMD,358735070851190,_SendMessage,,2240.12722,N,7552.90787,E,0,10.7991360691145,164,101117,070627.000,1,Button1=1,Button2=0,*20
10.11.2017 12:37:17; INFO; 0; 1 point sent of 1.Times for query/session/delete:1041.6502/-519.8883/519.8883
10.11.2017 12:37:18; INFO; 0; $FRCMD,358735070730386,_SendMessage,,2245.84698,N,7552.27341,E,0,0,145,101117,070718.617,1,Button1=1,Button2=0,*52
10.11.2017 12:37:19; INFO; 0; 1 point sent of 1.Times for query/session/delete:1515.0726/-613.031/613.031
10.11.2017 12:37:23; INFO; 0; $FRCMD,358735070559157,_SendMessage,,2245.33520,N,7555.29922,E,0,7.55939524838013,178,101117,070717.000,1,Button1=1,Button2=0,*7E
10.11.2017 12:37:24; INFO; 0; 1 point sent of 1.Times for query/session/delete:1034.5594/-517.2347/517.2347
10.11.2017 12:37:29; INFO; 0; $FRCMD,358735070878987,_SendMessage,,2241.01322,N,7549.33365,E,0,0,268,101117,070729.824,1,Button1=0,Button2=1,*2B
10.11.2017 12:37:30; INFO; 0; 1 point sent of 1.Times for query/session/delete:1235.22/-612.0259/612.0259
10.11.2017 12:37:31; INFO; 0; $FRCMD,358735070551279,_SendMessage,,2246.25610,N,7554.59885,E,0,0,343,101117,070731.543,1,Button1=0,Button2=1,*05
10.11.2017 12:37:32; INFO; 0; 1 point sent of 1.Times for query/session/delete:1217.7334/-617.9047/617.9047
10.11.2017 12:37:40; INFO; 0; $FRCMD,358735070531214,_SendMessage,,2245.58788,N,7552.20428,E,0,9.71922246220302,172,101117,070734.000,1,Button1=1,Button2=0,*71
10.11.2017 12:37:41; INFO; 0; 1 point sent of 1.Times for query/session/delete:1200.6785/-612.7507/612.7507
10.11.2017 12:37:46; INFO; 0; $FRCMD,358735070539480,_SendMessage,,2242.47875,N,7551.17615,E,0,7.01943844492441,60,101117,070733.000,1,Button1=1,Button2=0,*5B
10.11.2017 13:23:32; WARNING; 0; Client started
10.11.2017 13:23:32; WARNING; 0; GpsGate client started
10.11.2017 13:23:32; WARNING; 0; GpsGate Data Should Received
10.11.2017 13:23:36; INFO; 0; $FRCMD,358735070555932,_SendMessage,,2242.77699,N,7552.74124,E,0,0,134,101117,075336.937,1,Button1=1,Button2=1,*35
10.11.2017 13:23:37; INFO; 0; 1 point sent of 1.Times for query/session/delete:2317.6763/-576.5947/576.5947
10.11.2017 13:23:38; INFO; 0; $FRCMD,358735070559132,_SendMessage,,2243.43330,N,7551.54144,E,0,5.93952483801296,347,101117,074119.000,1,Button1=1,Button2=0,*71
10.11.2017 13:23:38; INFO; 0; 1 point sent of 1.Times for query/session/delete:1118.0537/-559.5823/559.5823
10.11.2017 13:23:42; INFO; 0; $FRCMD,358735070555866,_SendMessage,,2244.81312,N,7551.85638,E,0,7.55939524838013,284,101117,075335.000,1,Button1=1,Button2=0,*52
10.11.2017 13:23:42; INFO; 0; 1 point sent of 1.Times for query/session/delete:1139.909/-561.436/561.436
10.11.2017 13:23:44; INFO; 0; $FRCMD,358735070732036,_SendMessage,,2241.02192,N,7550.06378,E,0,0,281,101117,075344.845,1,Button1=0,Button2=1,*51
10.11.2017 13:23:45; INFO; 0; 1 point sent of 1.Times for query/session/delete:1286.7873/-635.6618/635.6618
10.11.2017 13:23:46; INFO; 0; $FRCMD,358735070530646,_SendMessage,,2243.37528,N,7550.76279,E,0,6.47948164146868,96,101117,075333.000,1,Button1=1,Button2=0,*71
10.11.2017 13:23:47; INFO; 0; 1 point sent of 1.Times for query/session/delete:1149.1244/-562.555/562.555
10.11.2017 13:23:47; INFO; 0; $FRCMD,358735070551261,_SendMessage,,2238.36403,N,7553.29880,E,0,0,8,101117,075347.724,1,Button1=1,Button2=1,*61
10.11.2017 13:23:48; INFO; 0; 1 point sent of 1.Times for query/session/delete:1118.9867/-541.9516/541.9516
10.11.2017 13:23:49; INFO; 0; $FRCMD,358735070531214,_SendMessage,,2241.37840,N,7550.24002,E,0,16.7386609071274,12,101117,075347.000,1,Button1=1,Button2=0,*7A
10.11.2017 13:23:49; INFO; 0; 1 point sent of 1.Times for query/session/delete:1144.9809/-568.4682/568.4682
10.11.2017 13:23:51; INFO; 0; $FRCMD,358735070537039,_SendMessage,,2244.16676,N,7552.01752,E,0,18.8984881209503,188,101117,075343.000,1,Button1=1,Button2=0,*17
10.11.2017 13:23:52; INFO; 0; 1 point sent of 1.Times for query/session/delete:1157.9958/-607.5261/607.5261
10.11.2017 13:23:53; INFO; 0; $FRCMD,358735070734727,_SendMessage,,2244.42356,N,7550.24460,E,0,0,272,101117,075353.113,1,Button1=0,Button2=1,*5D
10.11.2017 13:23:53; INFO; 0; 1 point sent of 1.Times for query/session/delete:1228.1056/-620.5692/620.5692
10.11.2017 13:23:57; INFO; 0; $FRCMD,358735070539480,_SendMessage,,2245.15312,N,7553.75244,E,0,18.3585313174946,16,101117,075356.000,1,Button1=1,Button2=0,*00
10.11.2017 13:23:57; INFO; 0; 1 point sent of 1.Times for query/session/delete:1108.922/-561.4194/561.4194
10.11.2017 13:23:58; INFO; 0; $FRCMD,358735070563217,_SendMessage,,2243.66505,N,7555.93597,E,0,0,243,101117,075358.430,1,Button1=1,Button2=1,*66
10.11.2017 13:23:59; INFO; 0; 1 point sent of 1.Times for query/session/delete:1438.3041/-876.5748/876.5748
10.11.2017 13:24:01; INFO; 0; $FRCMD,358735070736714,_SendMessage,,2244.02782,N,7553.38394,E,0,0,297,101117,075401.474,1,Button1=1,Button2=1,*7A
10.11.2017 13:24:02; INFO; 0; 1 point sent of 1.Times for query/session/delete:1110.6751/-564.4144/564.4144
10.11.2017 13:24:02; INFO; 0; $FRCMD,358735070204895,_SendMessage,,2245.22682,N,7554.17816,E,0,11.3390928725702,104,101117,075246.000,1,Button1=1,Button2=0,*00
10.11.2017 13:24:03; INFO; 0; 1 point sent of 1.Times for query/session/delete:1087.8378/-526.7571/526.7571
10.11.2017 13:24:03; INFO; 0; $FRCMD,351608080782688,_SendMessage,,2241.84074,N,7551.90720,E,0,10.7991360691145,155,101117,073609.000,1,Button1=1,Button2=0,*56
10.11.2017 13:24:04; INFO; 0; 1 point sent of 1.Times for query/session/delete:1130.0499/-597.5664/597.5664
10.11.2017 13:24:06; INFO; 0; $FRCMD,358735070745376,_SendMessage,,2244.40571,N,7547.27234,E,0,12.4190064794816,275,101117,075328.000,1,Button1=1,Button2=0,*5C
10.11.2017 13:24:07; INFO; 0; 1 point sent of 1.Times for query/session/delete:1110.0864/-542.5164/542.5164
10.11.2017 13:24:08; INFO; 0; $FRCMD,358735070189161,_SendMessage,,2243.16597,N,7551.43753,E,0,7.55939524838013,60,101117,065436.000,1,Button1=1,Button2=0,*2C
10.11.2017 13:24:09; INFO; 0; 1 point sent of 1.Times for query/session/delete:1080.981/-530.4901/530.4901
10.11.2017 13:24:10; INFO; 0; $FRCMD,358735070745640,_SendMessage,,2240.98267,N,7551.30295,E,0,0,48,101117,075410.320,1,Button1=0,Button2=1,*15
10.11.2017 13:24:10; INFO; 0; 1 point sent of 1.Times for query/session/delete:1113.9773/-581.4594/581.4594
10.11.2017 13:24:12; INFO; 0; $FRCMD,358735070205629,_SendMessage,,2241.13018,N,7549.43207,E,0,4.85961123110151,31,101117,074224.000,1,Button1=1,Button2=0,*42
10.11.2017 13:24:13; INFO; 0; 1 point sent of 1.Times for query/session/delete:1144.2727/-598.4461/598.4461
10.11.2017 13:24:14; INFO; 0; $FRCMD,358735070551345,_SendMessage,,2243.13255,N,7551.33636,E,0,0,63,101117,075414.088,1,Button1=1,Button2=1,*63
10.11.2017 13:24:14; INFO; 0; 1 point sent of 1.Times for query/session/delete:1137.5331/-558.5158/558.5158
10.11.2017 13:24:17; INFO; 0; $FRCMD,358735070862502,_SendMessage,,2244.25362,N,7554.07700,E,0,0,282,101117,075417.029,1,Button1=0,Button2=1,*46
10.11.2017 13:24:17; INFO; 0; 1 point sent of 1.Times for query/session/delete:1106.4428/-541.4709/541.4709
10.11.2017 13:24:18; INFO; 0; $FRCMD,358735070041586,_SendMessage,,2247.86938,N,7550.84335,E,0,0,187,101117,075418.699,1,Button1=1,Button2=1,*7C
10.11.2017 13:24:19; INFO; 0; 1 point sent of 1.Times for query/session/delete:1122.7296/-527.4798/527.4798
10.11.2017 13:24:20; INFO; 0; $FRCMD,358735070574644,_SendMessage,,2241.60225,N,7552.03857,E,0,0,153,101117,075420.752,1,Button1=1,Button2=1,*08
10.11.2017 13:24:21; INFO; 0; 1 point sent of 1.Times for query/session/delete:1167.101/-594.5167/594.5167
10.11.2017 13:24:22; INFO; 0; $FRCMD,358735070745616,_SendMessage,,2243.12969,N,7551.34140,E,0,0,37,101117,075422.859,1,Button1=1,Button2=1,*75
10.11.2017 13:24:23; INFO; 0; 1 point sent of 1.Times for query/session/delete:1165.0262/-561.4992/561.4992
10.11.2017 13:24:24; INFO; 0; $FRCMD,358735070532428,_SendMessage,,2245.67005,N,7555.75836,E,0,0,269,101117,075424.073,1,Button1=1,Button2=0,*41
10.11.2017 13:24:24; INFO; 0; 1 point sent of 1.Times for query/session/delete:1241.0514/-629.5857/629.5857
