02.09.2017 17:02:53; WARNING; 0; Client started
02.09.2017 17:02:53; WARNING; 0; HTTP/JSON client started
02.09.2017 17:02:53; WARNING; 0; Client started
02.09.2017 17:02:53; WARNING; 0; HTTP/JSON client started
02.09.2017 17:02:53; WARNING; 0; Client started
02.09.2017 17:02:53; WARNING; 0; HTTP/JSON client started
02.09.2017 17:02:53; WARNING; 0; Client started
02.09.2017 17:02:53; WARNING; 0; HTTP/JSON client started
02.09.2017 17:02:53; WARNING; 0; Client started
02.09.2017 17:02:53; WARNING; 0; HTTP/JSON client started
02.09.2017 17:02:53; WARNING; 0; Client started
02.09.2017 17:02:53; WARNING; 0; HTTP/JSON client started
02.09.2017 17:02:53; WARNING; 0; Client started
02.09.2017 17:02:53; WARNING; 0; HTTP/JSON client started
02.09.2017 17:02:53; WARNING; 0; Client started
02.09.2017 17:02:53; WARNING; 0; HTTP/JSON client started
02.09.2017 17:35:08; WARNING; 0; Client started
02.09.2017 17:35:08; WARNING; 0; HTTP/JSON client started
02.09.2017 17:35:08; WARNING; 0; Client started
02.09.2017 17:35:08; WARNING; 0; HTTP/JSON client started
02.09.2017 17:35:08; WARNING; 0; Client started
02.09.2017 17:35:08; WARNING; 0; HTTP/JSON client started
02.09.2017 17:35:08; WARNING; 0; Client started
02.09.2017 17:35:08; WARNING; 0; HTTP/JSON client started
02.09.2017 17:35:08; WARNING; 0; Client started
02.09.2017 17:35:08; WARNING; 0; HTTP/JSON client started
02.09.2017 17:35:08; WARNING; 0; Client started
02.09.2017 17:35:08; WARNING; 0; HTTP/JSON client started
02.09.2017 17:35:08; WARNING; 0; Client started
02.09.2017 17:35:08; WARNING; 0; HTTP/JSON client started
02.09.2017 17:35:08; WARNING; 0; Client started
02.09.2017 17:35:08; WARNING; 0; HTTP/JSON client started
02.09.2017 17:35:27; INFO; 0; >> [{"deviceId": "358735070787642", "latitude": "30.74651", "longitude": "76.73624", "timeStamp": "1504353931", "speed": "12.22222", "sos": "False", "altitude": "0", "vehicleNo": "CH01-GA-5002", "isValid": "True"}]
02.09.2017 17:35:27; INFO; 0; >> [{"deviceId": "358735070788822", "latitude": "30.73835", "longitude": "76.77171", "timeStamp": "1504353923", "speed": "13.88889", "sos": "False", "altitude": "0", "vehicleNo": "CH01-GA-5015", "isValid": "True"}, {"deviceId": "358735070788822", "latitude": "30.73764", "longitude": "76.7706", "timeStamp": "1504353913", "speed": "11.11111", "sos": "False", "altitude": "0", "vehicleNo": "CH01-GA-5015", "isValid": "True"}, {"deviceId": "358735070788822", "latitude": "30.73707", "longitude": "76.76966", "timeStamp": "1504353903", "speed": "9.72222", "sos": "False", "altitude": "0", "vehicleNo": "CH01-GA-5015", "isValid": "True"}, {"deviceId": "358735070788822", "latitude": "30.73662", "longitude": "76.76884", "timeStamp": "1504353893", "speed": "7.5", "sos": "False", "altitude": "0", "vehicleNo": "CH01-GA-5015", "isValid": "True"}, {"deviceId": "358735070788822", "latitude": "30.73636", "longitude": "76.76831", "timeStamp": "1504353883", "speed": "4.44444", "sos": "False", "altitude": "0", "vehicleNo": "CH01-GA-5015", "isValid": "True"}, {"deviceId": "358735070788822", "latitude": "30.73606", "longitude": "76.76784", "timeStamp": "1504353873", "speed": "6.11111", "sos": "False", "altitude": "0", "vehicleNo": "CH01-GA-5015", "isValid": "True"}, {"deviceId": "358735070788822", "latitude": "30.73581", "longitude": "76.76737", "timeStamp": "1504353863", "speed": "4.16667", "sos": "False", "altitude": "0", "vehicleNo": "CH01-GA-5015", "isValid": "True"}]
02.09.2017 17:35:27; INFO; 0; >> [{"deviceId": "358735070789523", "latitude": "30.75073", "longitude": "76.72053", "timeStamp": "1504353911", "speed": "11.38889", "sos": "False", "altitude": "0", "vehicleNo": "CH01-GA-5025", "isValid": "True"}, {"deviceId": "358735070789523", "latitude": "30.75116", "longitude": "76.71945", "timeStamp": "1504353901", "speed": "11.66667", "sos": "False", "altitude": "0", "vehicleNo": "CH01-GA-5025", "isValid": "True"}, {"deviceId": "358735070789523", "latitude": "30.75156", "longitude": "76.71847", "timeStamp": "1504353891", "speed": "8.05556", "sos": "False", "altitude": "0", "vehicleNo": "CH01-GA-5025", "isValid": "True"}, {"deviceId": "358735070789523", "latitude": "30.75177", "longitude": "76.71791", "timeStamp": "1504353881", "speed": "4.16667", "sos": "False", "altitude": "0", "vehicleNo": "CH01-GA-5025", "isValid": "True"}, {"deviceId": "358735070789523", "latitude": "30.74938", "longitude": "76.72368", "timeStamp": "1504353748", "speed": "13.33333", "sos": "False", "altitude": "0", "vehicleNo": "CH01-GA-5025", "isValid": "True"}, {"deviceId": "358735070789523", "latitude": "30.74887", "longitude": "76.72493", "timeStamp": "1504353738", "speed": "11.94444", "sos": "False", "altitude": "0", "vehicleNo": "CH01-GA-5025", "isValid": "True"}, {"deviceId": "358735070789523", "latitude": "30.74833", "longitude": "76.72593", "timeStamp": "1504353728", "speed": "10.27778", "sos": "False", "altitude": "0", "vehicleNo": "CH01-GA-5025", "isValid": "True"}, {"deviceId": "358735070789523", "latitude": "30.74761", "longitude": "76.72655", "timeStamp": "1504353718", "speed": "9.16667", "sos": "False", "altitude": "0", "vehicleNo": "CH01-GA-5025", "isValid": "True"}]
02.09.2017 17:35:28; INFO; 0; 1 point sent of 1.Times for query/session/delete:9811.7171/347.2779/680.03
02.09.2017 17:35:29; INFO; 0; 7 point sent of 7.Times for query/session/delete:9320.7099/509.0497/1641.0368
02.09.2017 17:35:30; INFO; 0; 8 point sent of 8.Times for query/session/delete:9497.9422/508.3806/1877.2161
02.09.2017 17:35:32; INFO; 0; >> [{"deviceId": "358735070790620", "latitude": "30.76337", "longitude": "76.77265", "timeStamp": "1504353938", "speed": "7.77778", "sos": "False", "altitude": "0", "vehicleNo": "CH01-GA-5008", "isValid": "True"}, {"deviceId": "358735070790620", "latitude": "30.76395", "longitude": "76.77224", "timeStamp": "1504353928", "speed": "4.44444", "sos": "False", "altitude": "0", "vehicleNo": "CH01-GA-5008", "isValid": "True"}, {"deviceId": "358735070790620", "latitude": "30.76405", "longitude": "76.77215", "timeStamp": "1504353925", "speed": "3.33333", "sos": "False", "altitude": "0", "vehicleNo": "CH01-GA-5008", "isValid": "True"}, {"deviceId": "358735070790620", "latitude": "30.76388", "longitude": "76.77199", "timeStamp": "1504353915", "speed": "4.72222", "sos": "False", "altitude": "0", "vehicleNo": "CH01-GA-5008", "isValid": "True"}, {"deviceId": "358735070790620", "latitude": "30.76322", "longitude": "76.77258", "timeStamp": "1504353905", "speed": "11.11111", "sos": "False", "altitude": "0", "vehicleNo": "CH01-GA-5008", "isValid": "True"}, {"deviceId": "358735070790620", "latitude": "30.76238", "longitude": "76.7732", "timeStamp": "1504353895", "speed": "10.27778", "sos": "False", "altitude": "0", "vehicleNo": "CH01-GA-5008", "isValid": "True"}, {"deviceId": "358735070790620", "latitude": "30.76165", "longitude": "76.77374", "timeStamp": "1504353885", "speed": "7.77778", "sos": "False", "altitude": "0", "vehicleNo": "CH01-GA-5008", "isValid": "True"}, {"deviceId": "358735070790620", "latitude": "30.76107", "longitude": "76.77408", "timeStamp": "1504353875", "speed": "5.83333", "sos": "False", "altitude": "0", "vehicleNo": "CH01-GA-5008", "isValid": "True"}]
