02.09.2017 17:02:53; WARNING; 0; Client started
02.09.2017 17:02:53; WARNING; 0; HTTP/JSON client started
02.09.2017 17:02:53; WARNING; 0; Client started
02.09.2017 17:02:53; WARNING; 0; HTTP/JSON client started
02.09.2017 17:02:53; WARNING; 0; Client started
02.09.2017 17:02:53; WARNING; 0; HTTP/JSON client started
02.09.2017 17:02:53; WARNING; 0; Client started
02.09.2017 17:02:53; WARNING; 0; HTTP/JSON client started
02.09.2017 17:02:53; WARNING; 0; Client started
02.09.2017 17:02:53; WARNING; 0; HTTP/JSON client started
02.09.2017 17:02:53; WARNING; 0; Client started
02.09.2017 17:02:53; WARNING; 0; HTTP/JSON client started
02.09.2017 17:02:53; WARNING; 0; Client started
02.09.2017 17:02:53; WARNING; 0; HTTP/JSON client started
02.09.2017 17:02:53; WARNING; 0; Client started
02.09.2017 17:02:53; WARNING; 0; HTTP/JSON client started
02.09.2017 17:02:53; WARNING; 0; Client started
02.09.2017 17:02:53; WARNING; 0; HTTP/JSON client started
02.09.2017 17:02:53; WARNING; 0; Client started
02.09.2017 17:02:53; WARNING; 0; HTTP/JSON client started
02.09.2017 17:02:53; WARNING; 0; Client started
02.09.2017 17:02:53; WARNING; 0; HTTP/JSON client started
02.09.2017 17:02:53; WARNING; 0; Client started
02.09.2017 17:02:53; WARNING; 0; HTTP/JSON client started
02.09.2017 17:02:53; WARNING; 0; Client started
02.09.2017 17:02:53; WARNING; 0; HTTP/JSON client started
02.09.2017 17:02:53; WARNING; 0; Client started
02.09.2017 17:02:53; WARNING; 0; HTTP/JSON client started
02.09.2017 17:02:53; WARNING; 0; Client started
02.09.2017 17:02:53; WARNING; 0; HTTP/JSON client started
02.09.2017 17:02:53; WARNING; 0; Client started
02.09.2017 17:02:53; WARNING; 0; HTTP/JSON client started
02.09.2017 17:02:53; WARNING; 0; Client started
02.09.2017 17:02:53; WARNING; 0; HTTP/JSON client started
02.09.2017 17:02:53; WARNING; 0; Client started
02.09.2017 17:02:53; WARNING; 0; HTTP/JSON client started
02.09.2017 17:02:53; WARNING; 0; Client started
02.09.2017 17:02:53; WARNING; 0; HTTP/JSON client started
02.09.2017 17:02:53; WARNING; 0; Client started
02.09.2017 17:02:53; WARNING; 0; HTTP/JSON client started
02.09.2017 17:02:53; WARNING; 0; Client started
02.09.2017 17:02:53; WARNING; 0; HTTP/JSON client started
02.09.2017 17:02:53; WARNING; 0; Client started
02.09.2017 17:02:53; WARNING; 0; HTTP/JSON client started
02.09.2017 17:02:53; WARNING; 0; Client started
02.09.2017 17:02:53; WARNING; 0; HTTP/JSON client started
02.09.2017 17:02:53; WARNING; 0; Client started
02.09.2017 17:02:53; WARNING; 0; HTTP/JSON client started
02.09.2017 17:02:53; WARNING; 0; Client started
02.09.2017 17:02:53; WARNING; 0; HTTP/JSON client started
02.09.2017 17:35:08; WARNING; 0; Client started
02.09.2017 17:35:08; WARNING; 0; HTTP/JSON client started
02.09.2017 17:35:08; WARNING; 0; Client started
02.09.2017 17:35:08; WARNING; 0; HTTP/JSON client started
02.09.2017 17:35:08; WARNING; 0; Client started
02.09.2017 17:35:08; WARNING; 0; HTTP/JSON client started
02.09.2017 17:35:08; WARNING; 0; Client started
02.09.2017 17:35:08; WARNING; 0; HTTP/JSON client started
02.09.2017 17:35:08; WARNING; 0; Client started
02.09.2017 17:35:08; WARNING; 0; HTTP/JSON client started
02.09.2017 17:35:08; WARNING; 0; Client started
02.09.2017 17:35:08; WARNING; 0; HTTP/JSON client started
02.09.2017 17:35:08; WARNING; 0; Client started
02.09.2017 17:35:08; WARNING; 0; HTTP/JSON client started
02.09.2017 17:35:08; WARNING; 0; Client started
02.09.2017 17:35:08; WARNING; 0; HTTP/JSON client started
02.09.2017 17:35:08; WARNING; 0; Client started
02.09.2017 17:35:08; WARNING; 0; HTTP/JSON client started
02.09.2017 17:35:08; WARNING; 0; Client started
02.09.2017 17:35:08; WARNING; 0; HTTP/JSON client started
02.09.2017 17:35:08; WARNING; 0; Client started
02.09.2017 17:35:08; WARNING; 0; HTTP/JSON client started
02.09.2017 17:35:08; WARNING; 0; Client started
02.09.2017 17:35:08; WARNING; 0; HTTP/JSON client started
02.09.2017 17:35:08; WARNING; 0; Client started
02.09.2017 17:35:08; WARNING; 0; HTTP/JSON client started
02.09.2017 17:35:08; WARNING; 0; Client started
02.09.2017 17:35:08; WARNING; 0; HTTP/JSON client started
02.09.2017 17:35:08; WARNING; 0; Client started
02.09.2017 17:35:08; WARNING; 0; HTTP/JSON client started
02.09.2017 17:35:08; WARNING; 0; Client started
02.09.2017 17:35:08; WARNING; 0; HTTP/JSON client started
02.09.2017 17:35:08; WARNING; 0; Client started
02.09.2017 17:35:08; WARNING; 0; HTTP/JSON client started
02.09.2017 17:35:08; WARNING; 0; Client started
02.09.2017 17:35:08; WARNING; 0; HTTP/JSON client started
02.09.2017 17:35:08; WARNING; 0; Client started
02.09.2017 17:35:08; WARNING; 0; HTTP/JSON client started
02.09.2017 17:35:08; WARNING; 0; Client started
02.09.2017 17:35:08; WARNING; 0; HTTP/JSON client started
02.09.2017 17:35:08; WARNING; 0; Client started
02.09.2017 17:35:08; WARNING; 0; HTTP/JSON client started
02.09.2017 17:35:08; WARNING; 0; Client started
02.09.2017 17:35:08; WARNING; 0; HTTP/JSON client started
02.09.2017 17:35:08; WARNING; 0; Client started
02.09.2017 17:35:08; WARNING; 0; HTTP/JSON client started
02.09.2017 17:35:08; WARNING; 0; Client started
02.09.2017 17:35:08; WARNING; 0; HTTP/JSON client started
02.09.2017 17:35:08; WARNING; 0; Client started
02.09.2017 17:35:08; WARNING; 0; HTTP/JSON client started
02.09.2017 17:35:13; INFO; 0; >> [{"deviceId": "358735070793145", "latitude": "19.02857", "longitude": "72.85512", "timeStamp": "1504353925", "speed": "3.88889", "sos": "False", "altitude": "0", "vehicleNo": "MH01-L-9563", "isValid": "True"}]
02.09.2017 17:35:14; INFO; 0; >> [{"deviceId": "358735070795918", "latitude": "19.01477", "longitude": "72.82645", "timeStamp": "1504353927", "speed": "4.44444", "sos": "False", "altitude": "0", "vehicleNo": "MH01-L-9564", "isValid": "True"}]
02.09.2017 17:35:14; INFO; 0; >> [{"deviceId": "358735070745715", "latitude": "18.97578", "longitude": "72.83092", "timeStamp": "1504353925", "speed": "4.16667", "sos": "False", "altitude": "0", "vehicleNo": "MH01-L-9569", "isValid": "True"}]
02.09.2017 17:35:14; INFO; 0; >> [{"deviceId": "358735070787162", "latitude": "19.01313", "longitude": "72.82832", "timeStamp": "1504353924", "speed": "4.44444", "sos": "False", "altitude": "0", "vehicleNo": "MH01-L-9571", "isValid": "True"}]
02.09.2017 17:35:14; INFO; 0; 1 point sent of 1.Times for query/session/delete:231.0714/471.4367/657.2431
02.09.2017 17:35:15; INFO; 0; 1 point sent of 1.Times for query/session/delete:185.4492/341.2236/710.2033
02.09.2017 17:35:15; INFO; 0; 1 point sent of 1.Times for query/session/delete:169.8145/466.2235/739.9139
02.09.2017 17:35:15; INFO; 0; >> [{"deviceId": "358735070790414", "latitude": "19.06911", "longitude": "72.86824", "timeStamp": "1504353920", "speed": "2.5", "sos": "False", "altitude": "0", "vehicleNo": "MH01-L-9644", "isValid": "True"}]
02.09.2017 17:35:15; INFO; 0; 1 point sent of 1.Times for query/session/delete:168.3078/466.9231/818.6729
02.09.2017 17:35:15; INFO; 0; >> [{"deviceId": "358735070730378", "latitude": "19.10839", "longitude": "72.92422", "timeStamp": "1504353928", "speed": "8.33333", "sos": "False", "altitude": "0", "vehicleNo": "MH01-L-9645", "isValid": "True"}]
02.09.2017 17:35:16; INFO; 0; >> [{"deviceId": "358735070792915", "latitude": "19.10746", "longitude": "72.87536", "timeStamp": "1504353920", "speed": "2.5", "sos": "False", "altitude": "0", "vehicleNo": "MH01-L-9801", "isValid": "True"}]
02.09.2017 17:35:16; INFO; 0; 1 point sent of 1.Times for query/session/delete:295.8533/391.3252/719.5064
02.09.2017 17:35:16; INFO; 0; 1 point sent of 1.Times for query/session/delete:182.715/433.4979/677.1149
02.09.2017 17:35:17; INFO; 0; 1 point sent of 1.Times for query/session/delete:226.2542/388.3298/1095.7007
02.09.2017 17:35:33; INFO; 0; >> [{"deviceId": "358735070795363", "latitude": "18.95635", "longitude": "72.81585", "timeStamp": "1504353946", "speed": "4.16667", "sos": "False", "altitude": "0", "vehicleNo": "MH01-LA-5154", "isValid": "True"}]
02.09.2017 17:35:33; INFO; 0; >> [{"deviceId": "358735070794309", "latitude": "19.03823", "longitude": "72.84203", "timeStamp": "1504353948", "speed": "2.22222", "sos": "False", "altitude": "0", "vehicleNo": "MH01-LA-5157", "isValid": "True"}]
02.09.2017 17:35:33; INFO; 0; >> [{"deviceId": "358735070796189", "latitude": "18.97876", "longitude": "72.83213", "timeStamp": "1504353949", "speed": "1.94444", "sos": "False", "altitude": "0", "vehicleNo": "MH01-LA-5160", "isValid": "True"}]
