20.11.2012 21:35:54; WARNING; 0; CmdManager запущен
15.12.2012 19:07:00; WARNING; 0; CmdManager запущен
15.12.2012 19:12:18; WARNING; 0; CmdManager запущен
15.12.2012 19:15:10; WARNING; 0; CmdManager запущен
13.02.2013 17:35:19; WARNING; 0; CmdManager запущен
16.04.2013 07:14:53; WARNING; 0; CmdManager запущен
16.04.2013 07:14:53; ERROR; 0; System.InvalidOperationException: Connection must be valid and open.
   в MySql.Data.MySqlClient.MySqlCommand.CheckState()
   в MySql.Data.MySqlClient.MySqlCommand.ExecuteReader(CommandBehavior behavior)
   в MySql.Data.MySqlClient.MySqlCommand.ExecuteReader()
   в MySql.Data.MySqlClient.MySqlCommand.ExecuteNonQuery()
   в CmdManager.EraseOld(Object obj) в E:\GeoLoc\GeoLocServer\CmdManager.cs:строка 128
16.04.2013 07:15:03; ERROR; 0; Не удалось соединиться с БД
29.11.2013 14:19:49; WARNING; 0; CmdManager запущен
16.06.2014 11:44:15; WARNING; 0; CmdManager запущен
30.07.2014 00:29:20; WARNING; 0; CmdManager запущен
09.08.2014 15:05:35; WARNING; 0; CmdManager запущен
05.09.2014 16:26:14; WARNING; 0; CmdManager запущен
03.12.2014 13:22:14; WARNING; 0; CmdManager запущен
04.12.2014 14:25:07; WARNING; 0; CmdManager запущен
10.12.2014 14:08:38; WARNING; 0; CmdManager запущен
05.02.2015 17:01:49; WARNING; 0; CmdManager запущен
18.02.2015 14:22:01; WARNING; 0; CmdManager запущен
23.04.2015 15:56:50; WARNING; 0; CmdManager запущен
