02.11.2017 12:44:05; INFO; 0; Message added: zophop.alerts@locanix.com-> Device 358735070195937 Is Delayed More Than 3 Minutes. Its Latest TimeStamp Is 11/2/2017 12:00:00 AM/11/2017 6:57:54 and Location is <a href='https://www.google.co.in/maps/place/19.41917,72.82079'>Location</a>
02.11.2017 12:44:05; INFO; 0; Message added: zophop.alerts@locanix.com-> Device 358735070786347 Is Delayed More Than 3 Minutes. Its Latest TimeStamp Is 11/2/2017 12:00:00 AM/11/2017 7:10:19 and Location is <a href='https://www.google.co.in/maps/place/19.05016,72.85818'>Location</a>
02.11.2017 12:44:09; INFO; 0; Message added: zophop.alerts@locanix.com-> Device 358735070864672 Is Delayed More Than 3 Minutes. Its Latest TimeStamp Is 11/2/2017 12:00:00 AM/11/2017 7:2:25 and Location is <a href='https://www.google.co.in/maps/place/30.71538,76.74595'>Location</a>
02.11.2017 12:48:18; INFO; 0; Message added: zophop.alerts@locanix.com-> Device 358735070195937 Is Delayed More Than 3 Minutes. Its Latest TimeStamp Is 11/2/2017 12:00:00 AM/11/2017 6:57:54 and Location is <a href='https://www.google.co.in/maps/place/19.41917,72.82079'>Location</a>
02.11.2017 12:48:22; INFO; 0; Message added: zophop.alerts@locanix.com-> Device 358735070864672 Is Delayed More Than 3 Minutes. Its Latest TimeStamp Is 11/2/2017 12:00:00 AM/11/2017 7:2:25 and Location is <a href='https://www.google.co.in/maps/place/30.71538,76.74595'>Location</a>
02.11.2017 12:59:38; INFO; 0; Message added: zophop.alerts@locanix.com-> Device 358735070864672 Is Delayed More Than 3 Minutes. Its Latest TimeStamp Is 11/2/2017 12:00:00 AM/11/2017 7:2:25 and Location is <a href='https://www.google.co.in/maps/place/30.71538,76.74595'>Location</a>
02.11.2017 12:59:51; INFO; 0; Message added: zophop.alerts@locanix.com-> Device 358735070864672 Is Delayed More Than 3 Minutes. Its Latest TimeStamp Is 11/2/2017 12:00:00 AM/11/2017 7:2:25 and Location is <a href='https://www.google.co.in/maps/place/30.71538,76.74595'>Location</a>
02.11.2017 12:59:59; INFO; 0; Message added: zophop.alerts@locanix.com-> Device 358735070864672 Is Delayed More Than 3 Minutes. Its Latest TimeStamp Is 11/2/2017 12:00:00 AM/11/2017 7:2:25 and Location is <a href='https://www.google.co.in/maps/place/30.71538,76.74595'>Location</a>
02.11.2017 13:03:28; INFO; 0; Message added: zophop.alerts@locanix.com-> Device 358735070864672 Is Delayed More Than 3 Minutes. Its Latest TimeStamp Is 11/2/2017 12:00:00 AM/11/2017 7:2:25 and Location is <a href='https://www.google.co.in/maps/place/30.71538,76.74595'>Location</a>
02.11.2017 13:03:41; INFO; 0; Message added: zophop.alerts@locanix.com-> Device 358735070864672 Is Delayed More Than 3 Minutes. Its Latest TimeStamp Is 11/2/2017 12:00:00 AM/11/2017 7:2:25 and Location is <a href='https://www.google.co.in/maps/place/30.71538,76.74595'>Location</a>
02.11.2017 13:03:53; INFO; 0; Message added: zophop.alerts@locanix.com-> Device 358735070864672 Is Delayed More Than 3 Minutes. Its Latest TimeStamp Is 11/2/2017 12:00:00 AM/11/2017 7:2:25 and Location is <a href='https://www.google.co.in/maps/place/30.71538,76.74595'>Location</a>
02.11.2017 13:07:33; INFO; 0; Message added: zophop.alerts@locanix.com-> Device 358735070786347 Is Delayed More Than 3 Minutes. Its Latest TimeStamp Is 11/2/2017 12:00:00 AM/11/2017 7:33:4 and Location is <a href='https://www.google.co.in/maps/place/19.05006,72.85809'>Location</a>
02.11.2017 13:07:35; INFO; 0; Message added: zophop.alerts@locanix.com-> Device 358735070864672 Is Delayed More Than 3 Minutes. Its Latest TimeStamp Is 11/2/2017 12:00:00 AM/11/2017 7:2:25 and Location is <a href='https://www.google.co.in/maps/place/30.71538,76.74595'>Location</a>
02.11.2017 13:13:19; INFO; 0; Message added: zophop.alerts@locanix.com-> Device 358735070786347 Is Delayed More Than 3 Minutes. Its Latest TimeStamp Is 11/2/2017 12:00:00 AM/11/2017 7:33:4 and Location is <a href='https://www.google.co.in/maps/place/19.05006,72.85809'>Location</a>
02.11.2017 13:13:56; INFO; 0; Message added: zophop.alerts@locanix.com-> Device 358735070864672 Is Delayed More Than 3 Minutes. Its Latest TimeStamp Is 11/2/2017 12:00:00 AM/11/2017 7:2:25 and Location is <a href='https://www.google.co.in/maps/place/30.71538,76.74595'>Location</a>
02.11.2017 13:13:56; INFO; 0; Message added: zophop.alerts@locanix.com-> Device 358735070786347 Is Delayed More Than 3 Minutes. Its Latest TimeStamp Is 11/2/2017 12:00:00 AM/11/2017 7:33:4 and Location is <a href='https://www.google.co.in/maps/place/19.05006,72.85809'>Location</a>
02.11.2017 13:13:57; INFO; 0; Sending message: zophop.alerts@locanix.com-> Device 358735070786347 Is Delayed More Than 3 Minutes. Its Latest TimeStamp Is 11/2/2017 12:00:00 AM/11/2017 7:33:4 and Location is <a href='https://www.google.co.in/maps/place/19.05006,72.85809'>Location</a>
02.11.2017 13:13:57; ERROR; 0; System.InvalidOperationException: The SMTP host was not specified.
   at System.Net.Mail.SmtpClient.CheckHostAndPort()
   at System.Net.Mail.SmtpClient.Send(MailMessage message)
   at EmailSender.SendMessage(SmtpClient client, Email mail)
02.11.2017 13:14:02; INFO; 0; Message added: zophop.alerts@locanix.com-> Device 358735070864672 Is Delayed More Than 3 Minutes. Its Latest TimeStamp Is 11/2/2017 12:00:00 AM/11/2017 7:2:25 and Location is <a href='https://www.google.co.in/maps/place/30.71538,76.74595'>Location</a>
02.11.2017 13:14:02; INFO; 0; Message added: zophop.alerts@locanix.com-> Device 358735070786347 Is Delayed More Than 3 Minutes. Its Latest TimeStamp Is 11/2/2017 12:00:00 AM/11/2017 7:33:4 and Location is <a href='https://www.google.co.in/maps/place/19.05006,72.85809'>Location</a>
02.11.2017 13:14:08; INFO; 0; Message added: zophop.alerts@locanix.com-> Device 358735070864672 Is Delayed More Than 3 Minutes. Its Latest TimeStamp Is 11/2/2017 12:00:00 AM/11/2017 7:2:25 and Location is <a href='https://www.google.co.in/maps/place/30.71538,76.74595'>Location</a>
02.11.2017 13:14:08; INFO; 0; Message added: zophop.alerts@locanix.com-> Device 358735070786347 Is Delayed More Than 3 Minutes. Its Latest TimeStamp Is 11/2/2017 12:00:00 AM/11/2017 7:33:4 and Location is <a href='https://www.google.co.in/maps/place/19.05006,72.85809'>Location</a>
02.11.2017 13:14:14; INFO; 0; Message added: zophop.alerts@locanix.com-> Device 358735070864672 Is Delayed More Than 3 Minutes. Its Latest TimeStamp Is 11/2/2017 12:00:00 AM/11/2017 7:2:25 and Location is <a href='https://www.google.co.in/maps/place/30.71538,76.74595'>Location</a>
02.11.2017 13:14:14; INFO; 0; Message added: zophop.alerts@locanix.com-> Device 358735070786347 Is Delayed More Than 3 Minutes. Its Latest TimeStamp Is 11/2/2017 12:00:00 AM/11/2017 7:33:4 and Location is <a href='https://www.google.co.in/maps/place/19.05006,72.85809'>Location</a>
