02.11.2017 11:49:29; WARNING; 0; Client started
02.11.2017 11:49:29; WARNING; 0; HTTP/JSON client started
02.11.2017 11:49:29; WARNING; 0; Client started
02.11.2017 11:49:29; WARNING; 0; HTTP/JSON client started
02.11.2017 11:49:29; WARNING; 0; Client started
02.11.2017 11:49:29; WARNING; 0; HTTP/JSON client started
02.11.2017 11:49:29; WARNING; 0; Client started
02.11.2017 11:49:29; WARNING; 0; HTTP/JSON client started
02.11.2017 11:49:29; WARNING; 0; Client started
02.11.2017 11:49:29; WARNING; 0; HTTP/JSON client started
02.11.2017 11:49:29; WARNING; 0; Client started
02.11.2017 11:49:29; WARNING; 0; HTTP/JSON client started
02.11.2017 11:49:29; WARNING; 0; Client started
02.11.2017 11:49:29; WARNING; 0; HTTP/JSON client started
02.11.2017 11:49:29; WARNING; 0; Client started
02.11.2017 11:49:29; WARNING; 0; HTTP/JSON client started
02.11.2017 11:49:29; WARNING; 0; Client started
02.11.2017 11:49:29; WARNING; 0; HTTP/JSON client started
02.11.2017 11:49:29; WARNING; 0; Client started
02.11.2017 11:49:29; WARNING; 0; HTTP/JSON client started
02.11.2017 11:49:29; WARNING; 0; Client started
02.11.2017 11:49:29; WARNING; 0; HTTP/JSON client started
02.11.2017 11:49:29; WARNING; 0; Client started
02.11.2017 11:49:29; WARNING; 0; HTTP/JSON client started
02.11.2017 11:49:29; WARNING; 0; Client started
02.11.2017 11:49:29; WARNING; 0; HTTP/JSON client started
02.11.2017 11:49:29; WARNING; 0; Client started
02.11.2017 11:49:29; WARNING; 0; HTTP/JSON client started
02.11.2017 11:49:29; WARNING; 0; Client started
02.11.2017 11:49:29; WARNING; 0; HTTP/JSON client started
02.11.2017 12:02:06; WARNING; 0; Client started
02.11.2017 12:02:06; WARNING; 0; HTTP/JSON client started
02.11.2017 12:02:06; WARNING; 0; Client started
02.11.2017 12:02:06; WARNING; 0; HTTP/JSON client started
02.11.2017 12:02:06; WARNING; 0; Client started
02.11.2017 12:02:06; WARNING; 0; HTTP/JSON client started
02.11.2017 12:02:06; WARNING; 0; Client started
02.11.2017 12:02:06; WARNING; 0; HTTP/JSON client started
02.11.2017 12:02:06; WARNING; 0; Client started
02.11.2017 12:02:06; WARNING; 0; HTTP/JSON client started
02.11.2017 12:02:06; WARNING; 0; Client started
02.11.2017 12:02:06; WARNING; 0; HTTP/JSON client started
02.11.2017 12:02:06; WARNING; 0; Client started
02.11.2017 12:02:06; WARNING; 0; HTTP/JSON client started
02.11.2017 12:02:06; WARNING; 0; Client started
02.11.2017 12:02:06; WARNING; 0; HTTP/JSON client started
02.11.2017 12:02:06; WARNING; 0; Client started
02.11.2017 12:02:06; WARNING; 0; HTTP/JSON client started
02.11.2017 12:02:06; WARNING; 0; Client started
02.11.2017 12:02:06; WARNING; 0; HTTP/JSON client started
02.11.2017 12:02:06; WARNING; 0; Client started
02.11.2017 12:02:06; WARNING; 0; HTTP/JSON client started
02.11.2017 12:02:06; WARNING; 0; Client started
02.11.2017 12:02:06; WARNING; 0; HTTP/JSON client started
02.11.2017 12:02:06; WARNING; 0; Client started
02.11.2017 12:02:06; WARNING; 0; HTTP/JSON client started
02.11.2017 12:02:06; WARNING; 0; Client started
02.11.2017 12:02:06; WARNING; 0; HTTP/JSON client started
02.11.2017 12:02:06; WARNING; 0; Client started
02.11.2017 12:02:06; WARNING; 0; HTTP/JSON client started
02.11.2017 12:42:30; WARNING; 0; Client started
02.11.2017 12:42:30; WARNING; 0; HTTP/JSON client started
02.11.2017 12:42:30; WARNING; 0; Client started
02.11.2017 12:42:30; WARNING; 0; HTTP/JSON client started
02.11.2017 12:42:30; WARNING; 0; Client started
02.11.2017 12:42:30; WARNING; 0; HTTP/JSON client started
02.11.2017 12:42:30; WARNING; 0; Client started
02.11.2017 12:42:30; WARNING; 0; HTTP/JSON client started
02.11.2017 12:42:30; WARNING; 0; Client started
02.11.2017 12:42:30; WARNING; 0; HTTP/JSON client started
02.11.2017 12:42:30; WARNING; 0; Client started
02.11.2017 12:42:30; WARNING; 0; HTTP/JSON client started
02.11.2017 12:42:30; WARNING; 0; Client started
02.11.2017 12:42:30; WARNING; 0; HTTP/JSON client started
02.11.2017 12:42:30; WARNING; 0; Client started
02.11.2017 12:42:30; WARNING; 0; HTTP/JSON client started
02.11.2017 12:42:30; WARNING; 0; Client started
02.11.2017 12:42:30; WARNING; 0; HTTP/JSON client started
02.11.2017 12:42:30; WARNING; 0; Client started
02.11.2017 12:42:30; WARNING; 0; HTTP/JSON client started
02.11.2017 12:42:30; WARNING; 0; Client started
02.11.2017 12:42:30; WARNING; 0; HTTP/JSON client started
02.11.2017 12:42:30; WARNING; 0; Client started
02.11.2017 12:42:30; WARNING; 0; HTTP/JSON client started
02.11.2017 12:42:30; WARNING; 0; Client started
02.11.2017 12:42:30; WARNING; 0; HTTP/JSON client started
02.11.2017 12:42:30; WARNING; 0; Client started
02.11.2017 12:42:30; WARNING; 0; HTTP/JSON client started
02.11.2017 12:42:30; WARNING; 0; Client started
02.11.2017 12:42:30; WARNING; 0; HTTP/JSON client started
02.11.2017 12:49:59; WARNING; 0; Client started
02.11.2017 12:49:59; WARNING; 0; HTTP/JSON client started
02.11.2017 12:49:59; WARNING; 0; Client started
02.11.2017 12:49:59; WARNING; 0; HTTP/JSON client started
02.11.2017 12:49:59; WARNING; 0; Client started
02.11.2017 12:49:59; WARNING; 0; HTTP/JSON client started
02.11.2017 12:49:59; WARNING; 0; Client started
02.11.2017 12:49:59; WARNING; 0; HTTP/JSON client started
02.11.2017 12:49:59; WARNING; 0; Client started
02.11.2017 12:49:59; WARNING; 0; HTTP/JSON client started
02.11.2017 12:49:59; WARNING; 0; Client started
02.11.2017 12:49:59; WARNING; 0; HTTP/JSON client started
02.11.2017 12:49:59; WARNING; 0; Client started
02.11.2017 12:49:59; WARNING; 0; HTTP/JSON client started
02.11.2017 12:49:59; WARNING; 0; Client started
02.11.2017 12:49:59; WARNING; 0; HTTP/JSON client started
02.11.2017 12:49:59; WARNING; 0; Client started
02.11.2017 12:49:59; WARNING; 0; HTTP/JSON client started
02.11.2017 12:49:59; WARNING; 0; Client started
02.11.2017 12:49:59; WARNING; 0; HTTP/JSON client started
02.11.2017 12:49:59; WARNING; 0; Client started
02.11.2017 12:49:59; WARNING; 0; HTTP/JSON client started
02.11.2017 12:49:59; WARNING; 0; Client started
02.11.2017 12:49:59; WARNING; 0; HTTP/JSON client started
02.11.2017 12:49:59; WARNING; 0; Client started
02.11.2017 12:49:59; WARNING; 0; HTTP/JSON client started
02.11.2017 12:49:59; WARNING; 0; Client started
02.11.2017 12:49:59; WARNING; 0; HTTP/JSON client started
02.11.2017 12:49:59; WARNING; 0; Client started
02.11.2017 12:49:59; WARNING; 0; HTTP/JSON client started
02.11.2017 13:13:15; WARNING; 0; Client started
02.11.2017 13:13:15; WARNING; 0; HTTP/JSON client started
02.11.2017 13:13:15; WARNING; 0; Client started
02.11.2017 13:13:15; WARNING; 0; HTTP/JSON client started
02.11.2017 13:13:15; WARNING; 0; Client started
02.11.2017 13:13:15; WARNING; 0; HTTP/JSON client started
02.11.2017 13:13:15; WARNING; 0; Client started
02.11.2017 13:13:15; WARNING; 0; HTTP/JSON client started
02.11.2017 13:13:15; WARNING; 0; Client started
02.11.2017 13:13:15; WARNING; 0; HTTP/JSON client started
02.11.2017 13:13:15; WARNING; 0; Client started
02.11.2017 13:13:15; WARNING; 0; HTTP/JSON client started
02.11.2017 13:13:15; WARNING; 0; Client started
02.11.2017 13:13:15; WARNING; 0; HTTP/JSON client started
02.11.2017 13:13:15; WARNING; 0; Client started
02.11.2017 13:13:15; WARNING; 0; HTTP/JSON client started
02.11.2017 13:13:15; WARNING; 0; Client started
02.11.2017 13:13:15; WARNING; 0; HTTP/JSON client started
02.11.2017 13:13:15; WARNING; 0; Client started
02.11.2017 13:13:15; WARNING; 0; HTTP/JSON client started
02.11.2017 13:13:15; WARNING; 0; Client started
02.11.2017 13:13:15; WARNING; 0; HTTP/JSON client started
02.11.2017 13:13:15; WARNING; 0; Client started
02.11.2017 13:13:15; WARNING; 0; HTTP/JSON client started
02.11.2017 13:13:15; WARNING; 0; Client started
02.11.2017 13:13:15; WARNING; 0; HTTP/JSON client started
02.11.2017 13:13:15; WARNING; 0; Client started
02.11.2017 13:13:15; WARNING; 0; HTTP/JSON client started
02.11.2017 13:13:15; WARNING; 0; Client started
02.11.2017 13:13:15; WARNING; 0; HTTP/JSON client started
02.11.2017 13:13:56; INFO; 0; Running >> [{"deviceId": "358735070824114", "latitude": "19.24257", "longitude": "72.9758", "timeStamp": "1509608640", "speed": "10", "sos": "False", "altitude": "0", "vehicleNo": "MH04-HY-1255", "isValid": "True", "packetTimeStamp": "1509608636"}]
02.11.2017 13:13:56; INFO; 0; Standing >> [{"deviceId": "351608081206323", "latitude": "19.19172", "longitude": "72.98786", "timeStamp": "1509608636", "speed": "0", "sos": "False", "altitude": "0", "vehicleNo": "MH04-G-8176", "isValid": "True", "packetTimeStamp": "1508532820"}]
02.11.2017 13:13:56; INFO; 0; 1 point sent of 1.Times for query/session/delete:19800084.5117/-19799837.3159/84.225
02.11.2017 13:13:56; INFO; 0; 1 point sent of 1.Times for query/session/delete:19800068.8884/-19799784.3405/100.088
02.11.2017 13:14:02; INFO; 0; Standing >> [{"deviceId": "351608081206323", "latitude": "19.19172", "longitude": "72.98786", "timeStamp": "1509608642", "speed": "0", "sos": "False", "altitude": "0", "vehicleNo": "MH04-G-8176", "isValid": "True", "packetTimeStamp": "1508532820"}]
02.11.2017 13:14:02; INFO; 0; Running >> [{"deviceId": "358735070824114", "latitude": "19.24352", "longitude": "72.97579", "timeStamp": "1509608650", "speed": "10", "sos": "False", "altitude": "0", "vehicleNo": "MH04-HY-1255", "isValid": "True", "packetTimeStamp": "1509608642"}]
02.11.2017 13:14:02; INFO; 0; 1 point sent of 1.Times for query/session/delete:19800062.5018/-19799831.0452/84.2595
02.11.2017 13:14:02; INFO; 0; 1 point sent of 1.Times for query/session/delete:19800062.5018/-19799731.1608/84.2127
02.11.2017 13:14:08; INFO; 0; Running >> [{"deviceId": "358735070824114", "latitude": "19.24399", "longitude": "72.97578", "timeStamp": "1509608655", "speed": "10", "sos": "False", "altitude": "0", "vehicleNo": "MH04-HY-1255", "isValid": "True", "packetTimeStamp": "1509608648"}]
02.11.2017 13:14:08; INFO; 0; Standing >> [{"deviceId": "351608081206323", "latitude": "19.19172", "longitude": "72.98786", "timeStamp": "1509608648", "speed": "0", "sos": "False", "altitude": "0", "vehicleNo": "MH04-G-8176", "isValid": "True", "packetTimeStamp": "1508532820"}]
02.11.2017 13:14:08; INFO; 0; 1 point sent of 1.Times for query/session/delete:19800068.7381/-19799831.2014/84.3796
02.11.2017 13:14:08; INFO; 0; 1 point sent of 1.Times for query/session/delete:19800068.7381/-19799799.9512/84.4846
02.11.2017 13:14:14; INFO; 0; Standing >> [{"deviceId": "351608081206323", "latitude": "19.19172", "longitude": "72.98786", "timeStamp": "1509608654", "speed": "0", "sos": "False", "altitude": "0", "vehicleNo": "MH04-G-8176", "isValid": "True", "packetTimeStamp": "1508532820"}]
02.11.2017 13:14:14; INFO; 0; 1 point sent of 1.Times for query/session/delete:19800062.4995/-19799815.3854/84.3269
