02.11.2017 11:49:29; WARNING; 0; Client started
02.11.2017 11:49:29; WARNING; 0; HTTP/JSON client started
02.11.2017 11:49:29; WARNING; 0; Client started
02.11.2017 11:49:29; WARNING; 0; HTTP/JSON client started
02.11.2017 11:49:29; WARNING; 0; Client started
02.11.2017 11:49:29; WARNING; 0; HTTP/JSON client started
02.11.2017 11:49:29; WARNING; 0; Client started
02.11.2017 11:49:29; WARNING; 0; HTTP/JSON client started
02.11.2017 11:49:29; WARNING; 0; Client started
02.11.2017 11:49:29; WARNING; 0; HTTP/JSON client started
02.11.2017 11:49:29; WARNING; 0; Client started
02.11.2017 11:49:29; WARNING; 0; HTTP/JSON client started
02.11.2017 11:49:29; WARNING; 0; Client started
02.11.2017 11:49:29; WARNING; 0; HTTP/JSON client started
02.11.2017 11:49:29; WARNING; 0; Client started
02.11.2017 11:49:29; WARNING; 0; HTTP/JSON client started
02.11.2017 11:49:29; WARNING; 0; Client started
02.11.2017 11:49:29; WARNING; 0; HTTP/JSON client started
02.11.2017 11:49:29; WARNING; 0; Client started
02.11.2017 11:49:29; WARNING; 0; HTTP/JSON client started
02.11.2017 11:49:29; WARNING; 0; Client started
02.11.2017 11:49:29; WARNING; 0; HTTP/JSON client started
02.11.2017 11:49:29; WARNING; 0; Client started
02.11.2017 11:49:29; WARNING; 0; HTTP/JSON client started
02.11.2017 11:49:29; WARNING; 0; Client started
02.11.2017 11:49:29; WARNING; 0; HTTP/JSON client started
02.11.2017 11:49:29; WARNING; 0; Client started
02.11.2017 11:49:29; WARNING; 0; HTTP/JSON client started
02.11.2017 11:49:29; WARNING; 0; Client started
02.11.2017 11:49:29; WARNING; 0; HTTP/JSON client started
02.11.2017 11:49:29; WARNING; 0; Client started
02.11.2017 11:49:29; WARNING; 0; HTTP/JSON client started
02.11.2017 11:49:29; WARNING; 0; Client started
02.11.2017 11:49:29; WARNING; 0; HTTP/JSON client started
02.11.2017 11:49:29; WARNING; 0; Client started
02.11.2017 11:49:29; WARNING; 0; HTTP/JSON client started
02.11.2017 11:49:29; WARNING; 0; Client started
02.11.2017 11:49:29; WARNING; 0; HTTP/JSON client started
02.11.2017 11:49:29; WARNING; 0; Client started
02.11.2017 11:49:29; WARNING; 0; HTTP/JSON client started
02.11.2017 11:49:29; WARNING; 0; Client started
02.11.2017 11:49:29; WARNING; 0; HTTP/JSON client started
02.11.2017 11:49:29; WARNING; 0; Client started
02.11.2017 11:49:29; WARNING; 0; HTTP/JSON client started
02.11.2017 11:49:29; WARNING; 0; Client started
02.11.2017 11:49:29; WARNING; 0; HTTP/JSON client started
02.11.2017 11:49:29; WARNING; 0; Client started
02.11.2017 11:49:29; WARNING; 0; HTTP/JSON client started
02.11.2017 11:49:29; WARNING; 0; Client started
02.11.2017 11:49:29; WARNING; 0; HTTP/JSON client started
02.11.2017 12:02:06; WARNING; 0; Client started
02.11.2017 12:02:06; WARNING; 0; HTTP/JSON client started
02.11.2017 12:02:06; WARNING; 0; Client started
02.11.2017 12:02:06; WARNING; 0; HTTP/JSON client started
02.11.2017 12:02:06; WARNING; 0; Client started
02.11.2017 12:02:06; WARNING; 0; HTTP/JSON client started
02.11.2017 12:02:06; WARNING; 0; Client started
02.11.2017 12:02:06; WARNING; 0; HTTP/JSON client started
02.11.2017 12:02:06; WARNING; 0; Client started
02.11.2017 12:02:06; WARNING; 0; HTTP/JSON client started
02.11.2017 12:02:06; WARNING; 0; Client started
02.11.2017 12:02:06; WARNING; 0; HTTP/JSON client started
02.11.2017 12:02:06; WARNING; 0; Client started
02.11.2017 12:02:06; WARNING; 0; HTTP/JSON client started
02.11.2017 12:02:06; WARNING; 0; Client started
02.11.2017 12:02:06; WARNING; 0; HTTP/JSON client started
02.11.2017 12:02:06; WARNING; 0; Client started
02.11.2017 12:02:06; WARNING; 0; HTTP/JSON client started
02.11.2017 12:02:06; WARNING; 0; Client started
02.11.2017 12:02:06; WARNING; 0; HTTP/JSON client started
02.11.2017 12:02:06; WARNING; 0; Client started
02.11.2017 12:02:06; WARNING; 0; HTTP/JSON client started
02.11.2017 12:02:06; WARNING; 0; Client started
02.11.2017 12:02:06; WARNING; 0; HTTP/JSON client started
02.11.2017 12:02:06; WARNING; 0; Client started
02.11.2017 12:02:06; WARNING; 0; HTTP/JSON client started
02.11.2017 12:02:06; WARNING; 0; Client started
02.11.2017 12:02:06; WARNING; 0; HTTP/JSON client started
02.11.2017 12:02:06; WARNING; 0; Client started
02.11.2017 12:02:06; WARNING; 0; HTTP/JSON client started
02.11.2017 12:02:06; WARNING; 0; Client started
02.11.2017 12:02:06; WARNING; 0; HTTP/JSON client started
02.11.2017 12:02:06; WARNING; 0; Client started
02.11.2017 12:02:06; WARNING; 0; HTTP/JSON client started
02.11.2017 12:02:06; WARNING; 0; Client started
02.11.2017 12:02:06; WARNING; 0; HTTP/JSON client started
02.11.2017 12:02:06; WARNING; 0; Client started
02.11.2017 12:02:06; WARNING; 0; HTTP/JSON client started
02.11.2017 12:02:06; WARNING; 0; Client started
02.11.2017 12:02:06; WARNING; 0; HTTP/JSON client started
02.11.2017 12:02:06; WARNING; 0; Client started
02.11.2017 12:02:06; WARNING; 0; HTTP/JSON client started
02.11.2017 12:02:06; WARNING; 0; Client started
02.11.2017 12:02:06; WARNING; 0; HTTP/JSON client started
02.11.2017 12:02:06; WARNING; 0; Client started
02.11.2017 12:02:06; WARNING; 0; HTTP/JSON client started
02.11.2017 12:02:06; WARNING; 0; Client started
02.11.2017 12:02:06; WARNING; 0; HTTP/JSON client started
02.11.2017 12:02:06; WARNING; 0; Client started
02.11.2017 12:02:06; WARNING; 0; HTTP/JSON client started
02.11.2017 12:42:30; WARNING; 0; Client started
02.11.2017 12:42:30; WARNING; 0; HTTP/JSON client started
02.11.2017 12:42:30; WARNING; 0; Client started
02.11.2017 12:42:30; WARNING; 0; HTTP/JSON client started
02.11.2017 12:42:30; WARNING; 0; Client started
02.11.2017 12:42:30; WARNING; 0; HTTP/JSON client started
02.11.2017 12:42:30; WARNING; 0; Client started
02.11.2017 12:42:30; WARNING; 0; HTTP/JSON client started
02.11.2017 12:42:30; WARNING; 0; Client started
02.11.2017 12:42:30; WARNING; 0; HTTP/JSON client started
02.11.2017 12:42:30; WARNING; 0; Client started
02.11.2017 12:42:30; WARNING; 0; HTTP/JSON client started
02.11.2017 12:42:30; WARNING; 0; Client started
02.11.2017 12:42:30; WARNING; 0; HTTP/JSON client started
02.11.2017 12:42:30; WARNING; 0; Client started
02.11.2017 12:42:30; WARNING; 0; HTTP/JSON client started
02.11.2017 12:42:30; WARNING; 0; Client started
02.11.2017 12:42:30; WARNING; 0; HTTP/JSON client started
02.11.2017 12:42:30; WARNING; 0; Client started
02.11.2017 12:42:30; WARNING; 0; HTTP/JSON client started
02.11.2017 12:42:30; WARNING; 0; Client started
02.11.2017 12:42:30; WARNING; 0; HTTP/JSON client started
02.11.2017 12:42:30; WARNING; 0; Client started
02.11.2017 12:42:30; WARNING; 0; HTTP/JSON client started
02.11.2017 12:42:30; WARNING; 0; Client started
02.11.2017 12:42:30; WARNING; 0; HTTP/JSON client started
02.11.2017 12:42:30; WARNING; 0; Client started
02.11.2017 12:42:30; WARNING; 0; HTTP/JSON client started
02.11.2017 12:42:30; WARNING; 0; Client started
02.11.2017 12:42:30; WARNING; 0; HTTP/JSON client started
02.11.2017 12:42:30; WARNING; 0; Client started
02.11.2017 12:42:30; WARNING; 0; HTTP/JSON client started
02.11.2017 12:42:30; WARNING; 0; Client started
02.11.2017 12:42:30; WARNING; 0; HTTP/JSON client started
02.11.2017 12:42:30; WARNING; 0; Client started
02.11.2017 12:42:30; WARNING; 0; HTTP/JSON client started
02.11.2017 12:42:30; WARNING; 0; Client started
02.11.2017 12:42:30; WARNING; 0; HTTP/JSON client started
02.11.2017 12:42:30; WARNING; 0; Client started
02.11.2017 12:42:30; WARNING; 0; HTTP/JSON client started
02.11.2017 12:42:30; WARNING; 0; Client started
02.11.2017 12:42:30; WARNING; 0; HTTP/JSON client started
02.11.2017 12:42:30; WARNING; 0; Client started
02.11.2017 12:42:30; WARNING; 0; HTTP/JSON client started
02.11.2017 12:42:30; WARNING; 0; Client started
02.11.2017 12:42:30; WARNING; 0; HTTP/JSON client started
02.11.2017 12:42:30; WARNING; 0; Client started
02.11.2017 12:42:30; WARNING; 0; HTTP/JSON client started
02.11.2017 12:42:30; WARNING; 0; Client started
02.11.2017 12:42:30; WARNING; 0; HTTP/JSON client started
02.11.2017 12:49:59; WARNING; 0; Client started
02.11.2017 12:49:59; WARNING; 0; HTTP/JSON client started
02.11.2017 12:49:59; WARNING; 0; Client started
02.11.2017 12:49:59; WARNING; 0; HTTP/JSON client started
02.11.2017 12:49:59; WARNING; 0; Client started
02.11.2017 12:49:59; WARNING; 0; HTTP/JSON client started
02.11.2017 12:49:59; WARNING; 0; Client started
02.11.2017 12:49:59; WARNING; 0; HTTP/JSON client started
02.11.2017 12:49:59; WARNING; 0; Client started
02.11.2017 12:49:59; WARNING; 0; HTTP/JSON client started
02.11.2017 12:49:59; WARNING; 0; Client started
02.11.2017 12:49:59; WARNING; 0; HTTP/JSON client started
02.11.2017 12:49:59; WARNING; 0; Client started
02.11.2017 12:49:59; WARNING; 0; HTTP/JSON client started
02.11.2017 12:49:59; WARNING; 0; Client started
02.11.2017 12:49:59; WARNING; 0; HTTP/JSON client started
02.11.2017 12:49:59; WARNING; 0; Client started
02.11.2017 12:49:59; WARNING; 0; HTTP/JSON client started
02.11.2017 12:49:59; WARNING; 0; Client started
02.11.2017 12:49:59; WARNING; 0; HTTP/JSON client started
02.11.2017 12:49:59; WARNING; 0; Client started
02.11.2017 12:49:59; WARNING; 0; HTTP/JSON client started
02.11.2017 12:49:59; WARNING; 0; Client started
02.11.2017 12:49:59; WARNING; 0; HTTP/JSON client started
02.11.2017 12:49:59; WARNING; 0; Client started
02.11.2017 12:49:59; WARNING; 0; HTTP/JSON client started
02.11.2017 12:49:59; WARNING; 0; Client started
02.11.2017 12:49:59; WARNING; 0; HTTP/JSON client started
02.11.2017 12:49:59; WARNING; 0; Client started
02.11.2017 12:49:59; WARNING; 0; HTTP/JSON client started
02.11.2017 12:49:59; WARNING; 0; Client started
02.11.2017 12:49:59; WARNING; 0; HTTP/JSON client started
02.11.2017 12:49:59; WARNING; 0; Client started
02.11.2017 12:49:59; WARNING; 0; HTTP/JSON client started
02.11.2017 12:49:59; WARNING; 0; Client started
02.11.2017 12:49:59; WARNING; 0; HTTP/JSON client started
02.11.2017 12:49:59; WARNING; 0; Client started
02.11.2017 12:49:59; WARNING; 0; HTTP/JSON client started
02.11.2017 12:49:59; WARNING; 0; Client started
02.11.2017 12:49:59; WARNING; 0; HTTP/JSON client started
02.11.2017 12:49:59; WARNING; 0; Client started
02.11.2017 12:49:59; WARNING; 0; HTTP/JSON client started
02.11.2017 12:49:59; WARNING; 0; Client started
02.11.2017 12:49:59; WARNING; 0; HTTP/JSON client started
02.11.2017 12:49:59; WARNING; 0; Client started
02.11.2017 12:49:59; WARNING; 0; HTTP/JSON client started
02.11.2017 12:49:59; WARNING; 0; Client started
02.11.2017 12:49:59; WARNING; 0; HTTP/JSON client started
02.11.2017 12:49:59; WARNING; 0; Client started
02.11.2017 12:49:59; WARNING; 0; HTTP/JSON client started
02.11.2017 13:13:15; WARNING; 0; Client started
02.11.2017 13:13:15; WARNING; 0; HTTP/JSON client started
02.11.2017 13:13:15; WARNING; 0; Client started
02.11.2017 13:13:15; WARNING; 0; HTTP/JSON client started
02.11.2017 13:13:15; WARNING; 0; Client started
02.11.2017 13:13:15; WARNING; 0; HTTP/JSON client started
02.11.2017 13:13:15; WARNING; 0; Client started
02.11.2017 13:13:15; WARNING; 0; HTTP/JSON client started
02.11.2017 13:13:15; WARNING; 0; Client started
02.11.2017 13:13:15; WARNING; 0; HTTP/JSON client started
02.11.2017 13:13:15; WARNING; 0; Client started
02.11.2017 13:13:15; WARNING; 0; HTTP/JSON client started
02.11.2017 13:13:15; WARNING; 0; Client started
02.11.2017 13:13:15; WARNING; 0; HTTP/JSON client started
02.11.2017 13:13:15; WARNING; 0; Client started
02.11.2017 13:13:15; WARNING; 0; HTTP/JSON client started
02.11.2017 13:13:15; WARNING; 0; Client started
02.11.2017 13:13:15; WARNING; 0; HTTP/JSON client started
02.11.2017 13:13:15; WARNING; 0; Client started
02.11.2017 13:13:15; WARNING; 0; HTTP/JSON client started
02.11.2017 13:13:15; WARNING; 0; Client started
02.11.2017 13:13:15; WARNING; 0; HTTP/JSON client started
02.11.2017 13:13:15; WARNING; 0; Client started
02.11.2017 13:13:15; WARNING; 0; HTTP/JSON client started
02.11.2017 13:13:15; WARNING; 0; Client started
02.11.2017 13:13:15; WARNING; 0; HTTP/JSON client started
02.11.2017 13:13:15; WARNING; 0; Client started
02.11.2017 13:13:15; WARNING; 0; HTTP/JSON client started
02.11.2017 13:13:15; WARNING; 0; Client started
02.11.2017 13:13:15; WARNING; 0; HTTP/JSON client started
02.11.2017 13:13:15; WARNING; 0; Client started
02.11.2017 13:13:15; WARNING; 0; HTTP/JSON client started
02.11.2017 13:13:15; WARNING; 0; Client started
02.11.2017 13:13:15; WARNING; 0; HTTP/JSON client started
02.11.2017 13:13:15; WARNING; 0; Client started
02.11.2017 13:13:15; WARNING; 0; HTTP/JSON client started
02.11.2017 13:13:15; WARNING; 0; Client started
02.11.2017 13:13:15; WARNING; 0; HTTP/JSON client started
02.11.2017 13:13:15; WARNING; 0; Client started
02.11.2017 13:13:15; WARNING; 0; HTTP/JSON client started
02.11.2017 13:13:15; WARNING; 0; Client started
02.11.2017 13:13:15; WARNING; 0; HTTP/JSON client started
02.11.2017 13:13:15; WARNING; 0; Client started
02.11.2017 13:13:15; WARNING; 0; HTTP/JSON client started
02.11.2017 13:13:15; WARNING; 0; Client started
02.11.2017 13:13:15; WARNING; 0; HTTP/JSON client started
02.11.2017 13:13:15; WARNING; 0; Client started
02.11.2017 13:13:15; WARNING; 0; HTTP/JSON client started
02.11.2017 13:13:15; WARNING; 0; Client started
02.11.2017 13:13:15; WARNING; 0; HTTP/JSON client started
02.11.2017 13:13:19; INFO; 0; Standing >> [{"deviceId": "358735070786834", "latitude": "19.05619", "longitude": "72.84538", "timeStamp": "1509608599", "speed": "0", "sos": "False", "altitude": "0", "vehicleNo": "MH01-LA-6425", "isValid": "True", "packetTimeStamp": "1509608112"}]
02.11.2017 13:13:56; ERROR; 0; Unable To send Data There is already an open DataReader associated with this Connection which must be closed first.    at MySql.Data.MySqlClient.MySqlCommand.CheckState()
   at MySql.Data.MySqlClient.MySqlCommand.ExecuteReader(CommandBehavior behavior)
   at MySql.Data.MySqlClient.MySqlCommand.ExecuteReader()
   at MySql.Data.MySqlClient.MySqlCommand.ExecuteNonQuery()
   at MySql.Data.MySqlClient.MySqlTransaction.Rollback()
   at MySql.Data.MySqlClient.MySqlTransaction.Dispose(Boolean disposing)
   at Connection.DeletePoint(CDatabase db, TrackerPacketList pts)
02.11.2017 13:13:56; INFO; 0; Standing >> [{"deviceId": "358735070786834", "latitude": "19.05619", "longitude": "72.84538", "timeStamp": "1509608637", "speed": "0", "sos": "False", "altitude": "0", "vehicleNo": "MH01-LA-6425", "isValid": "True", "packetTimeStamp": "1509608112"}]
02.11.2017 13:13:57; INFO; 0; 1 point sent of 1.Times for query/session/delete:19800062.5017/-19799529.7754/84.3171
02.11.2017 13:14:02; INFO; 0; Standing >> [{"deviceId": "358735070786834", "latitude": "19.05619", "longitude": "72.84538", "timeStamp": "1509608642", "speed": "0", "sos": "False", "altitude": "0", "vehicleNo": "MH01-LA-6425", "isValid": "True", "packetTimeStamp": "1509608112"}]
02.11.2017 13:14:02; INFO; 0; 1 point sent of 1.Times for query/session/delete:19800068.5593/-19799517.0839/84.5776
02.11.2017 13:14:08; INFO; 0; Standing >> [{"deviceId": "358735070786834", "latitude": "19.05619", "longitude": "72.84538", "timeStamp": "1509608648", "speed": "0", "sos": "False", "altitude": "0", "vehicleNo": "MH01-LA-6425", "isValid": "True", "packetTimeStamp": "1509608112"}]
02.11.2017 13:14:08; INFO; 0; 1 point sent of 1.Times for query/session/delete:19800078.2502/-19799546.6284/84.4329
02.11.2017 13:14:14; INFO; 0; Standing >> [{"deviceId": "358735070786834", "latitude": "19.05619", "longitude": "72.84538", "timeStamp": "1509608654", "speed": "0", "sos": "False", "altitude": "0", "vehicleNo": "MH01-LA-6425", "isValid": "True", "packetTimeStamp": "1509608112"}]
02.11.2017 13:14:14; INFO; 0; 1 point sent of 1.Times for query/session/delete:19800062.4995/-19799529.9277/87.264
