02.11.2017 11:49:29; WARNING; 0; Client started
02.11.2017 11:49:29; WARNING; 0; HTTP/JSON client started
02.11.2017 11:49:29; WARNING; 0; Client started
02.11.2017 11:49:29; WARNING; 0; HTTP/JSON client started
02.11.2017 11:49:29; WARNING; 0; Client started
02.11.2017 11:49:29; WARNING; 0; HTTP/JSON client started
02.11.2017 11:49:29; WARNING; 0; Client started
02.11.2017 11:49:29; WARNING; 0; HTTP/JSON client started
02.11.2017 11:49:29; WARNING; 0; Client started
02.11.2017 11:49:29; WARNING; 0; HTTP/JSON client started
02.11.2017 11:49:29; WARNING; 0; Client started
02.11.2017 11:49:29; WARNING; 0; HTTP/JSON client started
02.11.2017 11:49:29; WARNING; 0; Client started
02.11.2017 11:49:29; WARNING; 0; HTTP/JSON client started
02.11.2017 11:49:29; WARNING; 0; Client started
02.11.2017 11:49:29; WARNING; 0; HTTP/JSON client started
02.11.2017 11:49:29; WARNING; 0; Client started
02.11.2017 11:49:29; WARNING; 0; HTTP/JSON client started
02.11.2017 11:49:29; WARNING; 0; Client started
02.11.2017 11:49:29; WARNING; 0; HTTP/JSON client started
02.11.2017 11:49:29; WARNING; 0; Client started
02.11.2017 11:49:29; WARNING; 0; HTTP/JSON client started
02.11.2017 11:49:29; WARNING; 0; Client started
02.11.2017 11:49:29; WARNING; 0; HTTP/JSON client started
02.11.2017 11:49:29; WARNING; 0; Client started
02.11.2017 11:49:29; WARNING; 0; HTTP/JSON client started
02.11.2017 11:49:29; WARNING; 0; Client started
02.11.2017 11:49:29; WARNING; 0; HTTP/JSON client started
02.11.2017 11:49:29; WARNING; 0; Client started
02.11.2017 11:49:29; WARNING; 0; HTTP/JSON client started
02.11.2017 12:02:06; WARNING; 0; Client started
02.11.2017 12:02:06; WARNING; 0; HTTP/JSON client started
02.11.2017 12:02:06; WARNING; 0; Client started
02.11.2017 12:02:06; WARNING; 0; HTTP/JSON client started
02.11.2017 12:02:06; WARNING; 0; Client started
02.11.2017 12:02:06; WARNING; 0; HTTP/JSON client started
02.11.2017 12:02:06; WARNING; 0; Client started
02.11.2017 12:02:06; WARNING; 0; HTTP/JSON client started
02.11.2017 12:02:06; WARNING; 0; Client started
02.11.2017 12:02:06; WARNING; 0; HTTP/JSON client started
02.11.2017 12:02:06; WARNING; 0; Client started
02.11.2017 12:02:06; WARNING; 0; HTTP/JSON client started
02.11.2017 12:02:06; WARNING; 0; Client started
02.11.2017 12:02:06; WARNING; 0; HTTP/JSON client started
02.11.2017 12:02:06; WARNING; 0; Client started
02.11.2017 12:02:06; WARNING; 0; HTTP/JSON client started
02.11.2017 12:02:06; WARNING; 0; Client started
02.11.2017 12:02:06; WARNING; 0; HTTP/JSON client started
02.11.2017 12:02:06; WARNING; 0; Client started
02.11.2017 12:02:06; WARNING; 0; HTTP/JSON client started
02.11.2017 12:02:06; WARNING; 0; Client started
02.11.2017 12:02:06; WARNING; 0; HTTP/JSON client started
02.11.2017 12:02:06; WARNING; 0; Client started
02.11.2017 12:02:06; WARNING; 0; HTTP/JSON client started
02.11.2017 12:02:06; WARNING; 0; Client started
02.11.2017 12:02:06; WARNING; 0; HTTP/JSON client started
02.11.2017 12:02:06; WARNING; 0; Client started
02.11.2017 12:02:06; WARNING; 0; HTTP/JSON client started
02.11.2017 12:02:06; WARNING; 0; Client started
02.11.2017 12:02:06; WARNING; 0; HTTP/JSON client started
02.11.2017 12:42:30; WARNING; 0; Client started
02.11.2017 12:42:30; WARNING; 0; HTTP/JSON client started
02.11.2017 12:42:30; WARNING; 0; Client started
02.11.2017 12:42:30; WARNING; 0; HTTP/JSON client started
02.11.2017 12:42:30; WARNING; 0; Client started
02.11.2017 12:42:30; WARNING; 0; HTTP/JSON client started
02.11.2017 12:42:30; WARNING; 0; Client started
02.11.2017 12:42:30; WARNING; 0; HTTP/JSON client started
02.11.2017 12:42:30; WARNING; 0; Client started
02.11.2017 12:42:30; WARNING; 0; HTTP/JSON client started
02.11.2017 12:42:30; WARNING; 0; Client started
02.11.2017 12:42:30; WARNING; 0; HTTP/JSON client started
02.11.2017 12:42:30; WARNING; 0; Client started
02.11.2017 12:42:30; WARNING; 0; HTTP/JSON client started
02.11.2017 12:42:30; WARNING; 0; Client started
02.11.2017 12:42:30; WARNING; 0; HTTP/JSON client started
02.11.2017 12:42:30; WARNING; 0; Client started
02.11.2017 12:42:30; WARNING; 0; HTTP/JSON client started
02.11.2017 12:42:30; WARNING; 0; Client started
02.11.2017 12:42:30; WARNING; 0; HTTP/JSON client started
02.11.2017 12:42:30; WARNING; 0; Client started
02.11.2017 12:42:30; WARNING; 0; HTTP/JSON client started
02.11.2017 12:42:30; WARNING; 0; Client started
02.11.2017 12:42:30; WARNING; 0; HTTP/JSON client started
02.11.2017 12:42:30; WARNING; 0; Client started
02.11.2017 12:42:30; WARNING; 0; HTTP/JSON client started
02.11.2017 12:42:30; WARNING; 0; Client started
02.11.2017 12:42:30; WARNING; 0; HTTP/JSON client started
02.11.2017 12:42:30; WARNING; 0; Client started
02.11.2017 12:42:30; WARNING; 0; HTTP/JSON client started
02.11.2017 12:49:59; WARNING; 0; Client started
02.11.2017 12:49:59; WARNING; 0; HTTP/JSON client started
02.11.2017 12:49:59; WARNING; 0; Client started
02.11.2017 12:49:59; WARNING; 0; HTTP/JSON client started
02.11.2017 12:49:59; WARNING; 0; Client started
02.11.2017 12:49:59; WARNING; 0; HTTP/JSON client started
02.11.2017 12:49:59; WARNING; 0; Client started
02.11.2017 12:49:59; WARNING; 0; HTTP/JSON client started
02.11.2017 12:49:59; WARNING; 0; Client started
02.11.2017 12:49:59; WARNING; 0; HTTP/JSON client started
02.11.2017 12:49:59; WARNING; 0; Client started
02.11.2017 12:49:59; WARNING; 0; HTTP/JSON client started
02.11.2017 12:49:59; WARNING; 0; Client started
02.11.2017 12:49:59; WARNING; 0; HTTP/JSON client started
02.11.2017 12:49:59; WARNING; 0; Client started
02.11.2017 12:49:59; WARNING; 0; HTTP/JSON client started
02.11.2017 12:49:59; WARNING; 0; Client started
02.11.2017 12:49:59; WARNING; 0; HTTP/JSON client started
02.11.2017 12:49:59; WARNING; 0; Client started
02.11.2017 12:49:59; WARNING; 0; HTTP/JSON client started
02.11.2017 12:49:59; WARNING; 0; Client started
02.11.2017 12:49:59; WARNING; 0; HTTP/JSON client started
02.11.2017 12:49:59; WARNING; 0; Client started
02.11.2017 12:49:59; WARNING; 0; HTTP/JSON client started
02.11.2017 12:49:59; WARNING; 0; Client started
02.11.2017 12:49:59; WARNING; 0; HTTP/JSON client started
02.11.2017 12:49:59; WARNING; 0; Client started
02.11.2017 12:49:59; WARNING; 0; HTTP/JSON client started
02.11.2017 12:49:59; WARNING; 0; Client started
02.11.2017 12:49:59; WARNING; 0; HTTP/JSON client started
02.11.2017 13:13:15; WARNING; 0; Client started
02.11.2017 13:13:15; WARNING; 0; HTTP/JSON client started
02.11.2017 13:13:15; WARNING; 0; Client started
02.11.2017 13:13:15; WARNING; 0; HTTP/JSON client started
02.11.2017 13:13:15; WARNING; 0; Client started
02.11.2017 13:13:15; WARNING; 0; HTTP/JSON client started
02.11.2017 13:13:15; WARNING; 0; Client started
02.11.2017 13:13:15; WARNING; 0; HTTP/JSON client started
02.11.2017 13:13:15; WARNING; 0; Client started
02.11.2017 13:13:15; WARNING; 0; HTTP/JSON client started
02.11.2017 13:13:15; WARNING; 0; Client started
02.11.2017 13:13:15; WARNING; 0; HTTP/JSON client started
02.11.2017 13:13:15; WARNING; 0; Client started
02.11.2017 13:13:15; WARNING; 0; HTTP/JSON client started
02.11.2017 13:13:15; WARNING; 0; Client started
02.11.2017 13:13:15; WARNING; 0; HTTP/JSON client started
02.11.2017 13:13:15; WARNING; 0; Client started
02.11.2017 13:13:15; WARNING; 0; HTTP/JSON client started
02.11.2017 13:13:15; WARNING; 0; Client started
02.11.2017 13:13:15; WARNING; 0; HTTP/JSON client started
02.11.2017 13:13:15; WARNING; 0; Client started
02.11.2017 13:13:15; WARNING; 0; HTTP/JSON client started
02.11.2017 13:13:15; WARNING; 0; Client started
02.11.2017 13:13:15; WARNING; 0; HTTP/JSON client started
02.11.2017 13:13:15; WARNING; 0; Client started
02.11.2017 13:13:15; WARNING; 0; HTTP/JSON client started
02.11.2017 13:13:15; WARNING; 0; Client started
02.11.2017 13:13:15; WARNING; 0; HTTP/JSON client started
02.11.2017 13:13:15; WARNING; 0; Client started
02.11.2017 13:13:15; WARNING; 0; HTTP/JSON client started
02.11.2017 13:13:19; INFO; 0; Running >> [{"deviceId": "358735070824114", "latitude": "19.23933", "longitude": "72.97552", "timeStamp": "1509608600", "speed": "6.38889", "sos": "False", "altitude": "0", "vehicleNo": "MH04-HY-1255", "isValid": "True", "packetTimeStamp": "1509608599"}]
02.11.2017 13:13:19; INFO; 0; Standing >> [{"deviceId": "351608081206323", "latitude": "19.19172", "longitude": "72.98786", "timeStamp": "1509608599", "speed": "0", "sos": "False", "altitude": "0", "vehicleNo": "MH04-G-8176", "isValid": "True", "packetTimeStamp": "1508532820"}]
02.11.2017 13:13:56; ERROR; 0; Unable To send Data There is already an open DataReader associated with this Connection which must be closed first.    at MySql.Data.MySqlClient.MySqlCommand.CheckState()
   at MySql.Data.MySqlClient.MySqlCommand.ExecuteReader(CommandBehavior behavior)
   at MySql.Data.MySqlClient.MySqlCommand.ExecuteReader()
   at MySql.Data.MySqlClient.MySqlCommand.ExecuteNonQuery()
   at MySql.Data.MySqlClient.MySqlTransaction.Rollback()
   at MySql.Data.MySqlClient.MySqlTransaction.Dispose(Boolean disposing)
   at Connection.DeletePoint(CDatabase db, TrackerPacketList pts)
02.11.2017 13:13:56; INFO; 0; 1 point sent of 1.Times for query/session/delete:19800078.1512/-19763466.3999/184.9334
02.11.2017 13:13:56; INFO; 0; Standing >> [{"deviceId": "351608081206323", "latitude": "19.19172", "longitude": "72.98786", "timeStamp": "1509608636", "speed": "0", "sos": "False", "altitude": "0", "vehicleNo": "MH04-G-8176", "isValid": "True", "packetTimeStamp": "1508532820"}]
02.11.2017 13:13:56; INFO; 0; Running >> [{"deviceId": "358735070824114", "latitude": "19.24257", "longitude": "72.9758", "timeStamp": "1509608640", "speed": "10", "sos": "False", "altitude": "0", "vehicleNo": "MH04-HY-1255", "isValid": "True", "packetTimeStamp": "1509608636"}]
02.11.2017 13:13:56; INFO; 0; 1 point sent of 1.Times for query/session/delete:19800078.1509/-19799499.3983/99.8287
02.11.2017 13:13:56; INFO; 0; 1 point sent of 1.Times for query/session/delete:19800078.1509/-19799345.6542/84.0482
02.11.2017 13:14:02; INFO; 0; Running >> [{"deviceId": "358735070824114", "latitude": "19.24352", "longitude": "72.97579", "timeStamp": "1509608650", "speed": "10", "sos": "False", "altitude": "0", "vehicleNo": "MH04-HY-1255", "isValid": "True", "packetTimeStamp": "1509608643"}]
02.11.2017 13:14:03; INFO; 0; 1 point sent of 1.Times for query/session/delete:19800053.5545/-19799498.5938/103.0105
02.11.2017 13:14:05; INFO; 0; Standing >> [{"deviceId": "351608081206323", "latitude": "19.19172", "longitude": "72.98786", "timeStamp": "1509608645", "speed": "0", "sos": "False", "altitude": "0", "vehicleNo": "MH04-G-8176", "isValid": "True", "packetTimeStamp": "1508532820"}]
02.11.2017 13:14:05; INFO; 0; 1 point sent of 1.Times for query/session/delete:19802517.0054/-19799462.2597/100.0012
02.11.2017 13:14:08; INFO; 0; Running >> [{"deviceId": "358735070824114", "latitude": "19.24399", "longitude": "72.97578", "timeStamp": "1509608655", "speed": "10", "sos": "False", "altitude": "0", "vehicleNo": "MH04-HY-1255", "isValid": "True", "packetTimeStamp": "1509608649"}]
02.11.2017 13:14:08; INFO; 0; Standing >> [{"deviceId": "351608081206323", "latitude": "19.19172", "longitude": "72.98786", "timeStamp": "1509608649", "speed": "0", "sos": "False", "altitude": "0", "vehicleNo": "MH04-G-8176", "isValid": "True", "packetTimeStamp": "1508532820"}]
02.11.2017 13:14:09; INFO; 0; 1 point sent of 1.Times for query/session/delete:19800084.6488/-19799531.1547/100.2303
02.11.2017 13:14:09; INFO; 0; 1 point sent of 1.Times for query/session/delete:19800084.6488/-19799484.2517/84.6044
