02.11.2017 11:49:29; WARNING; 0; Client started
02.11.2017 11:49:29; WARNING; 0; HTTP/JSON client started
02.11.2017 11:49:29; WARNING; 0; Client started
02.11.2017 11:49:29; WARNING; 0; HTTP/JSON client started
02.11.2017 11:49:29; WARNING; 0; Client started
02.11.2017 11:49:29; WARNING; 0; HTTP/JSON client started
02.11.2017 11:49:29; WARNING; 0; Client started
02.11.2017 11:49:29; WARNING; 0; HTTP/JSON client started
02.11.2017 11:49:29; WARNING; 0; Client started
02.11.2017 11:49:29; WARNING; 0; HTTP/JSON client started
02.11.2017 11:49:29; WARNING; 0; Client started
02.11.2017 11:49:29; WARNING; 0; HTTP/JSON client started
02.11.2017 11:49:29; WARNING; 0; Client started
02.11.2017 11:49:29; WARNING; 0; HTTP/JSON client started
02.11.2017 11:49:29; WARNING; 0; Client started
02.11.2017 11:49:29; WARNING; 0; HTTP/JSON client started
02.11.2017 11:49:29; WARNING; 0; Client started
02.11.2017 11:49:29; WARNING; 0; HTTP/JSON client started
02.11.2017 11:49:29; WARNING; 0; Client started
02.11.2017 11:49:29; WARNING; 0; HTTP/JSON client started
02.11.2017 12:02:06; WARNING; 0; Client started
02.11.2017 12:02:06; WARNING; 0; HTTP/JSON client started
02.11.2017 12:02:06; WARNING; 0; Client started
02.11.2017 12:02:06; WARNING; 0; HTTP/JSON client started
02.11.2017 12:02:06; WARNING; 0; Client started
02.11.2017 12:02:06; WARNING; 0; HTTP/JSON client started
02.11.2017 12:02:06; WARNING; 0; Client started
02.11.2017 12:02:06; WARNING; 0; HTTP/JSON client started
02.11.2017 12:02:06; WARNING; 0; Client started
02.11.2017 12:02:06; WARNING; 0; HTTP/JSON client started
02.11.2017 12:02:06; WARNING; 0; Client started
02.11.2017 12:02:06; WARNING; 0; HTTP/JSON client started
02.11.2017 12:02:06; WARNING; 0; Client started
02.11.2017 12:02:06; WARNING; 0; HTTP/JSON client started
02.11.2017 12:02:06; WARNING; 0; Client started
02.11.2017 12:02:06; WARNING; 0; HTTP/JSON client started
02.11.2017 12:02:06; WARNING; 0; Client started
02.11.2017 12:02:06; WARNING; 0; HTTP/JSON client started
02.11.2017 12:02:06; WARNING; 0; Client started
02.11.2017 12:02:06; WARNING; 0; HTTP/JSON client started
02.11.2017 12:42:30; WARNING; 0; Client started
02.11.2017 12:42:30; WARNING; 0; HTTP/JSON client started
02.11.2017 12:42:30; WARNING; 0; Client started
02.11.2017 12:42:30; WARNING; 0; HTTP/JSON client started
02.11.2017 12:42:30; WARNING; 0; Client started
02.11.2017 12:42:30; WARNING; 0; HTTP/JSON client started
02.11.2017 12:42:30; WARNING; 0; Client started
02.11.2017 12:42:30; WARNING; 0; HTTP/JSON client started
02.11.2017 12:42:30; WARNING; 0; Client started
02.11.2017 12:42:30; WARNING; 0; HTTP/JSON client started
02.11.2017 12:42:30; WARNING; 0; Client started
02.11.2017 12:42:30; WARNING; 0; HTTP/JSON client started
02.11.2017 12:42:30; WARNING; 0; Client started
02.11.2017 12:42:30; WARNING; 0; HTTP/JSON client started
02.11.2017 12:42:30; WARNING; 0; Client started
02.11.2017 12:42:30; WARNING; 0; HTTP/JSON client started
02.11.2017 12:42:30; WARNING; 0; Client started
02.11.2017 12:42:30; WARNING; 0; HTTP/JSON client started
02.11.2017 12:42:30; WARNING; 0; Client started
02.11.2017 12:42:30; WARNING; 0; HTTP/JSON client started
02.11.2017 12:49:59; WARNING; 0; Client started
02.11.2017 12:49:59; WARNING; 0; HTTP/JSON client started
02.11.2017 12:49:59; WARNING; 0; Client started
02.11.2017 12:49:59; WARNING; 0; HTTP/JSON client started
02.11.2017 12:49:59; WARNING; 0; Client started
02.11.2017 12:49:59; WARNING; 0; HTTP/JSON client started
02.11.2017 12:49:59; WARNING; 0; Client started
02.11.2017 12:49:59; WARNING; 0; HTTP/JSON client started
02.11.2017 12:49:59; WARNING; 0; Client started
02.11.2017 12:49:59; WARNING; 0; HTTP/JSON client started
02.11.2017 12:49:59; WARNING; 0; Client started
02.11.2017 12:49:59; WARNING; 0; HTTP/JSON client started
02.11.2017 12:49:59; WARNING; 0; Client started
02.11.2017 12:49:59; WARNING; 0; HTTP/JSON client started
02.11.2017 12:49:59; WARNING; 0; Client started
02.11.2017 12:49:59; WARNING; 0; HTTP/JSON client started
02.11.2017 12:49:59; WARNING; 0; Client started
02.11.2017 12:49:59; WARNING; 0; HTTP/JSON client started
02.11.2017 12:49:59; WARNING; 0; Client started
02.11.2017 12:49:59; WARNING; 0; HTTP/JSON client started
02.11.2017 13:13:15; WARNING; 0; Client started
02.11.2017 13:13:15; WARNING; 0; HTTP/JSON client started
02.11.2017 13:13:15; WARNING; 0; Client started
02.11.2017 13:13:15; WARNING; 0; HTTP/JSON client started
02.11.2017 13:13:15; WARNING; 0; Client started
02.11.2017 13:13:15; WARNING; 0; HTTP/JSON client started
02.11.2017 13:13:15; WARNING; 0; Client started
02.11.2017 13:13:15; WARNING; 0; HTTP/JSON client started
02.11.2017 13:13:15; WARNING; 0; Client started
02.11.2017 13:13:15; WARNING; 0; HTTP/JSON client started
02.11.2017 13:13:15; WARNING; 0; Client started
02.11.2017 13:13:15; WARNING; 0; HTTP/JSON client started
02.11.2017 13:13:15; WARNING; 0; Client started
02.11.2017 13:13:15; WARNING; 0; HTTP/JSON client started
02.11.2017 13:13:15; WARNING; 0; Client started
02.11.2017 13:13:15; WARNING; 0; HTTP/JSON client started
02.11.2017 13:13:15; WARNING; 0; Client started
02.11.2017 13:13:15; WARNING; 0; HTTP/JSON client started
02.11.2017 13:13:15; WARNING; 0; Client started
02.11.2017 13:13:15; WARNING; 0; HTTP/JSON client started
02.11.2017 13:13:19; INFO; 0; Running >> [{"deviceId": "358735070045918", "latitude": "21.17998", "longitude": "79.07904", "timeStamp": "1509608608", "speed": "13.33333", "sos": "False", "altitude": "0", "vehicleNo": "MH31-CA-6163", "isValid": "True", "packetTimeStamp": "1509608599"}]
02.11.2017 13:13:19; INFO; 0; Running >> [{"deviceId": "358735070030811", "latitude": "21.14157", "longitude": "79.08034", "timeStamp": "1509608559", "speed": "1.94444", "sos": "False", "altitude": "0", "vehicleNo": "MH31-CA-6208", "isValid": "True", "packetTimeStamp": "1509608599"}]
02.11.2017 13:13:56; ERROR; 0; Unable To send Data There is already an open DataReader associated with this Connection which must be closed first.    at MySql.Data.MySqlClient.MySqlCommand.CheckState()
   at MySql.Data.MySqlClient.MySqlCommand.ExecuteReader(CommandBehavior behavior)
   at MySql.Data.MySqlClient.MySqlCommand.ExecuteReader()
   at MySql.Data.MySqlClient.MySqlCommand.ExecuteNonQuery()
   at MySql.Data.MySqlClient.MySqlTransaction.Rollback()
   at MySql.Data.MySqlClient.MySqlTransaction.Dispose(Boolean disposing)
   at Connection.DeletePoint(CDatabase db, TrackerPacketList pts)
02.11.2017 13:13:56; INFO; 0; 1 point sent of 1.Times for query/session/delete:19800069.4863/-19799352.496/36149.1807
02.11.2017 13:13:56; INFO; 0; Running >> [{"deviceId": "358735070045918", "latitude": "21.183", "longitude": "79.07893", "timeStamp": "1509608643", "speed": "1.94444", "sos": "False", "altitude": "0", "vehicleNo": "MH31-CA-6163", "isValid": "True", "packetTimeStamp": "1509608637"}]
02.11.2017 13:13:56; INFO; 0; Running >> [{"deviceId": "358735070030811", "latitude": "21.14289", "longitude": "79.0807", "timeStamp": "1509608644", "speed": "1.94444", "sos": "False", "altitude": "0", "vehicleNo": "MH31-CA-6208", "isValid": "True", "packetTimeStamp": "1509608637"}]
02.11.2017 13:13:57; INFO; 0; 1 point sent of 1.Times for query/session/delete:19800069.54/-19799514.9983/84.21
02.11.2017 13:13:57; INFO; 0; 1 point sent of 1.Times for query/session/delete:19800052.7914/-19799483.5797/85.2342
02.11.2017 13:14:02; INFO; 0; Running >> [{"deviceId": "358735070045918", "latitude": "21.18339", "longitude": "79.0789", "timeStamp": "1509608653", "speed": "7.22222", "sos": "False", "altitude": "0", "vehicleNo": "MH31-CA-6163", "isValid": "True", "packetTimeStamp": "1509608643"}]
02.11.2017 13:14:02; INFO; 0; Running >> [{"deviceId": "358735070030811", "latitude": "21.14302", "longitude": "79.08076", "timeStamp": "1509608649", "speed": "3.88889", "sos": "False", "altitude": "0", "vehicleNo": "MH31-CA-6208", "isValid": "True", "packetTimeStamp": "1509608643"}]
02.11.2017 13:14:03; INFO; 0; 1 point sent of 1.Times for query/session/delete:19800078.2231/-19799509.8907/84.1518
02.11.2017 13:14:03; INFO; 0; 1 point sent of 1.Times for query/session/delete:19800053.5545/-19799498.5938/87.364
02.11.2017 13:14:08; INFO; 0; Running >> [{"deviceId": "358735070045918", "latitude": "21.1838", "longitude": "79.07885", "timeStamp": "1509608658", "speed": "10", "sos": "False", "altitude": "0", "vehicleNo": "MH31-CA-6163", "isValid": "True", "packetTimeStamp": "1509608649"}]
02.11.2017 13:14:08; INFO; 0; Running >> [{"deviceId": "358735070030811", "latitude": "21.14364", "longitude": "79.08079", "timeStamp": "1509608659", "speed": "5.55556", "sos": "False", "altitude": "0", "vehicleNo": "MH31-CA-6208", "isValid": "True", "packetTimeStamp": "1509608649"}]
02.11.2017 13:14:09; INFO; 0; 1 point sent of 1.Times for query/session/delete:19800062.5031/-19799531.2501/100.0075
02.11.2017 13:14:09; INFO; 0; 1 point sent of 1.Times for query/session/delete:19800084.6488/-19799531.1547/100.2303
