13.07.2017 18:12:31; WARNING; 0; Client started
13.07.2017 18:12:31; WARNING; 0; HTTP/JSON client started
13.07.2017 18:12:31; WARNING; 0; Client started
13.07.2017 18:12:31; WARNING; 0; HTTP/JSON client started
13.07.2017 18:12:31; WARNING; 0; Client started
13.07.2017 18:12:31; WARNING; 0; HTTP/JSON client started
13.07.2017 18:12:31; WARNING; 0; Client started
13.07.2017 18:12:31; WARNING; 0; HTTP/JSON client started
13.07.2017 18:12:31; WARNING; 0; Client started
13.07.2017 18:12:31; WARNING; 0; HTTP/JSON client started
13.07.2017 18:12:31; WARNING; 0; Client started
13.07.2017 18:12:31; WARNING; 0; HTTP/JSON client started
13.07.2017 18:12:31; WARNING; 0; Client started
13.07.2017 18:12:31; WARNING; 0; HTTP/JSON client started
13.07.2017 18:12:31; WARNING; 0; Client started
13.07.2017 18:12:31; WARNING; 0; HTTP/JSON client started
13.07.2017 18:12:35; INFO; 0; >> [{"deviceId": "351608080785889", "latitude": "19.41342", "longitude": "72.8569", "timeStamp": "1499949752", "speed": "7.5", "sos": "False", "altitude": "0", "vehicleNo": "MH48-K-273", "isValid": "True"}]
13.07.2017 18:12:35; INFO; 0; >> [{"deviceId": "358735070125124", "latitude": "19.37534", "longitude": "72.82548", "timeStamp": "1499949753", "speed": "5.27778", "sos": "False", "altitude": "0", "vehicleNo": "MH48-k-366", "isValid": "False"}]
13.07.2017 18:12:35; INFO; 0; >> [{"deviceId": "351608080806768", "latitude": "19.34863", "longitude": "72.84644", "timeStamp": "1499949751", "speed": "6.11111", "sos": "False", "altitude": "0", "vehicleNo": "MH48-K-362", "isValid": "False"}]
13.07.2017 18:12:37; INFO; 0; 1 point sent of 1.Times for query/session/delete:223.3757/964.5648/804.0684
13.07.2017 18:12:37; INFO; 0; 1 point sent of 1.Times for query/session/delete:194.4927/672.1397/651.1062
13.07.2017 18:12:37; INFO; 0; 1 point sent of 1.Times for query/session/delete:196.0352/655.6391/678.4932
13.07.2017 18:12:53; INFO; 0; >> [{"deviceId": "351608080788065", "latitude": "19.39246", "longitude": "72.83028", "timeStamp": "1499949761", "speed": "4.72222", "sos": "False", "altitude": "0", "vehicleNo": "MH48-K-0285", "isValid": "True"}, {"deviceId": "351608080788065", "latitude": "19.39203", "longitude": "72.83027", "timeStamp": "1499949751", "speed": "5.83333", "sos": "False", "altitude": "0", "vehicleNo": "MH48-K-0285", "isValid": "True"}, {"deviceId": "351608080788065", "latitude": "19.39147", "longitude": "72.83022", "timeStamp": "1499949741", "speed": "5.27778", "sos": "False", "altitude": "0", "vehicleNo": "MH48-K-0285", "isValid": "True"}, {"deviceId": "351608080788065", "latitude": "19.39135", "longitude": "72.83013", "timeStamp": "1499949738", "speed": "4.44444", "sos": "False", "altitude": "0", "vehicleNo": "MH48-K-0285", "isValid": "True"}, {"deviceId": "351608080788065", "latitude": "19.39116", "longitude": "72.82973", "timeStamp": "1499949728", "speed": "4.44444", "sos": "False", "altitude": "0", "vehicleNo": "MH48-K-0285", "isValid": "True"}]
13.07.2017 18:12:54; INFO; 0; >> [{"deviceId": "351608080803708", "latitude": "19.34224", "longitude": "72.80299", "timeStamp": "1499949766", "speed": "4.44444", "sos": "False", "altitude": "0", "vehicleNo": "MH48-K-510", "isValid": "True"}]
13.07.2017 18:12:54; INFO; 0; >> [{"deviceId": "351608080796233", "latitude": "19.4068", "longitude": "72.88151", "timeStamp": "1499949765", "speed": "11.38889", "sos": "False", "altitude": "0", "vehicleNo": "MH48-K-203", "isValid": "False"}, {"deviceId": "351608080796233", "latitude": "19.407", "longitude": "72.88124", "timeStamp": "1499949762", "speed": "12.22222", "sos": "False", "altitude": "0", "vehicleNo": "MH48-K-203", "isValid": "False"}, {"deviceId": "351608080796233", "latitude": "19.40712", "longitude": "72.88107", "timeStamp": "1499949760", "speed": "11.94444", "sos": "False", "altitude": "0", "vehicleNo": "MH48-K-203", "isValid": "False"}]
13.07.2017 18:12:55; INFO; 0; 5 point sent of 5.Times for query/session/delete:271.3326/775.2225/1335.6368
13.07.2017 18:12:55; INFO; 0; 1 point sent of 1.Times for query/session/delete:173.2923/635.3325/669.2686
13.07.2017 18:12:56; INFO; 0; 3 point sent of 3.Times for query/session/delete:233.3345/632.6087/1017.7793
13.07.2017 18:13:09; INFO; 0; >> [{"deviceId": "351608080782621", "latitude": "19.35193", "longitude": "72.79894", "timeStamp": "1499949788", "speed": "5", "sos": "False", "altitude": "0", "vehicleNo": "MH48-K-364", "isValid": "True"}]
13.07.2017 18:13:09; INFO; 0; >> [{"deviceId": "351608080792836", "latitude": "19.4004", "longitude": "72.84303", "timeStamp": "1499949786", "speed": "1.94444", "sos": "False", "altitude": "0", "vehicleNo": "MH48-K-282", "isValid": "False"}]
13.07.2017 18:13:11; INFO; 0; 1 point sent of 1.Times for query/session/delete:257.318/660.2898/642.0252
13.07.2017 18:13:11; INFO; 0; 1 point sent of 1.Times for query/session/delete:240.5577/630.2504/672.0414
13.07.2017 18:13:13; INFO; 0; >> [{"deviceId": "351608080794220", "latitude": "19.4376", "longitude": "72.82305", "timeStamp": "1499949788", "speed": "3.88889", "sos": "False", "altitude": "0", "vehicleNo": "MH04-FK-1342", "isValid": "True"}]
13.07.2017 18:13:15; INFO; 0; 1 point sent of 1.Times for query/session/delete:185.6789/736.1281/697.9714
13.07.2017 18:13:18; INFO; 0; >> [{"deviceId": "358735070205397", "latitude": "19.46369", "longitude": "72.81466", "timeStamp": "1499949794", "speed": "6.38889", "sos": "False", "altitude": "0", "vehicleNo": "MH04-FK-1204", "isValid": "True"}, {"deviceId": "358735070205397", "latitude": "19.46313", "longitude": "72.81453", "timeStamp": "1499949784", "speed": "4.72222", "sos": "False", "altitude": "0", "vehicleNo": "MH04-FK-1204", "isValid": "True"}]
13.07.2017 18:13:18; INFO; 0; >> [{"deviceId": "351608080791689", "latitude": "19.44625", "longitude": "72.79961", "timeStamp": "1499949793", "speed": "7.22222", "sos": "False", "altitude": "0", "vehicleNo": "MH04-FK-1157", "isValid": "True"}, {"deviceId": "351608080791689", "latitude": "19.44583", "longitude": "72.79907", "timeStamp": "1499949783", "speed": "8.33333", "sos": "False", "altitude": "0", "vehicleNo": "MH04-FK-1157", "isValid": "True"}]
13.07.2017 18:13:19; INFO; 0; 2 point sent of 2.Times for query/session/delete:204.0423/727.5705/825.5672
13.07.2017 18:13:19; INFO; 0; 2 point sent of 2.Times for query/session/delete:217.3079/701.3233/842.4314
13.07.2017 18:13:27; INFO; 0; >> [{"deviceId": "351608080789014", "latitude": "19.45995", "longitude": "72.77898", "timeStamp": "1499949796", "speed": "2.77778", "sos": "False", "altitude": "0", "vehicleNo": "MH04-G-8671", "isValid": "True"}]
13.07.2017 18:13:28; INFO; 0; 1 point sent of 1.Times for query/session/delete:209.677/798.8694/704.0227
13.07.2017 18:13:29; INFO; 0; >> [{"deviceId": "351608080801116", "latitude": "19.44475", "longitude": "72.79353", "timeStamp": "1499949785", "speed": "5.55556", "sos": "False", "altitude": "0", "vehicleNo": "MH04-FK-1159", "isValid": "False"}]
13.07.2017 18:13:29; INFO; 0; >> [{"deviceId": "351608080782548", "latitude": "19.44417", "longitude": "72.79652", "timeStamp": "1499949783", "speed": "4.16667", "sos": "False", "altitude": "0", "vehicleNo": "MH04-FK-1203", "isValid": "True"}, {"deviceId": "351608080782548", "latitude": "19.44418", "longitude": "72.79578", "timeStamp": "1499949773", "speed": "7.77778", "sos": "False", "altitude": "0", "vehicleNo": "MH04-FK-1203", "isValid": "True"}, {"deviceId": "351608080782548", "latitude": "19.44431", "longitude": "72.79511", "timeStamp": "1499949763", "speed": "6.11111", "sos": "False", "altitude": "0", "vehicleNo": "MH04-FK-1203", "isValid": "True"}, {"deviceId": "351608080782548", "latitude": "19.4444", "longitude": "72.79477", "timeStamp": "1499949753", "speed": "2.5", "sos": "False", "altitude": "0", "vehicleNo": "MH04-FK-1203", "isValid": "True"}, {"deviceId": "351608080782548", "latitude": "19.44448", "longitude": "72.7944", "timeStamp": "1499949743", "speed": "2.77778", "sos": "False", "altitude": "0", "vehicleNo": "MH04-FK-1203", "isValid": "True"}, {"deviceId": "351608080782548", "latitude": "19.44465", "longitude": "72.79395", "timeStamp": "1499949723", "speed": "5.83333", "sos": "False", "altitude": "0", "vehicleNo": "MH04-FK-1203", "isValid": "True"}, {"deviceId": "351608080782548", "latitude": "19.44476", "longitude": "72.79337", "timeStamp": "1499949713", "speed": "7.5", "sos": "False", "altitude": "0", "vehicleNo": "MH04-FK-1203", "isValid": "True"}]
13.07.2017 18:13:30; INFO; 0; >> [{"deviceId": "351608080782944", "latitude": "19.20432", "longitude": "72.96886", "timeStamp": "1499949805", "speed": "4.16667", "sos": "False", "altitude": "0", "vehicleNo": "MH04-FK-1181", "isValid": "True"}]
13.07.2017 18:13:30; INFO; 0; 1 point sent of 1.Times for query/session/delete:220.4356/750.8973/671.4712
13.07.2017 18:13:32; INFO; 0; 7 point sent of 7.Times for query/session/delete:308.4659/1142.3218/1717.2516
13.07.2017 18:13:32; INFO; 0; 1 point sent of 1.Times for query/session/delete:176.4764/1400.6946/690.1992
13.07.2017 18:13:37; INFO; 0; >> [{"deviceId": "351608080797777", "latitude": "19.44266", "longitude": "72.82311", "timeStamp": "1499949805", "speed": "3.05556", "sos": "False", "altitude": "0", "vehicleNo": "MH48-K-248", "isValid": "True"}]
13.07.2017 18:13:38; INFO; 0; 1 point sent of 1.Times for query/session/delete:201.5488/634.8929/683.8536
13.07.2017 18:13:46; INFO; 0; >> [{"deviceId": "351608080789071", "latitude": "19.4343", "longitude": "72.82256", "timeStamp": "1499949822", "speed": "6.94444", "sos": "False", "altitude": "0", "vehicleNo": "MH48-K-245", "isValid": "True"}]
13.07.2017 18:13:46; INFO; 0; >> [{"deviceId": "351608080793644", "latitude": "19.40823", "longitude": "72.85071", "timeStamp": "1499949826", "speed": "5.83333", "sos": "False", "altitude": "0", "vehicleNo": "MH48-K-254", "isValid": "True"}, {"deviceId": "351608080793644", "latitude": "19.40809", "longitude": "72.85075", "timeStamp": "1499949823", "speed": "4.44444", "sos": "False", "altitude": "0", "vehicleNo": "MH48-K-254", "isValid": "True"}]
13.07.2017 18:13:47; INFO; 0; 1 point sent of 1.Times for query/session/delete:199.9321/687.7117/692.1639
13.07.2017 18:13:48; INFO; 0; 2 point sent of 2.Times for query/session/delete:179.1518/640.7435/844.9149
13.07.2017 18:13:51; INFO; 0; >> [{"deviceId": "351608080797173", "latitude": "19.40572", "longitude": "72.85696", "timeStamp": "1499949828", "speed": "6.66667", "sos": "False", "altitude": "0", "vehicleNo": "MH48-K-281", "isValid": "False"}, {"deviceId": "351608080797173", "latitude": "19.40563", "longitude": "72.85599", "timeStamp": "1499949808", "speed": "4.16667", "sos": "False", "altitude": "0", "vehicleNo": "MH48-K-281", "isValid": "False"}, {"deviceId": "351608080797173", "latitude": "19.40565", "longitude": "72.85531", "timeStamp": "1499949775", "speed": "0.83333", "sos": "False", "altitude": "0", "vehicleNo": "MH48-K-281", "isValid": "False"}]
13.07.2017 18:13:52; INFO; 0; 3 point sent of 3.Times for query/session/delete:266.4504/646.2448/995.5598
13.07.2017 18:13:53; INFO; 0; >> [{"deviceId": "351608080799351", "latitude": "19.37877", "longitude": "72.82787", "timeStamp": "1499949820", "speed": "5.55556", "sos": "False", "altitude": "0", "vehicleNo": "MH04-FK-1172", "isValid": "True"}]
13.07.2017 18:13:53; INFO; 0; >> [{"deviceId": "351608080792539", "latitude": "19.4588", "longitude": "72.81901", "timeStamp": "1499949824", "speed": "7.77778", "sos": "False", "altitude": "0", "vehicleNo": "MH04-G-8670", "isValid": "False"}]
13.07.2017 18:13:53; INFO; 0; >> [{"deviceId": "351608080808012", "latitude": "19.34882", "longitude": "72.84647", "timeStamp": "1499949821", "speed": "7.22222", "sos": "False", "altitude": "0", "vehicleNo": "MH04-FK-1148", "isValid": "True"}]
13.07.2017 18:13:55; INFO; 0; 1 point sent of 1.Times for query/session/delete:243.0052/615.9375/713.0388
13.07.2017 18:13:55; INFO; 0; 1 point sent of 1.Times for query/session/delete:245.2992/653.8992/717.3837
13.07.2017 18:13:55; INFO; 0; 1 point sent of 1.Times for query/session/delete:257.7093/658.3984/736.1549
13.07.2017 18:14:19; INFO; 0; >> [{"deviceId": "358735070206403", "latitude": "19.2901", "longitude": "72.90504", "timeStamp": "1499949859", "speed": "11.11111", "sos": "False", "altitude": "0", "vehicleNo": "MH48-C-188", "isValid": "True"}, {"deviceId": "358735070206403", "latitude": "19.28924", "longitude": "72.90498", "timeStamp": "1499949849", "speed": "8.33333", "sos": "False", "altitude": "0", "vehicleNo": "MH48-C-188", "isValid": "True"}]
13.07.2017 18:14:19; INFO; 0; >> [{"deviceId": "358735070184675", "latitude": "19.35853", "longitude": "72.8124", "timeStamp": "1499949858", "speed": "8.33333", "sos": "False", "altitude": "0", "vehicleNo": "MH48-C-214", "isValid": "False"}]
13.07.2017 18:14:20; INFO; 0; 2 point sent of 2.Times for query/session/delete:189.6959/668.3594/860.3445
13.07.2017 18:14:20; INFO; 0; 1 point sent of 1.Times for query/session/delete:166.8056/703.5833/669.3501
13.07.2017 18:14:22; INFO; 0; >> [{"deviceId": "351608080806818", "latitude": "19.34938", "longitude": "72.81181", "timeStamp": "1499949855", "speed": "4.72222", "sos": "False", "altitude": "0", "vehicleNo": "MH04-FK-1154", "isValid": "True"}]
13.07.2017 18:14:24; INFO; 0; 1 point sent of 1.Times for query/session/delete:160.4653/1312.8647/661.9198
13.07.2017 18:14:24; INFO; 0; >> [{"deviceId": "358735070125124", "latitude": "19.3711", "longitude": "72.82066", "timeStamp": "1499949863", "speed": "8.61111", "sos": "False", "altitude": "0", "vehicleNo": "MH48-k-366", "isValid": "False"}]
13.07.2017 18:14:26; INFO; 0; 1 point sent of 1.Times for query/session/delete:196.6458/711.254/674.3166
13.07.2017 18:14:34; INFO; 0; >> [{"deviceId": "351608080796233", "latitude": "19.40368", "longitude": "72.88026", "timeStamp": "1499949868", "speed": "8.61111", "sos": "False", "altitude": "0", "vehicleNo": "MH48-K-203", "isValid": "False"}, {"deviceId": "351608080796233", "latitude": "19.40363", "longitude": "72.88044", "timeStamp": "1499949866", "speed": "9.16667", "sos": "False", "altitude": "0", "vehicleNo": "MH48-K-203", "isValid": "False"}]
13.07.2017 18:14:36; INFO; 0; 2 point sent of 2.Times for query/session/delete:177.1395/621.761/839.1983
13.07.2017 18:14:38; INFO; 0; >> [{"deviceId": "351608080783215", "latitude": "19.34447", "longitude": "72.80515", "timeStamp": "1499949873", "speed": "7.5", "sos": "False", "altitude": "0", "vehicleNo": "MH48-K-367", "isValid": "False"}]
13.07.2017 18:14:39; INFO; 0; 1 point sent of 1.Times for query/session/delete:184.7383/693.0637/669.5159
13.07.2017 18:14:41; INFO; 0; >> [{"deviceId": "351608080781383", "latitude": "19.34179", "longitude": "72.80527", "timeStamp": "1499949877", "speed": "2.5", "sos": "False", "altitude": "0", "vehicleNo": "MH48-K-509", "isValid": "False"}]
13.07.2017 18:14:41; INFO; 0; >> [{"deviceId": "351608080801504", "latitude": "19.40566", "longitude": "72.8538", "timeStamp": "1499949874", "speed": "9.44444", "sos": "False", "altitude": "0", "vehicleNo": "MH04-FK-1205", "isValid": "True"}]
13.07.2017 18:14:42; INFO; 0; 1 point sent of 1.Times for query/session/delete:219.2391/623.9984/738.1303
13.07.2017 18:14:43; INFO; 0; 1 point sent of 1.Times for query/session/delete:206.284/702.2368/692.5453
13.07.2017 18:14:44; INFO; 0; >> [{"deviceId": "351608080794220", "latitude": "19.43356", "longitude": "72.82327", "timeStamp": "1499949878", "speed": "4.16667", "sos": "False", "altitude": "0", "vehicleNo": "MH04-FK-1342", "isValid": "True"}]
13.07.2017 18:14:45; INFO; 0; 1 point sent of 1.Times for query/session/delete:237.7161/613.4186/672.1741
13.07.2017 18:14:49; INFO; 0; >> [{"deviceId": "351608080789014", "latitude": "19.45582", "longitude": "72.78189", "timeStamp": "1499949886", "speed": "9.16667", "sos": "False", "altitude": "0", "vehicleNo": "MH04-G-8671", "isValid": "True"}]
13.07.2017 18:14:50; INFO; 0; 1 point sent of 1.Times for query/session/delete:197.7857/627.1017/736.6304
13.07.2017 18:14:55; INFO; 0; >> [{"deviceId": "351608080802551", "latitude": "19.43515", "longitude": "72.82252", "timeStamp": "1499949886", "speed": "5", "sos": "False", "altitude": "0", "vehicleNo": "MH48-K-304", "isValid": "True"}]
13.07.2017 18:14:56; INFO; 0; >> [{"deviceId": "351608080785772", "latitude": "19.23957", "longitude": "72.97557", "timeStamp": "1499949891", "speed": "13.33333", "sos": "False", "altitude": "0", "vehicleNo": "MH04-FK-1343", "isValid": "True"}, {"deviceId": "351608080785772", "latitude": "19.23846", "longitude": "72.97568", "timeStamp": "1499949881", "speed": "10.55556", "sos": "False", "altitude": "0", "vehicleNo": "MH04-FK-1343", "isValid": "True"}]
13.07.2017 18:14:57; INFO; 0; 1 point sent of 1.Times for query/session/delete:189.6347/730.1749/673.7422
13.07.2017 18:14:57; INFO; 0; 2 point sent of 2.Times for query/session/delete:201.6373/683.5503/808.2649
13.07.2017 18:15:00; INFO; 0; >> [{"deviceId": "351608080787547", "latitude": "19.43726", "longitude": "72.86806", "timeStamp": "1499949899", "speed": "3.88889", "sos": "False", "altitude": "0", "vehicleNo": "MH48-K-201", "isValid": "True"}, {"deviceId": "351608080787547", "latitude": "19.4374", "longitude": "72.86846", "timeStamp": "1499949889", "speed": "2.5", "sos": "False", "altitude": "0", "vehicleNo": "MH48-K-201", "isValid": "True"}]
13.07.2017 18:15:01; INFO; 0; 2 point sent of 2.Times for query/session/delete:195.8144/688.4554/817.9876
13.07.2017 18:15:06; INFO; 0; >> [{"deviceId": "351608080783850", "latitude": "19.42081", "longitude": "72.84534", "timeStamp": "1499949901", "speed": "2.22222", "sos": "False", "altitude": "0", "vehicleNo": "MH48-K-253", "isValid": "True"}]
13.07.2017 18:15:06; INFO; 0; >> [{"deviceId": "351608080799351", "latitude": "19.37641", "longitude": "72.82626", "timeStamp": "1499949900", "speed": "3.61111", "sos": "False", "altitude": "0", "vehicleNo": "MH04-FK-1172", "isValid": "True"}]
13.07.2017 18:15:07; INFO; 0; 1 point sent of 1.Times for query/session/delete:206.1976/705.1514/666.6004
13.07.2017 18:15:07; INFO; 0; 1 point sent of 1.Times for query/session/delete:176.6515/610.5798/684.9277
13.07.2017 18:15:13; INFO; 0; >> [{"deviceId": "351608080792208", "latitude": "19.40775", "longitude": "72.85111", "timeStamp": "1499949899", "speed": "2.5", "sos": "False", "altitude": "0", "vehicleNo": "MH04-AF-1169", "isValid": "True"}]
13.07.2017 18:15:14; INFO; 0; >> [{"deviceId": "351608080790863", "latitude": "19.40342", "longitude": "72.84667", "timeStamp": "1499949902", "speed": "10.27778", "sos": "False", "altitude": "0", "vehicleNo": "MH04-FK-1178", "isValid": "True"}]
13.07.2017 18:15:14; INFO; 0; >> [{"deviceId": "351608080792091", "latitude": "19.34257", "longitude": "72.80474", "timeStamp": "1499949905", "speed": "1.94444", "sos": "False", "altitude": "0", "vehicleNo": "MH-48-K-509", "isValid": "True"}]
13.07.2017 18:15:15; INFO; 0; 1 point sent of 1.Times for query/session/delete:160.909/617.8022/652.8725
13.07.2017 18:15:15; INFO; 0; 1 point sent of 1.Times for query/session/delete:187.2379/696.9842/713.1093
13.07.2017 18:15:15; INFO; 0; 1 point sent of 1.Times for query/session/delete:181.9184/671.9686/655.3559
13.07.2017 18:15:19; INFO; 0; >> [{"deviceId": "358735070196976", "latitude": "19.48243", "longitude": "72.98577", "timeStamp": "1499949912", "speed": "5.55556", "sos": "False", "altitude": "0", "vehicleNo": "MH48-C-186", "isValid": "True"}]
13.07.2017 18:15:20; INFO; 0; >> [{"deviceId": "358735070195994", "latitude": "19.3852", "longitude": "72.83411", "timeStamp": "1499949694", "speed": "0", "sos": "False", "altitude": "0", "vehicleNo": "MH48-C-222", "isValid": "True"}, {"deviceId": "358735070195994", "latitude": "19.38519", "longitude": "72.83411", "timeStamp": "1499949578", "speed": "0", "sos": "False", "altitude": "0", "vehicleNo": "MH48-C-222", "isValid": "False"}, {"deviceId": "358735070195994", "latitude": "19.38522", "longitude": "72.83412", "timeStamp": "1499949551", "speed": "0", "sos": "False", "altitude": "0", "vehicleNo": "MH48-C-222", "isValid": "True"}, {"deviceId": "358735070195994", "latitude": "19.3853", "longitude": "72.83412", "timeStamp": "1499949459", "speed": "0", "sos": "False", "altitude": "0", "vehicleNo": "MH48-C-222", "isValid": "False"}]
13.07.2017 18:15:21; INFO; 0; 1 point sent of 1.Times for query/session/delete:197.3864/619.4284/647.5447
13.07.2017 18:15:22; INFO; 0; 4 point sent of 4.Times for query/session/delete:309.9786/635.7514/1125.5152
13.07.2017 18:15:22; INFO; 0; >> [{"deviceId": "358735070169270", "latitude": "19.2565", "longitude": "72.97105", "timeStamp": "1499949905", "speed": "10.55556", "sos": "False", "altitude": "0", "vehicleNo": "MH48-C-184", "isValid": "False"}, {"deviceId": "358735070169270", "latitude": "19.25737", "longitude": "72.9707", "timeStamp": "1499949895", "speed": "9.72222", "sos": "False", "altitude": "0", "vehicleNo": "MH48-C-184", "isValid": "False"}, {"deviceId": "358735070169270", "latitude": "19.25816", "longitude": "72.97035", "timeStamp": "1499949885", "speed": "8.05556", "sos": "False", "altitude": "0", "vehicleNo": "MH48-C-184", "isValid": "False"}, {"deviceId": "358735070169270", "latitude": "19.25878", "longitude": "72.97005", "timeStamp": "1499949875", "speed": "6.38889", "sos": "False", "altitude": "0", "vehicleNo": "MH48-C-184", "isValid": "False"}, {"deviceId": "358735070169270", "latitude": "19.25919", "longitude": "72.9699", "timeStamp": "1499949865", "speed": "2.77778", "sos": "False", "altitude": "0", "vehicleNo": "MH48-C-184", "isValid": "False"}, {"deviceId": "358735070169270", "latitude": "19.25931", "longitude": "72.96986", "timeStamp": "1499949855", "speed": "2.5", "sos": "False", "altitude": "0", "vehicleNo": "MH48-C-184", "isValid": "False"}, {"deviceId": "358735070169270", "latitude": "19.25964", "longitude": "72.96974", "timeStamp": "1499949845", "speed": "3.61111", "sos": "False", "altitude": "0", "vehicleNo": "MH48-C-184", "isValid": "False"}, {"deviceId": "358735070169270", "latitude": "19.25992", "longitude": "72.96967", "timeStamp": "1499949835", "speed": "2.77778", "sos": "False", "altitude": "0", "vehicleNo": "MH48-C-184", "isValid": "False"}, {"deviceId": "358735070169270", "latitude": "19.26014", "longitude": "72.96961", "timeStamp": "1499949825", "speed": "2.77778", "sos": "False", "altitude": "0", "vehicleNo": "MH48-C-184", "isValid": "False"}, {"deviceId": "358735070169270", "latitude": "19.26043", "longitude": "72.96945", "timeStamp": "1499949815", "speed": "3.88889", "sos": "False", "altitude": "0", "vehicleNo": "MH48-C-184", "isValid": "False"}]
13.07.2017 18:15:24; INFO; 0; >> [{"deviceId": "358735070165948", "latitude": "19.45426", "longitude": "72.78297", "timeStamp": "1499949916", "speed": "12.5", "sos": "False", "altitude": "0", "vehicleNo": "MH04-FK-1207", "isValid": "True"}, {"deviceId": "358735070165948", "latitude": "19.45505", "longitude": "72.7824", "timeStamp": "1499949906", "speed": "5.83333", "sos": "False", "altitude": "0", "vehicleNo": "MH04-FK-1207", "isValid": "True"}]
13.07.2017 18:15:25; INFO; 0; >> [{"deviceId": "358735070147698", "latitude": "19.23326", "longitude": "72.97633", "timeStamp": "1499949918", "speed": "10.27778", "sos": "False", "altitude": "0", "vehicleNo": "MH48-C-211", "isValid": "False"}]
13.07.2017 18:15:25; INFO; 0; >> [{"deviceId": "358735070204804", "latitude": "19.34349", "longitude": "72.80724", "timeStamp": "1499949919", "speed": "11.94444", "sos": "False", "altitude": "0", "vehicleNo": "MH48-C-183", "isValid": "True"}]
13.07.2017 18:15:25; INFO; 0; 10 point sent of 10.Times for query/session/delete:214.7979/631.137/2141.0216
13.07.2017 18:15:26; INFO; 0; 1 point sent of 1.Times for query/session/delete:208.4649/608.9942/675.8797
13.07.2017 18:15:26; INFO; 0; 2 point sent of 2.Times for query/session/delete:184.8839/691.5487/844.7238
13.07.2017 18:15:26; INFO; 0; 1 point sent of 1.Times for query/session/delete:213.4391/821.9471/702.3974
13.07.2017 18:15:27; INFO; 0; >> [{"deviceId": "358735070206403", "latitude": "19.29725", "longitude": "72.90633", "timeStamp": "1499949919", "speed": "16.94444", "sos": "False", "altitude": "0", "vehicleNo": "MH48-C-188", "isValid": "True"}]
13.07.2017 18:15:27; INFO; 0; >> [{"deviceId": "358735070191811", "latitude": "19.39138", "longitude": "72.82861", "timeStamp": "1499949922", "speed": "8.61111", "sos": "False", "altitude": "0", "vehicleNo": "MH48-C-218", "isValid": "True"}, {"deviceId": "358735070191811", "latitude": "19.39658", "longitude": "72.83352", "timeStamp": "1499949782", "speed": "10.27778", "sos": "False", "altitude": "0", "vehicleNo": "MH48-C-218", "isValid": "True"}, {"deviceId": "358735070191811", "latitude": "19.39704", "longitude": "72.83431", "timeStamp": "1499949772", "speed": "8.88889", "sos": "False", "altitude": "0", "vehicleNo": "MH48-C-218", "isValid": "True"}, {"deviceId": "358735070191811", "latitude": "19.39735", "longitude": "72.83493", "timeStamp": "1499949762", "speed": "6.66667", "sos": "False", "altitude": "0", "vehicleNo": "MH48-C-218", "isValid": "True"}, {"deviceId": "358735070191811", "latitude": "19.3976", "longitude": "72.83537", "timeStamp": "1499949752", "speed": "4.16667", "sos": "False", "altitude": "0", "vehicleNo": "MH48-C-218", "isValid": "True"}, {"deviceId": "358735070191811", "latitude": "19.39776", "longitude": "72.83571", "timeStamp": "1499949742", "speed": "3.33333", "sos": "False", "altitude": "0", "vehicleNo": "MH48-C-218", "isValid": "True"}, {"deviceId": "358735070191811", "latitude": "19.39796", "longitude": "72.83604", "timeStamp": "1499949732", "speed": "5.83333", "sos": "False", "altitude": "0", "vehicleNo": "MH48-C-218", "isValid": "True"}, {"deviceId": "358735070191811", "latitude": "19.39827", "longitude": "72.8366", "timeStamp": "1499949722", "speed": "8.88889", "sos": "False", "altitude": "0", "vehicleNo": "MH48-C-218", "isValid": "True"}, {"deviceId": "358735070191811", "latitude": "19.39861", "longitude": "72.83755", "timeStamp": "1499949712", "speed": "11.94444", "sos": "False", "altitude": "0", "vehicleNo": "MH48-C-218", "isValid": "True"}, {"deviceId": "358735070191811", "latitude": "19.39898", "longitude": "72.83867", "timeStamp": "1499949702", "speed": "11.38889", "sos": "False", "altitude": "0", "vehicleNo": "MH48-C-218", "isValid": "True"}]
13.07.2017 18:15:27; INFO; 0; >> [{"deviceId": "358735070184675", "latitude": "19.36168", "longitude": "72.81355", "timeStamp": "1499949918", "speed": "7.77778", "sos": "False", "altitude": "0", "vehicleNo": "MH48-C-214", "isValid": "False"}]
13.07.2017 18:15:28; INFO; 0; 1 point sent of 1.Times for query/session/delete:225.7608/645.3426/672.2576
13.07.2017 18:15:28; INFO; 0; 1 point sent of 1.Times for query/session/delete:259.914/625.7622/689.637
13.07.2017 18:15:30; INFO; 0; 10 point sent of 10.Times for query/session/delete:225.5195/822.8419/2249.1107
13.07.2017 18:15:38; INFO; 0; >> [{"deviceId": "351608080788065", "latitude": "19.39937", "longitude": "72.83971", "timeStamp": "1499949930", "speed": "8.05556", "sos": "False", "altitude": "0", "vehicleNo": "MH48-K-0285", "isValid": "True"}]
13.07.2017 18:15:39; INFO; 0; >> [{"deviceId": "351608080809291", "latitude": "19.41494", "longitude": "72.82455", "timeStamp": "1499949933", "speed": "2.22222", "sos": "False", "altitude": "0", "vehicleNo": "MH48-K-223", "isValid": "False"}]
13.07.2017 18:15:39; INFO; 0; >> [{"deviceId": "351608080796233", "latitude": "19.40485", "longitude": "72.87688", "timeStamp": "1499949926", "speed": "8.61111", "sos": "False", "altitude": "0", "vehicleNo": "MH48-K-203", "isValid": "False"}]
13.07.2017 18:15:39; INFO; 0; 1 point sent of 1.Times for query/session/delete:220.7174/689.9714/641.4271
13.07.2017 18:15:40; INFO; 0; 1 point sent of 1.Times for query/session/delete:193.4911/642.9823/687.1972
13.07.2017 18:15:40; INFO; 0; 1 point sent of 1.Times for query/session/delete:205.6696/693.0438/746.8921
13.07.2017 18:15:45; INFO; 0; >> [{"deviceId": "351608080782621", "latitude": "19.35959", "longitude": "72.7982", "timeStamp": "1499949943", "speed": "7.5", "sos": "False", "altitude": "0", "vehicleNo": "MH48-K-364", "isValid": "True"}]
13.07.2017 18:15:47; INFO; 0; 1 point sent of 1.Times for query/session/delete:198.2536/773.9077/705.4232
13.07.2017 18:15:47; INFO; 0; >> [{"deviceId": "351608080801504", "latitude": "19.40579", "longitude": "72.85796", "timeStamp": "1499949944", "speed": "6.11111", "sos": "False", "altitude": "0", "vehicleNo": "MH04-FK-1205", "isValid": "True"}]
13.07.2017 18:15:47; INFO; 0; >> [{"deviceId": "351608080794220", "latitude": "19.43188", "longitude": "72.82336", "timeStamp": "1499949938", "speed": "1.94444", "sos": "False", "altitude": "0", "vehicleNo": "MH04-FK-1342", "isValid": "True"}]
13.07.2017 18:15:47; INFO; 0; >> [{"deviceId": "351608080794253", "latitude": "19.47383", "longitude": "72.82991", "timeStamp": "1499949940", "speed": "5.27778", "sos": "False", "altitude": "0", "vehicleNo": "MH04-FK-1163", "isValid": "True"}]
13.07.2017 18:15:49; INFO; 0; 1 point sent of 1.Times for query/session/delete:204.6518/649.1388/706.7151
13.07.2017 18:15:49; INFO; 0; 1 point sent of 1.Times for query/session/delete:202.7/679.077/667.2436
13.07.2017 18:15:49; INFO; 0; 1 point sent of 1.Times for query/session/delete:203.4366/694.2514/690.1101
13.07.2017 18:15:52; INFO; 0; >> [{"deviceId": "351608080789014", "latitude": "19.45295", "longitude": "72.78388", "timeStamp": "1499949946", "speed": "11.66667", "sos": "False", "altitude": "0", "vehicleNo": "MH04-G-8671", "isValid": "True"}]
13.07.2017 18:15:52; INFO; 0; >> [{"deviceId": "351608080791077", "latitude": "19.44779", "longitude": "72.80181", "timeStamp": "1499949949", "speed": "7.77778", "sos": "False", "altitude": "0", "vehicleNo": "MH04-FK-1262", "isValid": "True"}]
13.07.2017 18:15:52; INFO; 0; >> [{"deviceId": "351608080795862", "latitude": "19.45909", "longitude": "72.75804", "timeStamp": "1499949944", "speed": "2.77778", "sos": "False", "altitude": "0", "vehicleNo": "MH48-K-227", "isValid": "False"}]
13.07.2017 18:15:53; INFO; 0; 1 point sent of 1.Times for query/session/delete:198.5869/636.0364/715.1896
13.07.2017 18:15:53; INFO; 0; 1 point sent of 1.Times for query/session/delete:179.0545/679.8107/695.8061
13.07.2017 18:15:53; INFO; 0; 1 point sent of 1.Times for query/session/delete:221.5709/631.3893/758.5235
13.07.2017 18:16:06; INFO; 0; >> [{"deviceId": "351608080787893", "latitude": "19.43558", "longitude": "72.8592", "timeStamp": "1499949957", "speed": "8.05556", "sos": "False", "altitude": "0", "vehicleNo": "MH48-K-219", "isValid": "True"}]
13.07.2017 18:16:08; INFO; 0; 1 point sent of 1.Times for query/session/delete:210.5938/714.3344/680.7628
13.07.2017 18:16:10; INFO; 0; >> [{"deviceId": "351608080797173", "latitude": "19.40677", "longitude": "72.865", "timeStamp": "1499949968", "speed": "5.55556", "sos": "False", "altitude": "0", "vehicleNo": "MH48-K-281", "isValid": "False"}]
13.07.2017 18:16:12; INFO; 0; 1 point sent of 1.Times for query/session/delete:190.8137/623.7555/732.9043
13.07.2017 18:16:14; INFO; 0; >> [{"deviceId": "351608080792091", "latitude": "19.34354", "longitude": "72.80427", "timeStamp": "1499949965", "speed": "2.77778", "sos": "False", "altitude": "0", "vehicleNo": "MH-48-K-509", "isValid": "False"}]
13.07.2017 18:16:16; INFO; 0; 1 point sent of 1.Times for query/session/delete:201.1896/706.8909/726.1654
13.07.2017 18:16:16; INFO; 0; >> [{"deviceId": "358735070196976", "latitude": "19.48257", "longitude": "72.98048", "timeStamp": "1499949974", "speed": "15.55556", "sos": "False", "altitude": "0", "vehicleNo": "MH48-C-186", "isValid": "True"}, {"deviceId": "358735070196976", "latitude": "19.48247", "longitude": "72.98078", "timeStamp": "1499949972", "speed": "16.38889", "sos": "False", "altitude": "0", "vehicleNo": "MH48-C-186", "isValid": "True"}]
13.07.2017 18:16:16; INFO; 0; >> [{"deviceId": "358735070203681", "latitude": "19.45564", "longitude": "72.82989", "timeStamp": "1499949974", "speed": "4.16667", "sos": "False", "altitude": "0", "vehicleNo": "MH48-C-266", "isValid": "False"}]
13.07.2017 18:16:17; INFO; 0; 1 point sent of 1.Times for query/session/delete:211.053/666.0087/714.193
13.07.2017 18:16:17; INFO; 0; 2 point sent of 2.Times for query/session/delete:214.4582/662.5373/898.6263
13.07.2017 18:16:20; INFO; 0; >> [{"deviceId": "358735070195937", "latitude": "19.42372", "longitude": "72.82578", "timeStamp": "1499949970", "speed": "3.33333", "sos": "False", "altitude": "0", "vehicleNo": "MH48-C-220", "isValid": "True"}]
13.07.2017 18:16:20; INFO; 0; >> [{"deviceId": "358735070169270", "latitude": "19.25214", "longitude": "72.97276", "timeStamp": "1499949975", "speed": "9.44444", "sos": "False", "altitude": "0", "vehicleNo": "MH48-C-184", "isValid": "False"}]
13.07.2017 18:16:20; INFO; 0; >> [{"deviceId": "358735070172712", "latitude": "19.18492", "longitude": "72.9763", "timeStamp": "1499949973", "speed": "2.5", "sos": "False", "altitude": "0", "vehicleNo": "MH-48-C-215", "isValid": "False"}]
13.07.2017 18:16:21; INFO; 0; 1 point sent of 1.Times for query/session/delete:224.1405/623.8819/682.7948
13.07.2017 18:16:21; INFO; 0; 1 point sent of 1.Times for query/session/delete:209.087/764.4298/674.3196
13.07.2017 18:16:21; INFO; 0; 1 point sent of 1.Times for query/session/delete:193.8931/640.1744/686.1089
13.07.2017 18:16:25; INFO; 0; >> [{"deviceId": "358735070147698", "latitude": "19.2355", "longitude": "72.97592", "timeStamp": "1499949978", "speed": "6.38889", "sos": "False", "altitude": "0", "vehicleNo": "MH48-C-211", "isValid": "False"}]
13.07.2017 18:16:26; INFO; 0; 1 point sent of 1.Times for query/session/delete:186.3073/680.7019/688.3408
13.07.2017 18:16:30; INFO; 0; >> [{"deviceId": "358735070168827", "latitude": "19.18453", "longitude": "72.97231", "timeStamp": "1499949980", "speed": "5.55556", "sos": "False", "altitude": "0", "vehicleNo": "MH48-C-217", "isValid": "True"}]
13.07.2017 18:16:30; INFO; 0; >> [{"deviceId": "358735070203111", "latitude": "19.42241", "longitude": "72.8239", "timeStamp": "1499949984", "speed": "4.72222", "sos": "False", "altitude": "0", "vehicleNo": "MH48-K-436", "isValid": "True"}]
13.07.2017 18:16:30; INFO; 0; >> [{"deviceId": "358735070195895", "latitude": "19.40041", "longitude": "72.84306", "timeStamp": "1499949981", "speed": "3.33333", "sos": "False", "altitude": "0", "vehicleNo": "MH48-K-210", "isValid": "True"}]
13.07.2017 18:16:30; INFO; 0; >> [{"deviceId": "351608080792687", "latitude": "19.4166", "longitude": "72.86075", "timeStamp": "1499949983", "speed": "3.61111", "sos": "False", "altitude": "0", "vehicleNo": "MH48-K-433", "isValid": "False"}]
13.07.2017 18:16:32; INFO; 0; 1 point sent of 1.Times for query/session/delete:235.8623/690.7644/673.8898
13.07.2017 18:16:32; INFO; 0; 1 point sent of 1.Times for query/session/delete:179.7666/694.7669/677.3298
13.07.2017 18:16:32; INFO; 0; 1 point sent of 1.Times for query/session/delete:227.3384/631.8999/723.6117
13.07.2017 18:16:32; INFO; 0; 1 point sent of 1.Times for query/session/delete:190.0697/618.5627/703.1264
13.07.2017 18:16:32; INFO; 0; >> [{"deviceId": "351608080785889", "latitude": "19.40622", "longitude": "72.85023", "timeStamp": "1499949983", "speed": "3.33333", "sos": "False", "altitude": "0", "vehicleNo": "MH48-K-273", "isValid": "True"}]
13.07.2017 18:16:32; INFO; 0; >> [{"deviceId": "358735070125124", "latitude": "19.36654", "longitude": "72.81556", "timeStamp": "1499949983", "speed": "4.16667", "sos": "False", "altitude": "0", "vehicleNo": "MH48-k-366", "isValid": "False"}]
13.07.2017 18:16:32; INFO; 0; >> [{"deviceId": "351608080806768", "latitude": "19.34298", "longitude": "72.83785", "timeStamp": "1499949981", "speed": "5.83333", "sos": "False", "altitude": "0", "vehicleNo": "MH48-K-362", "isValid": "False"}]
13.07.2017 18:16:33; INFO; 0; 1 point sent of 1.Times for query/session/delete:230.736/631.5254/659.0413
13.07.2017 18:16:33; INFO; 0; 1 point sent of 1.Times for query/session/delete:248.2039/616.1156/649.0064
13.07.2017 18:16:33; INFO; 0; 1 point sent of 1.Times for query/session/delete:227.4703/617.0791/638.7278
13.07.2017 18:16:34; INFO; 0; >> [{"deviceId": "351608080809291", "latitude": "19.41529", "longitude": "72.82395", "timeStamp": "1499949993", "speed": "2.22222", "sos": "False", "altitude": "0", "vehicleNo": "MH48-K-223", "isValid": "False"}]
13.07.2017 18:16:34; INFO; 0; >> [{"deviceId": "351608080803708", "latitude": "19.34759", "longitude": "72.81067", "timeStamp": "1499949989", "speed": "11.11111", "sos": "False", "altitude": "0", "vehicleNo": "MH48-K-510", "isValid": "False"}]
13.07.2017 18:16:34; INFO; 0; >> [{"deviceId": "351608080796233", "latitude": "19.40586", "longitude": "72.87296", "timeStamp": "1499949986", "speed": "4.44444", "sos": "False", "altitude": "0", "vehicleNo": "MH48-K-203", "isValid": "False"}]
13.07.2017 18:16:36; INFO; 0; 1 point sent of 1.Times for query/session/delete:208.6169/633.6076/687.8362
13.07.2017 18:16:36; INFO; 0; 1 point sent of 1.Times for query/session/delete:196.3862/832.0756/665.4564
13.07.2017 18:16:36; INFO; 0; 1 point sent of 1.Times for query/session/delete:184.8671/814.3268/672.4661
