13.07.2017 18:12:31; WARNING; 0; Client started
13.07.2017 18:12:31; WARNING; 0; HTTP/JSON client started
13.07.2017 18:12:31; WARNING; 0; Client started
13.07.2017 18:12:31; WARNING; 0; HTTP/JSON client started
13.07.2017 18:13:09; INFO; 0; >> [{"deviceId": "358735070205470", "latitude": "22.68612", "longitude": "75.82448", "timeStamp": "1499949781", "speed": "5.55556", "sos": "False", "altitude": "0", "vehicleNo": "MP09-FA-6055", "isValid": "True"}]
13.07.2017 18:13:10; INFO; 0; 1 point sent of 1.Times for query/session/delete:228.6085/404.7696/699.0339
13.07.2017 18:13:18; INFO; 0; >> [{"deviceId": "351608080786291", "latitude": "22.77603", "longitude": "75.85994", "timeStamp": "1499843327", "speed": "7.5", "sos": "False", "altitude": "0", "vehicleNo": "MP09-FA-1971", "isValid": "False"}, {"deviceId": "351608080786291", "latitude": "22.77555", "longitude": "75.86016", "timeStamp": "1499843317", "speed": "3.05556", "sos": "False", "altitude": "0", "vehicleNo": "MP09-FA-1971", "isValid": "True"}, {"deviceId": "351608080786291", "latitude": "22.77538", "longitude": "75.86028", "timeStamp": "1499843307", "speed": "3.05556", "sos": "False", "altitude": "0", "vehicleNo": "MP09-FA-1971", "isValid": "True"}, {"deviceId": "351608080786291", "latitude": "22.77515", "longitude": "75.86057", "timeStamp": "1499843297", "speed": "4.44444", "sos": "False", "altitude": "0", "vehicleNo": "MP09-FA-1971", "isValid": "False"}, {"deviceId": "351608080786291", "latitude": "22.77456", "longitude": "75.86104", "timeStamp": "1499843287", "speed": "13.33333", "sos": "False", "altitude": "0", "vehicleNo": "MP09-FA-1971", "isValid": "False"}, {"deviceId": "351608080786291", "latitude": "22.77345", "longitude": "75.86182", "timeStamp": "1499843277", "speed": "14.16667", "sos": "False", "altitude": "0", "vehicleNo": "MP09-FA-1971", "isValid": "False"}, {"deviceId": "351608080786291", "latitude": "22.77249", "longitude": "75.86248", "timeStamp": "1499843267", "speed": "9.72222", "sos": "False", "altitude": "0", "vehicleNo": "MP09-FA-1971", "isValid": "False"}, {"deviceId": "351608080786291", "latitude": "22.77173", "longitude": "75.86305", "timeStamp": "1499843257", "speed": "12.22222", "sos": "False", "altitude": "0", "vehicleNo": "MP09-FA-1971", "isValid": "False"}, {"deviceId": "351608080786291", "latitude": "22.77077", "longitude": "75.86372", "timeStamp": "1499843247", "speed": "15", "sos": "False", "altitude": "0", "vehicleNo": "MP09-FA-1971", "isValid": "False"}, {"deviceId": "351608080786291", "latitude": "22.76964", "longitude": "75.86443", "timeStamp": "1499843237", "speed": "14.72222", "sos": "False", "altitude": "0", "vehicleNo": "MP09-FA-1971", "isValid": "False"}]
13.07.2017 18:13:20; INFO; 0; 10 point sent of 10.Times for query/session/delete:555.2037/502.4474/2176.2379
13.07.2017 18:13:33; INFO; 0; >> [{"deviceId": "358735070041008", "latitude": "22.71932", "longitude": "75.9084", "timeStamp": "1499949809", "speed": "2.77778", "sos": "False", "altitude": "0", "vehicleNo": "MP09-FA-1943", "isValid": "True"}]
13.07.2017 18:13:35; INFO; 0; 1 point sent of 1.Times for query/session/delete:213.0279/912.6104/659.8893
13.07.2017 18:13:45; INFO; 0; >> [{"deviceId": "351608080782688", "latitude": "22.63996", "longitude": "75.88831", "timeStamp": "1499949821", "speed": "3.05556", "sos": "False", "altitude": "0", "vehicleNo": "MP09-FA-6065", "isValid": "False"}]
13.07.2017 18:13:46; INFO; 0; >> [{"deviceId": "358735070162572", "latitude": "22.71514", "longitude": "75.855", "timeStamp": "1499949817", "speed": "4.44444", "sos": "False", "altitude": "0", "vehicleNo": "MP09-FA-6073", "isValid": "True"}]
13.07.2017 18:13:46; INFO; 0; 1 point sent of 1.Times for query/session/delete:171.8309/373.8296/687.2022
13.07.2017 18:13:47; INFO; 0; 1 point sent of 1.Times for query/session/delete:227.1309/389.8774/687.0204
13.07.2017 18:13:53; INFO; 0; >> [{"deviceId": "358735070031470", "latitude": "22.67355", "longitude": "75.88", "timeStamp": "1499949812", "speed": "4.72222", "sos": "False", "altitude": "0", "vehicleNo": "MP09-FA-7004", "isValid": "True"}, {"deviceId": "358735070031470", "latitude": "22.67256", "longitude": "75.88043", "timeStamp": "1499949792", "speed": "7.5", "sos": "False", "altitude": "0", "vehicleNo": "MP09-FA-7004", "isValid": "True"}]
13.07.2017 18:13:55; INFO; 0; 2 point sent of 2.Times for query/session/delete:202.8874/408.8387/867.4506
13.07.2017 18:14:00; INFO; 0; >> [{"deviceId": "358735070560163", "latitude": "22.71992", "longitude": "75.84146", "timeStamp": "1499949835", "speed": "4.72222", "sos": "False", "altitude": "0", "vehicleNo": "MP09-FA-1917", "isValid": "True"}]
13.07.2017 18:14:01; INFO; 0; >> [{"deviceId": "358735070563217", "latitude": "22.72035", "longitude": "75.87165", "timeStamp": "1499949832", "speed": "1.94444", "sos": "False", "altitude": "0", "vehicleNo": "MP09-FA-1918", "isValid": "False"}]
13.07.2017 18:14:01; INFO; 0; 1 point sent of 1.Times for query/session/delete:204.5452/404.9464/673.7144
13.07.2017 18:14:02; INFO; 0; 1 point sent of 1.Times for query/session/delete:302.1974/370.1609/656.5217
13.07.2017 18:14:11; INFO; 0; >> [{"deviceId": "358735070734230", "latitude": "22.72443", "longitude": "75.8741", "timeStamp": "1499949847", "speed": "0", "sos": "False", "altitude": "0", "vehicleNo": "MP09-FA-1922", "isValid": "True"}]
13.07.2017 18:14:12; INFO; 0; 1 point sent of 1.Times for query/session/delete:191.6149/388.8474/684.2853
13.07.2017 18:14:14; INFO; 0; >> [{"deviceId": "358735070564280", "latitude": "22.68892", "longitude": "75.88494", "timeStamp": "1499949847", "speed": "3.33333", "sos": "False", "altitude": "0", "vehicleNo": "MP09-FA-1928", "isValid": "False"}]
13.07.2017 18:14:15; INFO; 0; 1 point sent of 1.Times for query/session/delete:203.0182/348.4247/733.2185
13.07.2017 18:14:24; INFO; 0; >> [{"deviceId": "358735070745376", "latitude": "22.72888", "longitude": "75.81547", "timeStamp": "1499949860", "speed": "9.72222", "sos": "False", "altitude": "0", "vehicleNo": "MP09-FA-1946", "isValid": "True"}]
13.07.2017 18:14:25; INFO; 0; 1 point sent of 1.Times for query/session/delete:178.2867/377.4653/654.274
13.07.2017 18:14:34; INFO; 0; >> [{"deviceId": "358735070574081", "latitude": "22.71984", "longitude": "75.87059", "timeStamp": "1499949863", "speed": "3.33333", "sos": "False", "altitude": "0", "vehicleNo": "MP09-FA-1950", "isValid": "False"}]
13.07.2017 18:14:35; INFO; 0; 1 point sent of 1.Times for query/session/delete:189.2195/403.7088/658.593
13.07.2017 18:14:47; INFO; 0; >> [{"deviceId": "358735070732036", "latitude": "22.68372", "longitude": "75.83525", "timeStamp": "1499949879", "speed": "4.16667", "sos": "False", "altitude": "0", "vehicleNo": "MP09-FA-1980", "isValid": "True"}]
13.07.2017 18:14:48; INFO; 0; 1 point sent of 1.Times for query/session/delete:218.918/471.8818/661.3861
13.07.2017 18:15:00; INFO; 0; >> [{"deviceId": "358735070734628", "latitude": "22.75631", "longitude": "75.86999", "timeStamp": "1499949892", "speed": "7.77778", "sos": "False", "altitude": "0", "vehicleNo": "MP09-FA-1964", "isValid": "True"}]
13.07.2017 18:15:01; INFO; 0; 1 point sent of 1.Times for query/session/delete:182.7845/451.2389/660.1846
13.07.2017 18:15:02; INFO; 0; >> [{"deviceId": "358735070551246", "latitude": "22.72132", "longitude": "75.85867", "timeStamp": "1499949898", "speed": "6.66667", "sos": "False", "altitude": "0", "vehicleNo": "MP09-FA-1967", "isValid": "True"}]
13.07.2017 18:15:03; INFO; 0; 1 point sent of 1.Times for query/session/delete:167.6804/494.1162/766.2852
13.07.2017 18:15:03; INFO; 0; >> [{"deviceId": "358735070736714", "latitude": "22.72593", "longitude": "75.84595", "timeStamp": "1499949897", "speed": "3.61111", "sos": "False", "altitude": "0", "vehicleNo": "MP09-FA-6068", "isValid": "True"}]
13.07.2017 18:15:05; INFO; 0; 1 point sent of 1.Times for query/session/delete:176.4988/392.0113/673.6372
13.07.2017 18:15:08; INFO; 0; >> [{"deviceId": "358735070736789", "latitude": "22.71987", "longitude": "75.84157", "timeStamp": "1499949898", "speed": "3.05556", "sos": "False", "altitude": "0", "vehicleNo": "MP09-FA-6072", "isValid": "True"}]
13.07.2017 18:15:09; INFO; 0; 1 point sent of 1.Times for query/session/delete:200.8379/382.3154/650.4794
13.07.2017 18:15:24; INFO; 0; >> [{"deviceId": "358735070532428", "latitude": "22.71962", "longitude": "75.86887", "timeStamp": "1499949917", "speed": "1.94444", "sos": "False", "altitude": "0", "vehicleNo": "MP09-FA-6086", "isValid": "False"}]
13.07.2017 18:15:24; INFO; 0; >> [{"deviceId": "358735070734735", "latitude": "22.73256", "longitude": "75.87376", "timeStamp": "1499949920", "speed": "6.94444", "sos": "False", "altitude": "0", "vehicleNo": "MP09-FA-6087", "isValid": "True"}]
13.07.2017 18:15:25; INFO; 0; 1 point sent of 1.Times for query/session/delete:196.4544/399.1534/648.1446
13.07.2017 18:15:25; INFO; 0; 1 point sent of 1.Times for query/session/delete:202.4637/378.1208/671.2041
13.07.2017 18:15:27; INFO; 0; >> [{"deviceId": "358735070745616", "latitude": "22.73163", "longitude": "75.8643", "timeStamp": "1499949916", "speed": "10.27778", "sos": "False", "altitude": "0", "vehicleNo": "MP09-FA-6090", "isValid": "True"}]
13.07.2017 18:15:28; INFO; 0; 1 point sent of 1.Times for query/session/delete:200.6079/381.4403/688.2375
13.07.2017 18:15:29; INFO; 0; >> [{"deviceId": "358735070734727", "latitude": "22.74521", "longitude": "75.87193", "timeStamp": "1499949924", "speed": "2.5", "sos": "False", "altitude": "0", "vehicleNo": "MP09-FA-6092", "isValid": "True"}]
13.07.2017 18:15:30; INFO; 0; 1 point sent of 1.Times for query/session/delete:356.9111/399.9795/722.0669
13.07.2017 18:15:31; INFO; 0; >> [{"deviceId": "358735070732630", "latitude": "22.74539", "longitude": "75.87127", "timeStamp": "1499949929", "speed": "5", "sos": "False", "altitude": "0", "vehicleNo": "MP09-FA-7006", "isValid": "True"}, {"deviceId": "358735070732630", "latitude": "22.74552", "longitude": "75.87086", "timeStamp": "1499949919", "speed": "2.77778", "sos": "False", "altitude": "0", "vehicleNo": "MP09-FA-7006", "isValid": "True"}]
13.07.2017 18:15:32; INFO; 0; 2 point sent of 2.Times for query/session/delete:231.8406/421.2693/825.7112
13.07.2017 18:15:38; INFO; 0; >> [{"deviceId": "358735070530646", "latitude": "22.72273", "longitude": "75.85701", "timeStamp": "1499949933", "speed": "4.72222", "sos": "False", "altitude": "0", "vehicleNo": "MP09-FA-7010", "isValid": "True"}]
13.07.2017 18:15:39; INFO; 0; 1 point sent of 1.Times for query/session/delete:221.0925/374.7401/661.9549
13.07.2017 18:15:43; INFO; 0; >> [{"deviceId": "358735070564322", "latitude": "22.73847", "longitude": "75.84398", "timeStamp": "1499949936", "speed": "3.33333", "sos": "False", "altitude": "0", "vehicleNo": "MP09-FA-7013", "isValid": "False"}]
13.07.2017 18:15:44; INFO; 0; 1 point sent of 1.Times for query/session/delete:223.1035/370.8803/716.7258
13.07.2017 18:15:54; INFO; 0; >> [{"deviceId": "358735070164230", "latitude": "22.70782", "longitude": "75.85255", "timeStamp": "1499949947", "speed": "9.16667", "sos": "False", "altitude": "0", "vehicleNo": "MP09-FA-6056", "isValid": "False"}]
13.07.2017 18:15:55; INFO; 0; 1 point sent of 1.Times for query/session/delete:219.0034/367.4558/681.2976
13.07.2017 18:16:10; INFO; 0; >> [{"deviceId": "351608080786291", "latitude": "22.71253", "longitude": "75.90574", "timeStamp": "1499949963", "speed": "9.44444", "sos": "False", "altitude": "0", "vehicleNo": "MP09-FA-1971", "isValid": "False"}, {"deviceId": "351608080786291", "latitude": "22.72656", "longitude": "75.90452", "timeStamp": "1499841743", "speed": "14.44444", "sos": "False", "altitude": "0", "vehicleNo": "MP09-FA-1971", "isValid": "False"}, {"deviceId": "351608080786291", "latitude": "22.72544", "longitude": "75.90505", "timeStamp": "1499841733", "speed": "11.94444", "sos": "False", "altitude": "0", "vehicleNo": "MP09-FA-1971", "isValid": "False"}, {"deviceId": "351608080786291", "latitude": "22.72437", "longitude": "75.90565", "timeStamp": "1499841723", "speed": "14.16667", "sos": "False", "altitude": "0", "vehicleNo": "MP09-FA-1971", "isValid": "False"}, {"deviceId": "351608080786291", "latitude": "22.72329", "longitude": "75.906", "timeStamp": "1499841713", "speed": "11.38889", "sos": "False", "altitude": "0", "vehicleNo": "MP09-FA-1971", "isValid": "False"}, {"deviceId": "351608080786291", "latitude": "22.72238", "longitude": "75.90605", "timeStamp": "1499841703", "speed": "8.61111", "sos": "False", "altitude": "0", "vehicleNo": "MP09-FA-1971", "isValid": "False"}, {"deviceId": "351608080786291", "latitude": "22.72144", "longitude": "75.90606", "timeStamp": "1499841693", "speed": "9.44444", "sos": "False", "altitude": "0", "vehicleNo": "MP09-FA-1971", "isValid": "False"}, {"deviceId": "351608080786291", "latitude": "22.7207", "longitude": "75.90607", "timeStamp": "1499841683", "speed": "6.38889", "sos": "False", "altitude": "0", "vehicleNo": "MP09-FA-1971", "isValid": "False"}, {"deviceId": "351608080786291", "latitude": "22.72032", "longitude": "75.90609", "timeStamp": "1499841673", "speed": "4.16667", "sos": "False", "altitude": "0", "vehicleNo": "MP09-FA-1971", "isValid": "False"}, {"deviceId": "351608080786291", "latitude": "22.71986", "longitude": "75.90613", "timeStamp": "1499841663", "speed": "4.16667", "sos": "False", "altitude": "0", "vehicleNo": "MP09-FA-1971", "isValid": "False"}]
13.07.2017 18:16:13; INFO; 0; 10 point sent of 10.Times for query/session/delete:464.4327/386.2529/2167.7704
13.07.2017 18:16:16; INFO; 0; >> [{"deviceId": "358735070044440", "latitude": "22.70537", "longitude": "75.8456", "timeStamp": "1499949976", "speed": "3.88889", "sos": "False", "altitude": "0", "vehicleNo": "MP09-FA-1975", "isValid": "True"}]
13.07.2017 18:16:17; INFO; 0; 1 point sent of 1.Times for query/session/delete:394.1401/474.3153/680.306
13.07.2017 18:16:36; INFO; 0; >> [{"deviceId": "358735070734230", "latitude": "22.72561", "longitude": "75.87418", "timeStamp": "1499949988", "speed": "6.38889", "sos": "False", "altitude": "0", "vehicleNo": "MP09-FA-1922", "isValid": "True"}]
13.07.2017 18:16:36; INFO; 0; >> [{"deviceId": "358735070564272", "latitude": "22.75968", "longitude": "75.87593", "timeStamp": "1499949988", "speed": "9.16667", "sos": "False", "altitude": "0", "vehicleNo": "MP09-FA-1921", "isValid": "False"}]
13.07.2017 18:16:37; INFO; 0; 1 point sent of 1.Times for query/session/delete:183.599/374.2951/645.3516
13.07.2017 18:16:37; INFO; 0; 1 point sent of 1.Times for query/session/delete:192.5813/370.9565/702.846
13.07.2017 18:16:37; INFO; 0; >> [{"deviceId": "358735070564280", "latitude": "22.68558", "longitude": "75.88907", "timeStamp": "1499949987", "speed": "2.77778", "sos": "False", "altitude": "0", "vehicleNo": "MP09-FA-1928", "isValid": "True"}]
