03.11.2017 11:48:58; WARNING; 0; Client started
03.11.2017 11:48:58; WARNING; 0; GpsGate client started
03.11.2017 11:48:58; WARNING; 0; GpsGate Data Should Received
03.11.2017 11:50:23; WARNING; 0; Client started
03.11.2017 11:50:23; WARNING; 0; GpsGate client started
03.11.2017 11:50:23; WARNING; 0; GpsGate Data Should Received
03.11.2017 12:17:03; WARNING; 0; Client started
03.11.2017 12:17:03; WARNING; 0; GpsGate client started
03.11.2017 12:17:03; WARNING; 0; GpsGate Data Should Received
03.11.2017 12:18:42; WARNING; 0; Client started
03.11.2017 12:18:42; WARNING; 0; GpsGate client started
03.11.2017 12:18:42; WARNING; 0; GpsGate Data Should Received
03.11.2017 12:51:55; WARNING; 0; Client started
03.11.2017 12:51:55; WARNING; 0; GpsGate client started
03.11.2017 12:51:55; WARNING; 0; GpsGate Data Should Received
03.11.2017 12:52:00; INFO; 0; $FRCMD,358735070736763,_SendMessage,,2244.96635,N,7553.57346,E,0,0,101,021117,072200.981,1,Button1=0*33
03.11.2017 12:52:01; INFO; 0; 1 point sent of 1.Times for query/session/delete:1658.0385/-284.1467/284.1467
03.11.2017 12:52:01; INFO; 0; $FRCMD,351608080788750,_SendMessage,,2241.47968,N,7552.11273,E,0,11.3390928725702,318,031117,071919.000,1,Button1=1*71
03.11.2017 12:52:02; INFO; 0; 1 point sent of 1.Times for query/session/delete:697.6959/-286.8953/286.8953
03.11.2017 12:52:05; INFO; 0; $FRCMD,358735070736763,_SendMessage,,2244.96635,N,7553.57346,E,0,0,101,021117,072205.449,1,Button1=0*5A
03.11.2017 12:52:05; INFO; 0; 1 point sent of 1.Times for query/session/delete:687.917/-269.9013/269.9013
03.11.2017 12:52:07; INFO; 0; $FRCMD,351608080788750,_SendMessage,,2241.47968,N,7552.11273,E,0,11.3390928725702,318,031117,071919.000,1,Button1=1*09
03.11.2017 12:52:07; INFO; 0; 1 point sent of 1.Times for query/session/delete:682.6222/-280.0511/280.0511
03.11.2017 12:52:11; INFO; 0; $FRCMD,358735070736763,_SendMessage,,2244.96635,N,7553.57346,E,0,0,101,021117,072211.489,1,Button1=0*55
03.11.2017 12:52:11; INFO; 0; 1 point sent of 1.Times for query/session/delete:763.2523/-272.0964/272.0964
03.11.2017 12:52:13; INFO; 0; $FRCMD,351608080788750,_SendMessage,,2241.47968,N,7552.11273,E,0,11.3390928725702,318,031117,071919.000,1,Button1=1*74
03.11.2017 12:52:13; INFO; 0; 1 point sent of 1.Times for query/session/delete:797.2796/-336.0778/336.0778
03.11.2017 12:52:17; INFO; 0; $FRCMD,358735070736763,_SendMessage,,2244.96635,N,7553.57346,E,0,0,101,021117,072217.435,1,Button1=0*5F
03.11.2017 12:52:17; INFO; 0; 1 point sent of 1.Times for query/session/delete:671.1958/-269.3819/269.3819
03.11.2017 12:52:19; INFO; 0; $FRCMD,351608080788750,_SendMessage,,2241.47968,N,7552.11273,E,0,11.3390928725702,318,031117,071919.000,1,Button1=1*06
03.11.2017 12:52:19; INFO; 0; 1 point sent of 1.Times for query/session/delete:683.7367/-290.382/290.382
03.11.2017 12:52:23; INFO; 0; $FRCMD,358735070736763,_SendMessage,,2244.96635,N,7553.57346,E,0,0,101,021117,072223.432,1,Button1=0*5A
03.11.2017 12:52:23; INFO; 0; 1 point sent of 1.Times for query/session/delete:676.3157/-271.5846/271.5846
03.11.2017 12:52:25; INFO; 0; $FRCMD,351608080788750,_SendMessage,,2241.47968,N,7552.11273,E,0,11.3390928725702,318,031117,071919.000,1,Button1=1*01
03.11.2017 12:52:25; INFO; 0; 1 point sent of 1.Times for query/session/delete:680.9301/-272.7202/272.7202
03.11.2017 12:52:29; INFO; 0; $FRCMD,358735070736763,_SendMessage,,2244.96635,N,7553.57346,E,0,0,101,021117,072229.512,1,Button1=0*5D
03.11.2017 12:52:29; INFO; 0; 1 point sent of 1.Times for query/session/delete:682.6957/-271.7008/271.7008
