03.11.2017 12:20:37; WARNING; 0; Client started
03.11.2017 12:20:37; WARNING; 0; HTTP/JSON client started
03.11.2017 12:20:37; WARNING; 0; Client started
03.11.2017 12:20:37; WARNING; 0; HTTP/JSON client started
03.11.2017 12:29:03; WARNING; 0; Client started
03.11.2017 12:29:03; WARNING; 0; HTTP/JSON client started
03.11.2017 12:29:03; WARNING; 0; Client started
03.11.2017 12:29:03; WARNING; 0; HTTP/JSON client started
03.11.2017 12:49:32; WARNING; 0; Client started
03.11.2017 12:49:32; WARNING; 0; HTTP/JSON client started
03.11.2017 12:49:32; WARNING; 0; Client started
03.11.2017 12:49:32; WARNING; 0; HTTP/JSON client started
03.11.2017 12:51:18; WARNING; 0; Client started
03.11.2017 12:51:18; WARNING; 0; HTTP/JSON client started
03.11.2017 12:51:18; WARNING; 0; Client started
03.11.2017 12:51:18; WARNING; 0; HTTP/JSON client started
03.11.2017 12:51:29; INFO; 0; Standing >> [{"deviceId": "358735070736763", "latitude": "22.74944", "longitude": "75.89289", "timeStamp": "1509693690", "speed": "0", "sos": "False", "altitude": "0", "vehicleNo": "MP09-FA-6089", "isValid": "True", "packetTimeStamp": "1509634198"}, {"deviceId": "358735070736763", "latitude": "22.74944", "longitude": "75.89289", "timeStamp": "1509693690", "speed": "0", "sos": "False", "altitude": "0", "vehicleNo": "MP09-FA-6089", "isValid": "True", "packetTimeStamp": "1509634198"}, {"deviceId": "358735070736763", "latitude": "22.74944", "longitude": "75.89289", "timeStamp": "1509693690", "speed": "0", "sos": "False", "altitude": "0", "vehicleNo": "MP09-FA-6089", "isValid": "True", "packetTimeStamp": "1509634198"}, {"deviceId": "358735070736763", "latitude": "22.74944", "longitude": "75.89289", "timeStamp": "1509693690", "speed": "0", "sos": "False", "altitude": "0", "vehicleNo": "MP09-FA-6089", "isValid": "True", "packetTimeStamp": "1509634198"}, {"deviceId": "358735070736763", "latitude": "22.74944", "longitude": "75.89289", "timeStamp": "1509693690", "speed": "0", "sos": "False", "altitude": "0", "vehicleNo": "MP09-FA-6089", "isValid": "True", "packetTimeStamp": "1509634198"}, {"deviceId": "358735070736763", "latitude": "22.74944", "longitude": "75.89289", "timeStamp": "1509693690", "speed": "0", "sos": "False", "altitude": "0", "vehicleNo": "MP09-FA-6089", "isValid": "True", "packetTimeStamp": "1509634198"}, {"deviceId": "358735070736763", "latitude": "22.74944", "longitude": "75.89289", "timeStamp": "1509693690", "speed": "0", "sos": "False", "altitude": "0", "vehicleNo": "MP09-FA-6089", "isValid": "True", "packetTimeStamp": "1509634198"}, {"deviceId": "358735070736763", "latitude": "22.74944", "longitude": "75.89289", "timeStamp": "1509693690", "speed": "0", "sos": "False", "altitude": "0", "vehicleNo": "MP09-FA-6089", "isValid": "True", "packetTimeStamp": "1509634198"}, {"deviceId": "358735070736763", "latitude": "22.74944", "longitude": "75.89289", "timeStamp": "1509693690", "speed": "0", "sos": "False", "altitude": "0", "vehicleNo": "MP09-FA-6089", "isValid": "True", "packetTimeStamp": "1509634198"}, {"deviceId": "358735070736763", "latitude": "22.74944", "longitude": "75.89289", "timeStamp": "1509693690", "speed": "0", "sos": "False", "altitude": "0", "vehicleNo": "MP09-FA-6089", "isValid": "True", "packetTimeStamp": "1509634198"}]
03.11.2017 12:51:29; INFO; 0; Running >> [{"deviceId": "351608080788750", "latitude": "22.69133", "longitude": "75.86855", "timeStamp": "1509693559", "speed": "5.83333", "sos": "False", "altitude": "0", "vehicleNo": "MP09-FA-6074", "isValid": "True", "packetTimeStamp": "1509693690"}, {"deviceId": "351608080788750", "latitude": "22.69133", "longitude": "75.86855", "timeStamp": "1509693559", "speed": "5.83333", "sos": "False", "altitude": "0", "vehicleNo": "MP09-FA-6074", "isValid": "True", "packetTimeStamp": "1509693690"}, {"deviceId": "351608080788750", "latitude": "22.69133", "longitude": "75.86855", "timeStamp": "1509693559", "speed": "5.83333", "sos": "False", "altitude": "0", "vehicleNo": "MP09-FA-6074", "isValid": "True", "packetTimeStamp": "1509693690"}, {"deviceId": "351608080788750", "latitude": "22.69133", "longitude": "75.86855", "timeStamp": "1509693559", "speed": "5.83333", "sos": "False", "altitude": "0", "vehicleNo": "MP09-FA-6074", "isValid": "True", "packetTimeStamp": "1509693690"}, {"deviceId": "351608080788750", "latitude": "22.69133", "longitude": "75.86855", "timeStamp": "1509693559", "speed": "5.83333", "sos": "False", "altitude": "0", "vehicleNo": "MP09-FA-6074", "isValid": "True", "packetTimeStamp": "1509693690"}, {"deviceId": "351608080788750", "latitude": "22.69133", "longitude": "75.86855", "timeStamp": "1509693559", "speed": "5.83333", "sos": "False", "altitude": "0", "vehicleNo": "MP09-FA-6074", "isValid": "True", "packetTimeStamp": "1509693690"}, {"deviceId": "351608080788750", "latitude": "22.69133", "longitude": "75.86855", "timeStamp": "1509693559", "speed": "5.83333", "sos": "False", "altitude": "0", "vehicleNo": "MP09-FA-6074", "isValid": "True", "packetTimeStamp": "1509693690"}, {"deviceId": "351608080788750", "latitude": "22.69133", "longitude": "75.86855", "timeStamp": "1509693559", "speed": "5.83333", "sos": "False", "altitude": "0", "vehicleNo": "MP09-FA-6074", "isValid": "True", "packetTimeStamp": "1509693690"}, {"deviceId": "351608080788750", "latitude": "22.69133", "longitude": "75.86855", "timeStamp": "1509693559", "speed": "5.83333", "sos": "False", "altitude": "0", "vehicleNo": "MP09-FA-6074", "isValid": "True", "packetTimeStamp": "1509693690"}, {"deviceId": "351608080788750", "latitude": "22.69133", "longitude": "75.86855", "timeStamp": "1509693559", "speed": "5.83333", "sos": "False", "altitude": "0", "vehicleNo": "MP09-FA-6074", "isValid": "True", "packetTimeStamp": "1509693690"}]
03.11.2017 12:51:31; INFO; 0; 10 point sent of 10.Times for query/session/delete:1877.5197/-1111.4135/1111.4135
03.11.2017 12:51:31; INFO; 0; 10 point sent of 10.Times for query/session/delete:2065.5438/-1080.6384/1080.6384
