10.02.2016 11:08:29; WARNING; 0; EventMgr запущен
10.02.2016 11:13:01; WARNING; 0; EventMgr запущен
10.02.2016 11:16:08; WARNING; 0; EventMgr запущен
10.02.2016 17:55:48; WARNING; 0; EventMgr запущен
10.02.2016 17:57:27; WARNING; 0; EventMgr запущен
10.02.2016 18:18:57; WARNING; 0; EventMgr запущен
10.02.2016 18:29:23; WARNING; 0; EventMgr запущен
10.02.2016 22:38:58; WARNING; 0; EventMgr запущен
11.02.2016 12:37:40; WARNING; 0; EventMgr запущен
11.02.2016 14:23:35; WARNING; 0; EventMgr запущен
11.02.2016 16:34:24; WARNING; 0; EventMgr запущен
11.02.2016 17:23:14; WARNING; 0; EventMgr запущен
11.02.2016 22:01:30; WARNING; 0; EventMgr запущен
11.02.2016 22:05:00; WARNING; 0; EventMgr запущен
12.02.2016 12:07:42; WARNING; 0; EventMgr запущен
12.02.2016 12:25:26; WARNING; 0; EventMgr запущен
12.02.2016 12:48:35; WARNING; 0; EventMgr запущен
12.02.2016 13:02:02; WARNING; 0; EventMgr запущен
12.02.2016 13:29:54; WARNING; 0; EventMgr запущен
12.02.2016 13:59:17; WARNING; 0; EventMgr запущен
12.02.2016 14:01:46; WARNING; 0; EventMgr запущен
12.02.2016 14:51:35; WARNING; 0; EventMgr запущен
12.02.2016 15:54:58; WARNING; 0; EventMgr запущен
12.02.2016 16:03:02; WARNING; 0; EventMgr запущен
12.02.2016 16:18:20; WARNING; 0; EventMgr запущен
12.02.2016 16:20:25; WARNING; 0; EventMgr запущен
12.02.2016 16:49:05; WARNING; 0; EventMgr запущен
12.02.2016 16:53:23; WARNING; 0; EventMgr запущен
12.02.2016 16:55:57; WARNING; 0; EventMgr запущен
12.02.2016 17:03:08; WARNING; 0; EventMgr запущен
12.02.2016 17:08:21; WARNING; 0; EventMgr запущен
12.02.2016 17:18:18; WARNING; 0; EventMgr запущен
12.02.2016 17:19:24; WARNING; 0; EventMgr запущен
12.02.2016 17:19:33; WARNING; 0; EventMgr запущен
12.02.2016 17:20:52; WARNING; 0; EventMgr запущен
12.02.2016 17:23:45; WARNING; 0; EventMgr запущен
12.02.2016 17:25:44; WARNING; 0; EventMgr запущен
12.02.2016 17:26:45; WARNING; 0; EventMgr запущен
12.02.2016 20:43:20; WARNING; 0; EventMgr запущен
12.02.2016 20:59:11; WARNING; 0; EventMgr запущен
13.02.2016 18:38:20; WARNING; 0; EventMgr запущен
13.02.2016 19:07:59; WARNING; 0; EventMgr запущен
13.02.2016 19:31:07; WARNING; 0; EventMgr запущен
13.02.2016 19:45:55; WARNING; 0; EventMgr запущен
13.02.2016 19:51:00; WARNING; 0; EventMgr запущен
13.02.2016 19:52:29; WARNING; 0; EventMgr запущен
13.02.2016 20:02:03; WARNING; 0; EventMgr запущен
13.02.2016 20:08:56; INFO; 0; Store Event yeni GT NOTIFY ( $GETPIC;OK)
13.02.2016 20:13:56; INFO; 0; Store Event yeni GT NOTIFY ( $GETPIC;OK)
13.02.2016 20:30:38; WARNING; 0; EventMgr запущен
13.02.2016 20:31:44; INFO; 0; Store Event yeni GT NOTIFY ( $GETPIC;OK)
13.02.2016 20:31:47; INFO; 0; Store Event yeni GT NOTIFY ( $GETPIC;OK)
13.02.2016 20:34:19; WARNING; 0; EventMgr запущен
13.02.2016 20:35:50; INFO; 0; Store Event yeni GT NOTIFY ( $GETPIC;OK)
13.02.2016 20:40:48; INFO; 0; Store Event yeni GT NOTIFY ( $GETPIC;OK)
13.02.2016 20:48:47; INFO; 0; Store Event yeni GT NOTIFY ( $GETPIC;OK)
13.02.2016 20:55:25; WARNING; 0; EventMgr запущен
13.02.2016 20:56:19; INFO; 0; Store Event yeni GT NOTIFY ( $GETPIC;OK)
13.02.2016 22:00:53; WARNING; 0; EventMgr запущен
14.02.2016 10:22:54; INFO; 0; Store Event yeni GT NOTIFY ( $GETPIC;OK)
14.02.2016 10:25:54; INFO; 0; Store Event yeni GT NOTIFY ( $GETPIC;OK)
14.02.2016 10:25:56; INFO; 0; Store Event yeni GT NOTIFY ( $GETPIC;OK)
14.02.2016 14:49:36; WARNING; 0; EventMgr запущен
15.02.2016 19:28:04; WARNING; 0; EventMgr запущен
16.02.2016 13:39:55; WARNING; 0; EventMgr запущен
16.02.2016 13:43:46; WARNING; 0; EventMgr запущен
16.02.2016 16:13:36; WARNING; 0; EventMgr запущен
16.02.2016 16:15:02; WARNING; 0; EventMgr запущен
16.02.2016 16:16:46; WARNING; 0; EventMgr запущен
16.02.2016 19:46:11; WARNING; 0; EventMgr запущен
16.02.2016 19:46:15; WARNING; 0; EventMgr запущен
16.02.2016 19:52:19; WARNING; 0; EventMgr запущен
16.02.2016 19:57:38; WARNING; 0; EventMgr запущен
16.02.2016 21:08:27; WARNING; 0; EventMgr запущен
16.02.2016 21:09:07; WARNING; 0; EventMgr запущен
17.02.2016 10:43:19; WARNING; 0; EventMgr запущен
17.02.2016 10:57:06; WARNING; 0; EventMgr запущен
17.02.2016 11:04:42; WARNING; 0; EventMgr запущен
17.02.2016 12:56:46; WARNING; 0; EventMgr запущен
17.02.2016 12:57:09; WARNING; 0; EventMgr запущен
18.02.2016 13:01:41; WARNING; 0; EventMgr запущен
18.02.2016 13:02:32; WARNING; 0; EventMgr запущен
18.02.2016 13:06:26; WARNING; 0; EventMgr запущен
18.02.2016 14:56:34; WARNING; 0; EventMgr запущен
18.02.2016 15:05:42; INFO; 0; Store Event yeni GT NOTIFY ( $GETPIC;OK)
18.02.2016 15:09:42; INFO; 0; Store Event yeni GT NOTIFY ( $GETPIC;OK)
18.02.2016 15:10:10; WARNING; 0; EventMgr запущен
21.02.2016 14:04:05; WARNING; 0; EventMgr запущен
21.02.2016 14:06:14; WARNING; 0; EventMgr запущен
22.02.2016 07:45:34; WARNING; 0; EventMgr запущен
22.02.2016 21:57:32; WARNING; 0; EventMgr запущен
23.02.2016 16:22:56; WARNING; 0; EventMgr запущен
23.02.2016 22:13:35; WARNING; 0; EventMgr запущен
23.02.2016 22:15:20; WARNING; 0; EventMgr запущен
24.02.2016 11:16:59; WARNING; 0; EventMgr запущен
24.02.2016 11:35:19; WARNING; 0; EventMgr запущен
24.02.2016 14:34:19; WARNING; 0; EventMgr запущен
24.02.2016 14:35:20; INFO; 0; Fire Event Mitsubishi 90-JL-092  ALARM (Нажата кнопка тревоги )
24.02.2016 14:36:20; INFO; 0; Reset Event Mitsubishi 90-JL-092  ALARM (Нажата кнопка тревоги )
24.02.2016 14:36:44; INFO; 0; Fire Event Mitsubishi 90-JL-092  ALARM (Нажата кнопка тревоги )
24.02.2016 17:14:26; INFO; 0; Reset Event Mitsubishi 90-JL-092  ALARM (Нажата кнопка тревоги )
24.02.2016 17:26:37; INFO; 0; Fire Event Mitsubishi 90-JL-092  ALARM (Нажата кнопка тревоги )
24.02.2016 17:27:38; INFO; 0; Reset Event Mitsubishi 90-JL-092  ALARM (Нажата кнопка тревоги )
04.03.2016 10:28:30; WARNING; 0; EventMgr запущен
17.03.2016 21:34:54; WARNING; 0; EventMgr started
17.03.2016 23:06:29; WARNING; 0; EventMgr started
18.03.2016 06:54:42; WARNING; 0; EventMgr started
18.03.2016 07:15:35; WARNING; 0; EventMgr started
18.03.2016 07:25:01; WARNING; 0; EventMgr started
18.03.2016 07:46:40; WARNING; 0; EventMgr started
18.03.2016 09:40:07; WARNING; 0; EventMgr started
18.03.2016 10:25:31; WARNING; 0; EventMgr started
18.03.2016 12:06:24; WARNING; 0; EventMgr started
18.03.2016 12:10:18; WARNING; 0; EventMgr started
18.03.2016 12:15:01; WARNING; 0; EventMgr started
18.03.2016 12:15:07; WARNING; 0; EventMgr started
18.03.2016 12:20:04; WARNING; 0; EventMgr started
18.03.2016 12:25:12; WARNING; 0; EventMgr started
18.03.2016 12:33:07; WARNING; 0; EventMgr started
18.03.2016 12:58:56; WARNING; 0; EventMgr started
18.03.2016 13:05:57; WARNING; 0; EventMgr started
18.03.2016 13:16:50; WARNING; 0; EventMgr started
18.03.2016 13:33:39; WARNING; 0; EventMgr started
18.03.2016 13:44:01; WARNING; 0; EventMgr started
18.03.2016 13:50:36; WARNING; 0; EventMgr started
18.03.2016 13:55:25; WARNING; 0; EventMgr started
18.03.2016 13:58:36; WARNING; 0; EventMgr started
18.03.2016 14:05:33; WARNING; 0; EventMgr started
18.03.2016 14:16:00; WARNING; 0; EventMgr started
18.03.2016 14:27:16; WARNING; 0; EventMgr started
18.03.2016 14:43:29; WARNING; 0; EventMgr started
18.03.2016 15:52:11; WARNING; 0; EventMgr started
18.03.2016 16:36:39; WARNING; 0; EventMgr started
18.03.2016 16:40:14; WARNING; 0; EventMgr started
18.03.2016 16:55:45; WARNING; 0; EventMgr started
18.03.2016 17:00:17; WARNING; 0; EventMgr started
18.03.2016 17:02:28; WARNING; 0; EventMgr started
18.03.2016 17:04:09; WARNING; 0; EventMgr started
18.03.2016 17:05:25; WARNING; 0; EventMgr started
18.03.2016 17:26:03; WARNING; 0; EventMgr started
18.03.2016 17:31:30; WARNING; 0; EventMgr started
18.03.2016 18:35:13; WARNING; 0; EventMgr started
18.03.2016 18:46:49; WARNING; 0; EventMgr started
18.03.2016 19:43:39; WARNING; 0; EventMgr started
18.03.2016 19:52:27; WARNING; 0; EventMgr started
18.03.2016 19:58:00; WARNING; 0; EventMgr started
