07.11.2017 16:23:40; WARNING; 0; Client started
07.11.2017 16:23:40; WARNING; 0; GpsGate client started
07.11.2017 16:23:40; WARNING; 0; GpsGate Data Should Received
07.11.2017 16:23:42; INFO; 0; $FRCMD,358735070736763,_SendMessage,,2245.67085,N,7555.76019,E,0,0.539956803455724,266,071117,104542.000,1,Button1=0*2E
07.11.2017 16:23:42; INFO; 0; 1 point sent of 1.Times for query/session/delete:322.4903/-75.1486/75.1486
07.11.2017 16:23:42; INFO; 0; $FRCMD,358735070807192,_SendMessage,,2242.50977,N,7551.26724,E,0,13.4989200863931,42,071117,105336.000,1,Button1=1*1B
07.11.2017 16:23:42; INFO; 0; 1 point sent of 1.Times for query/session/delete:247.1613/-67.9044/67.9044
07.11.2017 16:23:43; INFO; 0; $FRCMD,358735070885487,_SendMessage,,2242.95483,N,7551.31851,E,0,7.55939524838013,23,071117,105336.000,1,Button1=0*15
07.11.2017 16:23:43; INFO; 0; 1 point sent of 1.Times for query/session/delete:236.451/-59.213/59.213
07.11.2017 16:23:43; INFO; 0; $FRCMD,351608080788750,_SendMessage,,2243.07442,N,7551.33408,E,0,4.31965442764579,304,071117,105328.000,1,Button1=1*67
07.11.2017 16:23:43; INFO; 0; 1 point sent of 1.Times for query/session/delete:249.0534/-68.2196/68.2196
07.11.2017 16:23:48; INFO; 0; $FRCMD,358735070736763,_SendMessage,,2245.67085,N,7555.76019,E,0,0.539956803455724,266,071117,104542.000,1,Button1=0*5B
07.11.2017 16:23:48; INFO; 0; 1 point sent of 1.Times for query/session/delete:246.3527/-63.881/63.881
07.11.2017 16:23:48; INFO; 0; $FRCMD,358735070807192,_SendMessage,,2242.50977,N,7551.26724,E,0,13.4989200863931,42,071117,105346.000,1,Button1=1*1B
07.11.2017 16:23:48; INFO; 0; 1 point sent of 1.Times for query/session/delete:249.6822/-65.3243/65.3243
07.11.2017 16:23:48; INFO; 0; $FRCMD,358735070885487,_SendMessage,,2242.96364,N,7551.32492,E,0,3.77969762419006,27,071117,105346.000,1,Button1=0*12
07.11.2017 16:23:48; INFO; 0; 1 point sent of 1.Times for query/session/delete:240.3181/-61.7002/61.7002
07.11.2017 16:23:49; INFO; 0; $FRCMD,351608080788750,_SendMessage,,2243.07442,N,7551.33408,E,0,4.31965442764579,304,071117,105328.000,1,Button1=1*64
07.11.2017 16:23:49; INFO; 0; 1 point sent of 1.Times for query/session/delete:243.2456/-59.2578/59.2578
07.11.2017 16:23:54; INFO; 0; $FRCMD,358735070736763,_SendMessage,,2245.67085,N,7555.76019,E,0,0.539956803455724,266,071117,104542.000,1,Button1=0*58
07.11.2017 16:23:54; INFO; 0; 1 point sent of 1.Times for query/session/delete:235.4577/-61.6234/61.6234
07.11.2017 16:23:54; INFO; 0; $FRCMD,358735070807192,_SendMessage,,2242.50977,N,7551.26724,E,0,13.4989200863931,42,071117,105351.000,1,Button1=1*61
07.11.2017 16:23:54; INFO; 0; 1 point sent of 1.Times for query/session/delete:262.5759/-62.952/62.952
07.11.2017 16:23:54; INFO; 0; $FRCMD,358735070885487,_SendMessage,,2242.97291,N,7551.32813,E,0,7.55939524838013,14,071117,105351.000,1,Button1=0*60
07.11.2017 16:23:54; INFO; 0; 1 point sent of 1.Times for query/session/delete:243.034/-61.582/61.582
07.11.2017 16:23:55; INFO; 0; $FRCMD,351608080788750,_SendMessage,,2243.07442,N,7551.33408,E,0,4.31965442764579,304,071117,105328.000,1,Button1=1*62
07.11.2017 16:23:55; INFO; 0; 1 point sent of 1.Times for query/session/delete:254.9955/-65.8123/65.8123
07.11.2017 16:24:00; INFO; 0; $FRCMD,358735070736763,_SendMessage,,2245.67085,N,7555.76019,E,0,0.539956803455724,266,071117,104542.000,1,Button1=0*5E
07.11.2017 16:24:00; INFO; 0; 1 point sent of 1.Times for query/session/delete:253.9406/-65.843/65.843
07.11.2017 16:24:00; INFO; 0; $FRCMD,358735070807192,_SendMessage,,2242.52338,N,7551.27411,E,0,5.39956803455723,30,071117,105356.000,1,Button1=1*1C
07.11.2017 16:24:00; INFO; 0; 1 point sent of 1.Times for query/session/delete:264.4301/-88.1758/88.1758
07.11.2017 16:24:00; INFO; 0; $FRCMD,358735070885487,_SendMessage,,2242.97291,N,7551.32813,E,0,7.55939524838013,14,071117,105356.000,1,Button1=0*16
07.11.2017 16:24:01; INFO; 0; 1 point sent of 1.Times for query/session/delete:262.0723/-68.1013/68.1013
07.11.2017 16:24:01; INFO; 0; $FRCMD,351608080788750,_SendMessage,,2243.07442,N,7551.33408,E,0,4.31965442764579,304,071117,105328.000,1,Button1=1*64
07.11.2017 16:24:01; INFO; 0; 1 point sent of 1.Times for query/session/delete:253.6098/-62.2822/62.2822
07.11.2017 16:24:50; WARNING; 0; Client started
07.11.2017 16:24:50; WARNING; 0; GpsGate client started
07.11.2017 16:24:50; WARNING; 0; GpsGate Data Should Received
07.11.2017 16:24:52; INFO; 0; $FRCMD,358735070736763,_SendMessage,,2245.67085,N,7555.76019,E,0,0.539956803455724,266,071117,104542.000,1,Button1=0*2E
07.11.2017 16:24:52; INFO; 0; 1 point sent of 1.Times for query/session/delete:440.4505/-78.9447/78.9447
07.11.2017 16:24:52; INFO; 0; $FRCMD,358735070807192,_SendMessage,,2242.66827,N,7551.32355,E,0,10.2591792656587,7,071117,105451.000,1,Button1=1*1B
07.11.2017 16:24:52; INFO; 0; 1 point sent of 1.Times for query/session/delete:245.9419/-64.9849/64.9849
07.11.2017 16:24:53; INFO; 0; $FRCMD,358735070885487,_SendMessage,,2243.03368,N,7551.33591,E,0,4.85961123110151,14,071117,105451.000,1,Button1=0*23
07.11.2017 16:24:53; INFO; 0; 1 point sent of 1.Times for query/session/delete:247.5274/-60.4758/60.4758
07.11.2017 16:24:53; INFO; 0; $FRCMD,351608080788750,_SendMessage,,2243.12248,N,7551.32996,E,0,8.09935205183585,107,071117,105422.000,1,Button1=1*6B
07.11.2017 16:24:53; INFO; 0; 1 point sent of 1.Times for query/session/delete:249.9433/-60.9284/60.9284
07.11.2017 19:53:27; WARNING; 0; Client started
07.11.2017 19:53:27; WARNING; 0; GpsGate client started
07.11.2017 19:53:27; WARNING; 0; GpsGate Data Should Received
07.11.2017 19:53:29; INFO; 0; $FRCMD,358735070736763,_SendMessage,,2245.20039,N,7554.63272,E,0,14.5788336933045,100,071117,142327.000,1,Button1=1*17
07.11.2017 19:53:29; INFO; 0; 1 point sent of 1.Times for query/session/delete:412.0391/-131.7765/131.7765
07.11.2017 19:53:29; INFO; 0; $FRCMD,358735070807192,_SendMessage,,2244.26437,N,7554.08020,E,0,0,269,071117,142329.570,1,Button1=0*53
07.11.2017 19:53:29; INFO; 0; 1 point sent of 1.Times for query/session/delete:317.8879/-97.3545/97.3545
07.11.2017 19:53:29; INFO; 0; $FRCMD,358735070885487,_SendMessage,,2243.98296,N,7551.91635,E,0,12.4190064794816,49,071117,142325.000,1,Button1=1*75
07.11.2017 19:53:29; INFO; 0; 1 point sent of 1.Times for query/session/delete:306.0886/-94.5267/94.5267
07.11.2017 19:53:30; INFO; 0; $FRCMD,351608080788750,_SendMessage,,2244.98123,N,7553.60458,E,0,0,343,071117,142330.224,1,Button1=0*6B
07.11.2017 19:53:30; INFO; 0; 1 point sent of 1.Times for query/session/delete:321.0736/-102.2549/102.2549
07.11.2017 19:53:34; INFO; 0; $FRCMD,358735070736763,_SendMessage,,2245.19798,N,7554.65561,E,0,14.0388768898488,94,071117,142332.000,1,Button1=1*0E
07.11.2017 19:53:34; INFO; 0; 1 point sent of 1.Times for query/session/delete:316.2956/-103.2306/103.2306
07.11.2017 19:53:35; INFO; 0; $FRCMD,358735070807192,_SendMessage,,2244.26437,N,7554.08020,E,0,0,269,071117,142335.243,1,Button1=0*16
07.11.2017 19:53:35; INFO; 0; 1 point sent of 1.Times for query/session/delete:320.472/-100.182/100.182
07.11.2017 19:53:35; INFO; 0; $FRCMD,358735070885487,_SendMessage,,2243.99338,N,7551.93420,E,0,12.9589632829374,59,071117,142330.000,1,Button1=1*7E
07.11.2017 19:53:35; INFO; 0; 1 point sent of 1.Times for query/session/delete:320.8828/-100.5472/100.5472
07.11.2017 19:53:36; INFO; 0; $FRCMD,351608080788750,_SendMessage,,2244.98123,N,7553.60458,E,0,0,343,071117,142336.230,1,Button1=0*1C
07.11.2017 19:53:36; INFO; 0; 1 point sent of 1.Times for query/session/delete:318.0551/-97.9992/97.9992
07.11.2017 19:53:40; INFO; 0; $FRCMD,358735070736763,_SendMessage,,2245.19604,N,7554.67529,E,0,11.8790496760259,97,071117,142337.000,1,Button1=1*0B
07.11.2017 19:53:40; INFO; 0; 1 point sent of 1.Times for query/session/delete:307.9238/-97.1277/97.1277
07.11.2017 19:53:41; INFO; 0; $FRCMD,358735070807192,_SendMessage,,2244.26437,N,7554.08020,E,0,0,269,071117,142341.265,1,Button1=0*1D
07.11.2017 19:53:41; INFO; 0; 1 point sent of 1.Times for query/session/delete:319.5919/-95.41/95.41
07.11.2017 19:53:41; INFO; 0; $FRCMD,358735070885487,_SendMessage,,2244.00391,N,7551.95251,E,0,14.5788336933045,59,071117,142335.000,1,Button1=1*0B
07.11.2017 19:53:41; INFO; 0; 1 point sent of 1.Times for query/session/delete:306.7313/-98.6673/98.6673
07.11.2017 20:11:21; WARNING; 0; Client started
07.11.2017 20:11:21; WARNING; 0; GpsGate client started
07.11.2017 20:11:21; WARNING; 0; GpsGate Data Should Received
07.11.2017 20:11:23; INFO; 0; $FRCMD,358735070736763,_SendMessage,,2245.61283,N,7555.32578,E,0,10.7991360691145,180,071117,144121.000,1,Button1=1,Button2=0,*1F
07.11.2017 20:11:23; INFO; 0; 1 point sent of 1.Times for query/session/delete:543.5242/-106.6093/106.6093
07.11.2017 20:11:23; INFO; 0; $FRCMD,358735070807192,_SendMessage,,2244.26437,N,7554.08020,E,0,0,269,071117,144123.808,1,Button1=0,Button2=0,*2A
07.11.2017 20:11:23; INFO; 0; 1 point sent of 1.Times for query/session/delete:319.8356/-96.8552/96.8552
07.11.2017 20:11:24; INFO; 0; $FRCMD,358735070885487,_SendMessage,,2245.29812,N,7552.73666,E,0,12.4190064794816,128,071117,144120.000,1,Button1=1,Button2=0,*05
07.11.2017 20:11:24; INFO; 0; 1 point sent of 1.Times for query/session/delete:309.8348/-96.0056/96.0056
07.11.2017 20:11:24; INFO; 0; $FRCMD,351608080788750,_SendMessage,,2244.97173,N,7553.60138,E,0,0.539956803455724,0,071117,143429.000,1,Button1=0,Button2=0,*51
07.11.2017 20:11:24; INFO; 0; 1 point sent of 1.Times for query/session/delete:327.4198/-109.0792/109.0792
